#
# There is insufficient memory for the Java Runtime Environment to continue.
# Native memory allocation (malloc) failed to allocate 893216 bytes for Chunk::new
# Possible reasons:
#   The system is out of physical RAM or swap space
#   The process is running with CompressedOops enabled, and the Java Heap may be blocking the growth of the native heap
# Possible solutions:
#   Reduce memory load on the system
#   Increase physical memory or swap space
#   Check if swap backing store is full
#   Decrease Java heap size (-Xmx/-Xms)
#   Decrease number of Java threads
#   Decrease Java thread stack sizes (-Xss)
#   Set larger code cache with -XX:ReservedCodeCacheSize=
#   JVM is running with Unscaled Compressed Oops mode in which the Java heap is
#     placed in the first 4GB address space. The Java Heap base address is the
#     maximum limit for the native heap growth. Please use -XX:HeapBaseMinAddress
#     to set the Java Heap base and to place the Java Heap above 4GB virtual address.
# This output file may be truncated or incomplete.
#
#  Out of Memory Error (./src/hotspot/share/memory/arena.cpp:197), pid=3584, tid=6456
#
# JRE version: OpenJDK Runtime Environment (11.0.10) (build 11.0.10+0-b96-7249189)
# Java VM: OpenJDK 64-Bit Server VM (11.0.10+0-b96-7249189, mixed mode, tiered, compressed oops, g1 gc, windows-amd64)
# No core dump will be written. Minidumps are not enabled by default on client versions of Windows
#

---------------  S U M M A R Y ------------

Command Line: --add-opens=java.base/java.util=ALL-UNNAMED --add-opens=java.base/java.lang=ALL-UNNAMED --add-opens=java.base/java.lang.invoke=ALL-UNNAMED --add-opens=java.base/java.util=ALL-UNNAMED --add-opens=java.prefs/java.util.prefs=ALL-UNNAMED --add-opens=java.prefs/java.util.prefs=ALL-UNNAMED --add-opens=java.base/java.nio.charset=ALL-UNNAMED --add-opens=java.base/java.net=ALL-UNNAMED --add-opens=java.base/java.util.concurrent.atomic=ALL-UNNAMED -Xmx2048m -Dfile.encoding=UTF-8 -Duser.country=CN -Duser.language=zh -Duser.variant org.gradle.launcher.daemon.bootstrap.GradleDaemon 7.0.2

Host: 11th Gen Intel(R) Core(TM) i5-11320H @ 3.20GHz, 8 cores, 15G,  Windows 10 , 64 bit Build 19041 (10.0.19041.1503)
Time: Thu Mar 24 23:33:59 2022 中国标准时间 elapsed time: 11.205709 seconds (0d 0h 0m 11s)

---------------  T H R E A D  ---------------

Current thread (0x000001b7fbb46800):  JavaThread "C2 CompilerThread0" daemon [_thread_in_native, id=6456, stack(0x0000002b5d100000,0x0000002b5d200000)]


Current CompileTask:
C2:  11205 14155       4       com.android.tools.r8.graph.a0::a (66 bytes)

Stack: [0x0000002b5d100000,0x0000002b5d200000]
Native frames: (J=compiled Java code, j=interpreted, Vv=VM code, C=native code)
V  [jvm.dll+0x5ecfaa]
V  [jvm.dll+0x722bd5]
V  [jvm.dll+0x72412d]
V  [jvm.dll+0x7247e3]
V  [jvm.dll+0x242928]
V  [jvm.dll+0xbc4fc]
V  [jvm.dll+0xbca0c]
V  [jvm.dll+0x2b4fd4]
V  [jvm.dll+0x506028]
V  [jvm.dll+0x203253]
V  [jvm.dll+0x1fd07c]
V  [jvm.dll+0x1fa77f]
V  [jvm.dll+0x18354c]
V  [jvm.dll+0x208ee7]
V  [jvm.dll+0x207731]
V  [jvm.dll+0x6eb1cf]
V  [jvm.dll+0x6e3d45]
V  [jvm.dll+0x5ebe96]
C  [ucrtbase.dll+0x21bb2]
C  [KERNEL32.DLL+0x17034]
C  [ntdll.dll+0x52651]


---------------  P R O C E S S  ---------------

Threads class SMR info:
_java_thread_list=0x000001b79249cef0, length=80, elements={
0x000001b7eddbe000, 0x000001b7fbac3000, 0x000001b7fbace800, 0x000001b7fbb3e800,
0x000001b7fbb42800, 0x000001b7fbb45800, 0x000001b7fbb46800, 0x000001b7fbb49800,
0x000001b7fbb4e000, 0x000001b7fbcc7800, 0x000001b7fe0e8800, 0x000001b7fd5bb000,
0x000001b7fccd7000, 0x000001b7fe1b1800, 0x000001b7fe06c800, 0x000001b7fe6a2000,
0x000001b7fd4f4800, 0x000001b7fd4f5000, 0x000001b7fdcfd000, 0x000001b7fe325800,
0x000001b7fe326800, 0x000001b7fe327000, 0x000001b7fe328000, 0x000001b7fe324000,
0x000001b7fe328800, 0x000001b7fe324800, 0x000001b7fe323000, 0x000001b7fe329800,
0x000001b7ff13b800, 0x000001b7ff13c000, 0x000001b7ff13a800, 0x000001b7ff13d000,
0x000001b7ff139800, 0x000001b7ff142000, 0x000001b7ff142800, 0x000001b7ff145000,
0x000001b7ff13f800, 0x000001b7ff147800, 0x000001b7ff146000, 0x000001b7ff147000,
0x000001b7ff148800, 0x000001b7ff143800, 0x000001b7ff144800, 0x000001b7ff078000,
0x000001b7ff079800, 0x000001b7ff07a800, 0x000001b7ff07b000, 0x000001b7ff076800,
0x000001b7ff079000, 0x000001b7ff075800, 0x000001b7ff07d000, 0x000001b7ff077000,
0x000001b7ff081000, 0x000001b7ff083800, 0x000001b7ff080000, 0x000001b7ff081800,
0x000001b7ff07d800, 0x000001b7ff084000, 0x000001b7ff082800, 0x000001b7ff07e800,
0x000001b7ff07f800, 0x000001b7ff90f800, 0x000001b7ff913800, 0x000001b7ff916000,
0x000001b7ff911800, 0x000001b7ff914000, 0x000001b7ff912800, 0x000001b7ff910000,
0x000001b7ff911000, 0x000001b78fc79000, 0x000001b78fc7a000, 0x000001b78fc7c800,
0x000001b78fc78800, 0x000001b78fc7b000, 0x000001b78fc7b800, 0x000001b78fc7d000,
0x000001b78fc7e000, 0x000001b78fc7f000, 0x000001b793540000, 0x000001b793544000
}

Java Threads: ( => current thread )
  0x000001b7eddbe000 JavaThread "main" [_thread_blocked, id=18052, stack(0x0000002b5c500000,0x0000002b5c600000)]
  0x000001b7fbac3000 JavaThread "Reference Handler" daemon [_thread_blocked, id=16416, stack(0x0000002b5cc00000,0x0000002b5cd00000)]
  0x000001b7fbace800 JavaThread "Finalizer" daemon [_thread_blocked, id=12692, stack(0x0000002b5cd00000,0x0000002b5ce00000)]
  0x000001b7fbb3e800 JavaThread "Signal Dispatcher" daemon [_thread_blocked, id=17548, stack(0x0000002b5ce00000,0x0000002b5cf00000)]
  0x000001b7fbb42800 JavaThread "Attach Listener" daemon [_thread_blocked, id=4076, stack(0x0000002b5cf00000,0x0000002b5d000000)]
  0x000001b7fbb45800 JavaThread "Service Thread" daemon [_thread_blocked, id=18228, stack(0x0000002b5d000000,0x0000002b5d100000)]
=>0x000001b7fbb46800 JavaThread "C2 CompilerThread0" daemon [_thread_in_native, id=6456, stack(0x0000002b5d100000,0x0000002b5d200000)]
  0x000001b7fbb49800 JavaThread "C1 CompilerThread0" daemon [_thread_blocked, id=8156, stack(0x0000002b5d200000,0x0000002b5d300000)]
  0x000001b7fbb4e000 JavaThread "Sweeper thread" daemon [_thread_blocked, id=8556, stack(0x0000002b5d300000,0x0000002b5d400000)]
  0x000001b7fbcc7800 JavaThread "Common-Cleaner" daemon [_thread_blocked, id=4080, stack(0x0000002b5d400000,0x0000002b5d500000)]
  0x000001b7fe0e8800 JavaThread "Daemon health stats" [_thread_blocked, id=19312, stack(0x0000002b5dd00000,0x0000002b5de00000)]
  0x000001b7fd5bb000 JavaThread "Incoming local TCP Connector on port 50009" [_thread_in_native, id=4792, stack(0x0000002b5de00000,0x0000002b5df00000)]
  0x000001b7fccd7000 JavaThread "Daemon periodic checks" [_thread_blocked, id=14608, stack(0x0000002b5df00000,0x0000002b5e000000)]
  0x000001b7fe1b1800 JavaThread "Daemon" [_thread_blocked, id=2332, stack(0x0000002b5e000000,0x0000002b5e100000)]
  0x000001b7fe06c800 JavaThread "Handler for socket connection from /127.0.0.1:50009 to /127.0.0.1:50010" [_thread_in_native, id=18516, stack(0x0000002b5e100000,0x0000002b5e200000)]
  0x000001b7fe6a2000 JavaThread "Cancel handler" [_thread_blocked, id=15308, stack(0x0000002b5e200000,0x0000002b5e300000)]
  0x000001b7fd4f4800 JavaThread "Daemon worker" [_thread_blocked, id=1880, stack(0x0000002b5e300000,0x0000002b5e400000)]
  0x000001b7fd4f5000 JavaThread "Asynchronous log dispatcher for DefaultDaemonConnection: socket connection from /127.0.0.1:50009 to /127.0.0.1:50010" [_thread_blocked, id=14140, stack(0x0000002b5e400000,0x0000002b5e500000)]
  0x000001b7fdcfd000 JavaThread "Stdin handler" [_thread_blocked, id=14708, stack(0x0000002b5e500000,0x0000002b5e600000)]
  0x000001b7fe325800 JavaThread "Daemon client event forwarder" [_thread_blocked, id=1688, stack(0x0000002b5e600000,0x0000002b5e700000)]
  0x000001b7fe326800 JavaThread "Cache worker for file hash cache (C:\Users\z'z\.gradle\caches\7.0.2\fileHashes)" [_thread_blocked, id=17296, stack(0x0000002b5e700000,0x0000002b5e800000)]
  0x000001b7fe327000 JavaThread "File lock request listener" [_thread_in_native, id=3528, stack(0x0000002b5e800000,0x0000002b5e900000)]
  0x000001b7fe328000 JavaThread "Cache worker for journal cache (C:\Users\z'z\.gradle\caches\journal-1)" [_thread_blocked, id=14388, stack(0x0000002b5ec00000,0x0000002b5ed00000)]
  0x000001b7fe324000 JavaThread "Cache worker for file hash cache (D:\AsProject\TabLayoutViewPagerFragment\.gradle\7.0.2\fileHashes)" [_thread_blocked, id=15892, stack(0x0000002b5ed00000,0x0000002b5ee00000)]
  0x000001b7fe328800 JavaThread "File watcher server" daemon [_thread_in_native, id=7436, stack(0x0000002b5ee00000,0x0000002b5ef00000)]
  0x000001b7fe324800 JavaThread "File watcher consumer" daemon [_thread_blocked, id=8276, stack(0x0000002b5ef00000,0x0000002b5f000000)]
  0x000001b7fe323000 JavaThread "Cache worker for checksums cache (D:\AsProject\TabLayoutViewPagerFragment\.gradle\checksums)" [_thread_blocked, id=7248, stack(0x0000002b5f000000,0x0000002b5f100000)]
  0x000001b7fe329800 JavaThread "Cache worker for cache directory md-supplier (C:\Users\z'z\.gradle\caches\7.0.2\md-supplier)" [_thread_blocked, id=15972, stack(0x0000002b5f100000,0x0000002b5f200000)]
  0x000001b7ff13b800 JavaThread "Cache worker for cache directory md-rule (C:\Users\z'z\.gradle\caches\7.0.2\md-rule)" [_thread_blocked, id=10724, stack(0x0000002b5f200000,0x0000002b5f300000)]
  0x000001b7ff13c000 JavaThread "Cache worker for execution history cache (C:\Users\z'z\.gradle\caches\7.0.2\executionHistory)" [_thread_blocked, id=16596, stack(0x0000002b5f300000,0x0000002b5f400000)]
  0x000001b7ff13a800 JavaThread "jar transforms" [_thread_blocked, id=15700, stack(0x0000002b5f400000,0x0000002b5f500000)]
  0x000001b7ff13d000 JavaThread "jar transforms Thread 2" [_thread_blocked, id=17708, stack(0x0000002b5f500000,0x0000002b5f600000)]
  0x000001b7ff139800 JavaThread "Cache worker for file content cache (C:\Users\z'z\.gradle\caches\7.0.2\fileContent)" [_thread_blocked, id=17940, stack(0x0000002b5f600000,0x0000002b5f700000)]
  0x000001b7ff142000 JavaThread "Cache worker for dependencies-accessors (D:\AsProject\TabLayoutViewPagerFragment\.gradle\7.0.2\dependencies-accessors)" [_thread_blocked, id=8336, stack(0x0000002b5f700000,0x0000002b5f800000)]
  0x000001b7ff142800 JavaThread "jar transforms Thread 3" [_thread_blocked, id=15028, stack(0x0000002b5f800000,0x0000002b5f900000)]
  0x000001b7ff145000 JavaThread "Cache worker for Build Output Cleanup Cache (D:\AsProject\TabLayoutViewPagerFragment\.gradle\buildOutputCleanup)" [_thread_blocked, id=5580, stack(0x0000002b5f900000,0x0000002b5fa00000)]
  0x000001b7ff13f800 JavaThread "Build operations" [_thread_blocked, id=10228, stack(0x0000002b5fa00000,0x0000002b5fb00000)]
  0x000001b7ff147800 JavaThread "Build operations Thread 2" [_thread_blocked, id=14316, stack(0x0000002b5fb00000,0x0000002b5fc00000)]
  0x000001b7ff146000 JavaThread "Build operations Thread 3" [_thread_blocked, id=3172, stack(0x0000002b5fc00000,0x0000002b5fd00000)]
  0x000001b7ff147000 JavaThread "Build operations Thread 4" [_thread_blocked, id=9488, stack(0x0000002b5fd00000,0x0000002b5fe00000)]
  0x000001b7ff148800 JavaThread "Build operations Thread 5" [_thread_blocked, id=4256, stack(0x0000002b5fe00000,0x0000002b5ff00000)]
  0x000001b7ff143800 JavaThread "Build operations Thread 6" [_thread_blocked, id=12664, stack(0x0000002b5ff00000,0x0000002b60000000)]
  0x000001b7ff144800 JavaThread "Build operations Thread 7" [_thread_blocked, id=13060, stack(0x0000002b60000000,0x0000002b60100000)]
  0x000001b7ff078000 JavaThread "Build operations Thread 8" [_thread_blocked, id=15316, stack(0x0000002b60100000,0x0000002b60200000)]
  0x000001b7ff079800 JavaThread "jar transforms Thread 4" [_thread_blocked, id=13112, stack(0x0000002b60200000,0x0000002b60300000)]
  0x000001b7ff07a800 JavaThread "jar transforms Thread 5" [_thread_blocked, id=10272, stack(0x0000002b60300000,0x0000002b60400000)]
  0x000001b7ff07b000 JavaThread "jar transforms Thread 6" [_thread_blocked, id=18020, stack(0x0000002b60400000,0x0000002b60500000)]
  0x000001b7ff076800 JavaThread "jar transforms Thread 7" [_thread_blocked, id=16632, stack(0x0000002b60500000,0x0000002b60600000)]
  0x000001b7ff079000 JavaThread "jar transforms Thread 8" [_thread_blocked, id=11168, stack(0x0000002b60600000,0x0000002b60700000)]
  0x000001b7ff075800 JavaThread "Memory manager" [_thread_blocked, id=19324, stack(0x0000002b60700000,0x0000002b60800000)]
  0x000001b7ff07d000 JavaThread "build event listener" [_thread_blocked, id=6696, stack(0x0000002b60a00000,0x0000002b60b00000)]
  0x000001b7ff077000 JavaThread "Execution worker for ':'" [_thread_blocked, id=2760, stack(0x0000002b60b00000,0x0000002b60c00000)]
  0x000001b7ff081000 JavaThread "Execution worker for ':' Thread 2" [_thread_blocked, id=5340, stack(0x0000002b60c00000,0x0000002b60d00000)]
  0x000001b7ff083800 JavaThread "Execution worker for ':' Thread 3" [_thread_blocked, id=12748, stack(0x0000002b60d00000,0x0000002b60e00000)]
  0x000001b7ff080000 JavaThread "Execution worker for ':' Thread 4" [_thread_blocked, id=5296, stack(0x0000002b60e00000,0x0000002b60f00000)]
  0x000001b7ff081800 JavaThread "Execution worker for ':' Thread 5" [_thread_blocked, id=10016, stack(0x0000002b60f00000,0x0000002b61000000)]
  0x000001b7ff07d800 JavaThread "Execution worker for ':' Thread 6" [_thread_blocked, id=16136, stack(0x0000002b61000000,0x0000002b61100000)]
  0x000001b7ff084000 JavaThread "Execution worker for ':' Thread 7" [_thread_blocked, id=1604, stack(0x0000002b61100000,0x0000002b61200000)]
  0x000001b7ff082800 JavaThread "Cache worker for execution history cache (D:\AsProject\TabLayoutViewPagerFragment\.gradle\7.0.2\executionHistory)" [_thread_blocked, id=8168, stack(0x0000002b61200000,0x0000002b61300000)]
  0x000001b7ff07e800 JavaThread "WorkerExecutor Queue" [_thread_blocked, id=7788, stack(0x0000002b61300000,0x0000002b61400000)]
  0x000001b7ff07f800 JavaThread "WorkerExecutor Queue Thread 2" [_thread_blocked, id=15200, stack(0x0000002b61600000,0x0000002b61700000)]
  0x000001b7ff90f800 JavaThread "WorkerExecutor Queue Thread 3" [_thread_blocked, id=16520, stack(0x0000002b61700000,0x0000002b61800000)]
  0x000001b7ff913800 JavaThread "WorkerExecutor Queue Thread 4" [_thread_blocked, id=11056, stack(0x0000002b61800000,0x0000002b61900000)]
  0x000001b7ff916000 JavaThread "WorkerExecutor Queue Thread 5" [_thread_in_Java, id=18392, stack(0x0000002b61900000,0x0000002b61a00000)]
  0x000001b7ff911800 JavaThread "WorkerExecutor Queue Thread 6" [_thread_blocked, id=6948, stack(0x0000002b61a00000,0x0000002b61b00000)]
  0x000001b7ff914000 JavaThread "WorkerExecutor Queue Thread 7" [_thread_blocked, id=16736, stack(0x0000002b61b00000,0x0000002b61c00000)]
  0x000001b7ff912800 JavaThread "WorkerExecutor Queue Thread 8" [_thread_blocked, id=17000, stack(0x0000002b61c00000,0x0000002b61d00000)]
  0x000001b7ff910000 JavaThread "C2 CompilerThread1" daemon [_thread_in_native, id=12344, stack(0x0000002b5d600000,0x0000002b5d700000)]
  0x000001b7ff911000 JavaThread "C2 CompilerThread2" daemon [_thread_in_native, id=15632, stack(0x0000002b5d700000,0x0000002b5d800000)]
  0x000001b78fc79000 JavaThread "ForkJoinPool-1-worker-3" daemon [_thread_blocked, id=15920, stack(0x0000002b61d00000,0x0000002b61e00000)]
  0x000001b78fc7a000 JavaThread "ForkJoinPool-1-worker-5" daemon [_thread_blocked, id=8412, stack(0x0000002b61e00000,0x0000002b61f00000)]
  0x000001b78fc7c800 JavaThread "ForkJoinPool-1-worker-7" daemon [_thread_blocked, id=15660, stack(0x0000002b61f00000,0x0000002b62000000)]
  0x000001b78fc78800 JavaThread "ForkJoinPool-1-worker-9" daemon [_thread_blocked, id=1756, stack(0x0000002b62000000,0x0000002b62100000)]
  0x000001b78fc7b000 JavaThread "ForkJoinPool-1-worker-11" daemon [_thread_blocked, id=9476, stack(0x0000002b62100000,0x0000002b62200000)]
  0x000001b78fc7b800 JavaThread "ForkJoinPool-1-worker-13" daemon [_thread_blocked, id=6272, stack(0x0000002b62200000,0x0000002b62300000)]
  0x000001b78fc7d000 JavaThread "ForkJoinPool-1-worker-15" daemon [_thread_blocked, id=13256, stack(0x0000002b62300000,0x0000002b62400000)]
  0x000001b78fc7e000 JavaThread "ForkJoinPool-1-worker-1" daemon [_thread_blocked, id=1208, stack(0x0000002b62400000,0x0000002b62500000)]
  0x000001b78fc7f000 JavaThread "pool-3-thread-1" [_thread_blocked, id=15144, stack(0x0000002b62500000,0x0000002b62600000)]
  0x000001b793540000 JavaThread "stderr" [_thread_in_native, id=2552, stack(0x0000002b62600000,0x0000002b62700000)]
  0x000001b793544000 JavaThread "stdout" [_thread_in_native, id=15296, stack(0x0000002b62700000,0x0000002b62800000)]

Other Threads:
  0x000001b7fbabf000 VMThread "VM Thread" [stack: 0x0000002b5cb00000,0x0000002b5cc00000] [id=14540]
  0x000001b7fbcd8800 WatcherThread [stack: 0x0000002b5d500000,0x0000002b5d600000] [id=14884]
  0x000001b7efdf2800 GCTaskThread "GC Thread#0" [stack: 0x0000002b5c600000,0x0000002b5c700000] [id=3888]
  0x000001b7fc006800 GCTaskThread "GC Thread#1" [stack: 0x0000002b5d800000,0x0000002b5d900000] [id=1408]
  0x000001b7fc2c8000 GCTaskThread "GC Thread#2" [stack: 0x0000002b5d900000,0x0000002b5da00000] [id=12616]
  0x000001b7fc6ee000 GCTaskThread "GC Thread#3" [stack: 0x0000002b5da00000,0x0000002b5db00000] [id=12360]
  0x000001b7fc722800 GCTaskThread "GC Thread#4" [stack: 0x0000002b5db00000,0x0000002b5dc00000] [id=12808]
  0x000001b7fc853000 GCTaskThread "GC Thread#5" [stack: 0x0000002b5dc00000,0x0000002b5dd00000] [id=15712]
  0x000001b7fe20e800 GCTaskThread "GC Thread#6" [stack: 0x0000002b5e900000,0x0000002b5ea00000] [id=3136]
  0x000001b7fe20f800 GCTaskThread "GC Thread#7" [stack: 0x0000002b5ea00000,0x0000002b5eb00000] [id=9836]
  0x000001b7efe23800 ConcurrentGCThread "G1 Main Marker" [stack: 0x0000002b5c700000,0x0000002b5c800000] [id=13768]
  0x000001b7efe25000 ConcurrentGCThread "G1 Conc#0" [stack: 0x0000002b5c800000,0x0000002b5c900000] [id=13360]
  0x000001b7fc99b800 ConcurrentGCThread "G1 Conc#1" [stack: 0x0000002b5eb00000,0x0000002b5ec00000] [id=14152]
  0x000001b7efebe000 ConcurrentGCThread "G1 Refine#0" [stack: 0x0000002b5c900000,0x0000002b5ca00000] [id=9136]
  0x000001b79000c000 ConcurrentGCThread "G1 Refine#1" [stack: 0x0000002b60800000,0x0000002b60900000] [id=7904]
  0x000001b79000c800 ConcurrentGCThread "G1 Refine#2" [stack: 0x0000002b60900000,0x0000002b60a00000] [id=5416]
  0x000001b790010000 ConcurrentGCThread "G1 Refine#3" [stack: 0x0000002b61400000,0x0000002b61500000] [id=7044]
  0x000001b790011000 ConcurrentGCThread "G1 Refine#4" [stack: 0x0000002b61500000,0x0000002b61600000] [id=19388]
  0x000001b792673800 ConcurrentGCThread "G1 Refine#5" [stack: 0x0000002b62800000,0x0000002b62900000] [id=14904]
  0x000001b792672000 ConcurrentGCThread "G1 Refine#6" [stack: 0x0000002b62900000,0x0000002b62a00000] [id=668]
  0x000001b7fb106800 ConcurrentGCThread "G1 Young RemSet Sampling" [stack: 0x0000002b5ca00000,0x0000002b5cb00000] [id=14172]

Threads with active compile tasks:
C2 CompilerThread0  11220 14155       4       com.android.tools.r8.graph.a0::a (66 bytes)
C2 CompilerThread1  11220 14142       4       com.android.tools.r8.graph.E::a (275 bytes)
C2 CompilerThread2  11220 13971       4       com.android.tools.r8.graph.Z$$Lambda$1260/0x0000000100d49440::accept (16 bytes)

VM state:not at safepoint (normal execution)

VM Mutex/Monitor currently owned by a thread: None

Heap address: 0x0000000080000000, size: 2048 MB, Compressed Oops mode: 32-bit
Narrow klass base: 0x0000000000000000, Narrow klass shift: 3
Compressed class space size: 1073741824 Address: 0x0000000100000000

Heap:
 garbage-first heap   total 260096K, used 149047K [0x0000000080000000, 0x0000000100000000)
  region size 1024K, 18 young (18432K), 4 survivors (4096K)
 Metaspace       used 100599K, capacity 102992K, committed 103680K, reserved 1138688K
  class space    used 12904K, capacity 13802K, committed 14080K, reserved 1048576K
Heap Regions: E=young(eden), S=young(survivor), O=old, HS=humongous(starts), HC=humongous(continues), CS=collection set, F=free, A=archive, TAMS=top-at-mark-start (previous, next)
|   0|0x0000000080000000, 0x0000000080100000, 0x0000000080100000|100%| O|  |TAMS 0x0000000080100000, 0x0000000080000000| Updating 
|   1|0x0000000080100000, 0x0000000080200000, 0x0000000080200000|100%| O|  |TAMS 0x0000000080200000, 0x0000000080100000| Updating 
|   2|0x0000000080200000, 0x0000000080300000, 0x0000000080300000|100%| O|  |TAMS 0x0000000080300000, 0x0000000080200000| Updating 
|   3|0x0000000080300000, 0x0000000080400000, 0x0000000080400000|100%|HS|  |TAMS 0x0000000080400000, 0x0000000080300000| Complete 
|   4|0x0000000080400000, 0x0000000080500000, 0x0000000080500000|100%|HC|  |TAMS 0x0000000080500000, 0x0000000080400000| Complete 
|   5|0x0000000080500000, 0x0000000080600000, 0x0000000080600000|100%|HC|  |TAMS 0x0000000080600000, 0x0000000080500000| Complete 
|   6|0x0000000080600000, 0x0000000080700000, 0x0000000080700000|100%| O|  |TAMS 0x0000000080700000, 0x0000000080600000| Updating 
|   7|0x0000000080700000, 0x0000000080800000, 0x0000000080800000|100%| O|  |TAMS 0x0000000080800000, 0x0000000080700000| Updating 
|   8|0x0000000080800000, 0x0000000080900000, 0x0000000080900000|100%| O|  |TAMS 0x0000000080900000, 0x0000000080800000| Updating 
|   9|0x0000000080900000, 0x0000000080a00000, 0x0000000080a00000|100%| O|  |TAMS 0x0000000080a00000, 0x0000000080900000| Updating 
|  10|0x0000000080a00000, 0x0000000080b00000, 0x0000000080b00000|100%| O|  |TAMS 0x0000000080b00000, 0x0000000080a00000| Updating 
|  11|0x0000000080b00000, 0x0000000080c00000, 0x0000000080c00000|100%| O|  |TAMS 0x0000000080c00000, 0x0000000080b00000| Updating 
|  12|0x0000000080c00000, 0x0000000080d00000, 0x0000000080d00000|100%| O|  |TAMS 0x0000000080d00000, 0x0000000080c00000| Updating 
|  13|0x0000000080d00000, 0x0000000080e00000, 0x0000000080e00000|100%| O|  |TAMS 0x0000000080e00000, 0x0000000080d00000| Updating 
|  14|0x0000000080e00000, 0x0000000080f00000, 0x0000000080f00000|100%| O|  |TAMS 0x0000000080f00000, 0x0000000080e00000| Updating 
|  15|0x0000000080f00000, 0x0000000081000000, 0x0000000081000000|100%| O|  |TAMS 0x0000000081000000, 0x0000000080f00000| Updating 
|  16|0x0000000081000000, 0x0000000081100000, 0x0000000081100000|100%|HS|  |TAMS 0x0000000081100000, 0x0000000081000000| Complete 
|  17|0x0000000081100000, 0x0000000081200000, 0x0000000081200000|100%|HS|  |TAMS 0x0000000081200000, 0x0000000081100000| Complete 
|  18|0x0000000081200000, 0x0000000081300000, 0x0000000081300000|100%|HS|  |TAMS 0x0000000081300000, 0x0000000081200000| Complete 
|  19|0x0000000081300000, 0x0000000081400000, 0x0000000081400000|100%|HC|  |TAMS 0x0000000081400000, 0x0000000081300000| Complete 
|  20|0x0000000081400000, 0x0000000081500000, 0x0000000081500000|100%| O|  |TAMS 0x0000000081500000, 0x0000000081400000| Updating 
|  21|0x0000000081500000, 0x0000000081600000, 0x0000000081600000|100%| O|  |TAMS 0x0000000081600000, 0x0000000081500000| Updating 
|  22|0x0000000081600000, 0x0000000081700000, 0x0000000081700000|100%| O|  |TAMS 0x0000000081700000, 0x0000000081600000| Updating 
|  23|0x0000000081700000, 0x0000000081800000, 0x0000000081800000|100%| O|  |TAMS 0x0000000081800000, 0x0000000081700000| Updating 
|  24|0x0000000081800000, 0x0000000081900000, 0x0000000081900000|100%| O|  |TAMS 0x0000000081900000, 0x0000000081800000| Updating 
|  25|0x0000000081900000, 0x0000000081a00000, 0x0000000081a00000|100%| O|  |TAMS 0x0000000081a00000, 0x0000000081900000| Updating 
|  26|0x0000000081a00000, 0x0000000081b00000, 0x0000000081b00000|100%| O|  |TAMS 0x0000000081b00000, 0x0000000081a00000| Updating 
|  27|0x0000000081b00000, 0x0000000081c00000, 0x0000000081c00000|100%| O|  |TAMS 0x0000000081c00000, 0x0000000081b00000| Updating 
|  28|0x0000000081c00000, 0x0000000081d00000, 0x0000000081d00000|100%| O|  |TAMS 0x0000000081d00000, 0x0000000081c00000| Updating 
|  29|0x0000000081d00000, 0x0000000081e00000, 0x0000000081e00000|100%| O|  |TAMS 0x0000000081e00000, 0x0000000081d00000| Updating 
|  30|0x0000000081e00000, 0x0000000081f00000, 0x0000000081f00000|100%| O|  |TAMS 0x0000000081f00000, 0x0000000081e00000| Updating 
|  31|0x0000000081f00000, 0x0000000082000000, 0x0000000082000000|100%| O|  |TAMS 0x0000000082000000, 0x0000000081f00000| Updating 
|  32|0x0000000082000000, 0x0000000082100000, 0x0000000082100000|100%| O|  |TAMS 0x0000000082100000, 0x0000000082000000| Updating 
|  33|0x0000000082100000, 0x0000000082200000, 0x0000000082200000|100%| O|  |TAMS 0x0000000082200000, 0x0000000082100000| Updating 
|  34|0x0000000082200000, 0x0000000082300000, 0x0000000082300000|100%| O|  |TAMS 0x0000000082300000, 0x0000000082200000| Updating 
|  35|0x0000000082300000, 0x0000000082400000, 0x0000000082400000|100%| O|  |TAMS 0x0000000082400000, 0x0000000082300000| Updating 
|  36|0x0000000082400000, 0x0000000082500000, 0x0000000082500000|100%| O|  |TAMS 0x0000000082500000, 0x0000000082400000| Updating 
|  37|0x0000000082500000, 0x0000000082600000, 0x0000000082600000|100%| O|  |TAMS 0x0000000082600000, 0x0000000082500000| Updating 
|  38|0x0000000082600000, 0x0000000082700000, 0x0000000082700000|100%| O|  |TAMS 0x0000000082700000, 0x0000000082600000| Updating 
|  39|0x0000000082700000, 0x0000000082800000, 0x0000000082800000|100%| O|  |TAMS 0x0000000082800000, 0x0000000082700000| Updating 
|  40|0x0000000082800000, 0x0000000082900000, 0x0000000082900000|100%| O|  |TAMS 0x0000000082900000, 0x0000000082800000| Updating 
|  41|0x0000000082900000, 0x0000000082a00000, 0x0000000082a00000|100%| O|  |TAMS 0x0000000082a00000, 0x0000000082900000| Updating 
|  42|0x0000000082a00000, 0x0000000082b00000, 0x0000000082b00000|100%| O|  |TAMS 0x0000000082b00000, 0x0000000082a00000| Updating 
|  43|0x0000000082b00000, 0x0000000082c00000, 0x0000000082c00000|100%| O|  |TAMS 0x0000000082c00000, 0x0000000082b00000| Updating 
|  44|0x0000000082c00000, 0x0000000082d00000, 0x0000000082d00000|100%| O|  |TAMS 0x0000000082d00000, 0x0000000082c00000| Updating 
|  45|0x0000000082d00000, 0x0000000082e00000, 0x0000000082e00000|100%| O|  |TAMS 0x0000000082e00000, 0x0000000082d00000| Updating 
|  46|0x0000000082e00000, 0x0000000082f00000, 0x0000000082f00000|100%| O|  |TAMS 0x0000000082f00000, 0x0000000082e00000| Updating 
|  47|0x0000000082f00000, 0x0000000083000000, 0x0000000083000000|100%| O|  |TAMS 0x0000000083000000, 0x0000000082f00000| Updating 
|  48|0x0000000083000000, 0x0000000083100000, 0x0000000083100000|100%| O|  |TAMS 0x0000000083100000, 0x0000000083000000| Updating 
|  49|0x0000000083100000, 0x0000000083200000, 0x0000000083200000|100%| O|  |TAMS 0x0000000083200000, 0x0000000083100000| Updating 
|  50|0x0000000083200000, 0x0000000083300000, 0x0000000083300000|100%| O|  |TAMS 0x0000000083300000, 0x0000000083200000| Updating 
|  51|0x0000000083300000, 0x0000000083400000, 0x0000000083400000|100%|HS|  |TAMS 0x0000000083400000, 0x0000000083300000| Complete 
|  52|0x0000000083400000, 0x0000000083500000, 0x0000000083500000|100%| O|  |TAMS 0x0000000083500000, 0x0000000083400000| Updating 
|  53|0x0000000083500000, 0x0000000083500000, 0x0000000083600000|  0%| F|  |TAMS 0x0000000083500000, 0x0000000083500000| Untracked 
|  54|0x0000000083600000, 0x0000000083700000, 0x0000000083700000|100%| O|  |TAMS 0x0000000083700000, 0x0000000083600000| Updating 
|  55|0x0000000083700000, 0x0000000083800000, 0x0000000083800000|100%| O|  |TAMS 0x0000000083800000, 0x0000000083700000| Updating 
|  56|0x0000000083800000, 0x0000000083900000, 0x0000000083900000|100%|HS|  |TAMS 0x0000000083900000, 0x0000000083800000| Complete 
|  57|0x0000000083900000, 0x0000000083a00000, 0x0000000083a00000|100%|HC|  |TAMS 0x0000000083a00000, 0x0000000083900000| Complete 
|  58|0x0000000083a00000, 0x0000000083b00000, 0x0000000083b00000|100%| O|  |TAMS 0x0000000083b00000, 0x0000000083a00000| Updating 
|  59|0x0000000083b00000, 0x0000000083c00000, 0x0000000083c00000|100%| O|  |TAMS 0x0000000083c00000, 0x0000000083b00000| Updating 
|  60|0x0000000083c00000, 0x0000000083d00000, 0x0000000083d00000|100%| O|  |TAMS 0x0000000083d00000, 0x0000000083c00000| Updating 
|  61|0x0000000083d00000, 0x0000000083e00000, 0x0000000083e00000|100%| O|  |TAMS 0x0000000083e00000, 0x0000000083d00000| Updating 
|  62|0x0000000083e00000, 0x0000000083f00000, 0x0000000083f00000|100%| O|  |TAMS 0x0000000083f00000, 0x0000000083e00000| Updating 
|  63|0x0000000083f00000, 0x0000000084000000, 0x0000000084000000|100%| O|  |TAMS 0x0000000084000000, 0x0000000083f00000| Updating 
|  64|0x0000000084000000, 0x0000000084000000, 0x0000000084100000|  0%| F|  |TAMS 0x0000000084000000, 0x0000000084000000| Untracked 
|  65|0x0000000084100000, 0x0000000084100000, 0x0000000084200000|  0%| F|  |TAMS 0x0000000084100000, 0x0000000084100000| Untracked 
|  66|0x0000000084200000, 0x0000000084200000, 0x0000000084300000|  0%| F|  |TAMS 0x0000000084200000, 0x0000000084200000| Untracked 
|  67|0x0000000084300000, 0x0000000084300000, 0x0000000084400000|  0%| F|  |TAMS 0x0000000084300000, 0x0000000084300000| Untracked 
|  68|0x0000000084400000, 0x0000000084400000, 0x0000000084500000|  0%| F|  |TAMS 0x0000000084400000, 0x0000000084400000| Untracked 
|  69|0x0000000084500000, 0x0000000084500000, 0x0000000084600000|  0%| F|  |TAMS 0x0000000084500000, 0x0000000084500000| Untracked 
|  70|0x0000000084600000, 0x0000000084700000, 0x0000000084700000|100%| O|  |TAMS 0x0000000084700000, 0x0000000084600000| Updating 
|  71|0x0000000084700000, 0x0000000084700000, 0x0000000084800000|  0%| F|  |TAMS 0x0000000084700000, 0x0000000084700000| Untracked 
|  72|0x0000000084800000, 0x0000000084800000, 0x0000000084900000|  0%| F|  |TAMS 0x0000000084800000, 0x0000000084800000| Untracked 
|  73|0x0000000084900000, 0x0000000084900000, 0x0000000084a00000|  0%| F|  |TAMS 0x0000000084900000, 0x0000000084900000| Untracked 
|  74|0x0000000084a00000, 0x0000000084b00000, 0x0000000084b00000|100%| O|  |TAMS 0x0000000084b00000, 0x0000000084a00000| Updating 
|  75|0x0000000084b00000, 0x0000000084c00000, 0x0000000084c00000|100%|HS|  |TAMS 0x0000000084c00000, 0x0000000084b00000| Complete 
|  76|0x0000000084c00000, 0x0000000084c00000, 0x0000000084d00000|  0%| F|  |TAMS 0x0000000084c00000, 0x0000000084c00000| Untracked 
|  77|0x0000000084d00000, 0x0000000084d00000, 0x0000000084e00000|  0%| F|  |TAMS 0x0000000084d00000, 0x0000000084d00000| Untracked 
|  78|0x0000000084e00000, 0x0000000084f00000, 0x0000000084f00000|100%| O|  |TAMS 0x0000000084f00000, 0x0000000084e00000| Updating 
|  79|0x0000000084f00000, 0x0000000084f00000, 0x0000000085000000|  0%| F|  |TAMS 0x0000000084f00000, 0x0000000084f00000| Untracked 
|  80|0x0000000085000000, 0x0000000085100000, 0x0000000085100000|100%| O|  |TAMS 0x0000000085100000, 0x0000000085000000| Updating 
|  81|0x0000000085100000, 0x0000000085100000, 0x0000000085200000|  0%| F|  |TAMS 0x0000000085100000, 0x0000000085100000| Untracked 
|  82|0x0000000085200000, 0x0000000085300000, 0x0000000085300000|100%| O|  |TAMS 0x0000000085300000, 0x0000000085200000| Updating 
|  83|0x0000000085300000, 0x0000000085400000, 0x0000000085400000|100%| O|  |TAMS 0x0000000085400000, 0x0000000085300000| Updating 
|  84|0x0000000085400000, 0x0000000085500000, 0x0000000085500000|100%| O|  |TAMS 0x0000000085500000, 0x0000000085400000| Updating 
|  85|0x0000000085500000, 0x0000000085600000, 0x0000000085600000|100%| O|  |TAMS 0x0000000085600000, 0x0000000085500000| Updating 
|  86|0x0000000085600000, 0x0000000085700000, 0x0000000085700000|100%| O|  |TAMS 0x0000000085700000, 0x0000000085600000| Updating 
|  87|0x0000000085700000, 0x0000000085800000, 0x0000000085800000|100%| O|  |TAMS 0x0000000085800000, 0x0000000085700000| Updating 
|  88|0x0000000085800000, 0x0000000085900000, 0x0000000085900000|100%| O|  |TAMS 0x0000000085900000, 0x0000000085800000| Updating 
|  89|0x0000000085900000, 0x0000000085900000, 0x0000000085a00000|  0%| F|  |TAMS 0x0000000085900000, 0x0000000085900000| Untracked 
|  90|0x0000000085a00000, 0x0000000085b00000, 0x0000000085b00000|100%| O|  |TAMS 0x0000000085b00000, 0x0000000085a00000| Updating 
|  91|0x0000000085b00000, 0x0000000085c00000, 0x0000000085c00000|100%| O|  |TAMS 0x0000000085c00000, 0x0000000085b00000| Updating 
|  92|0x0000000085c00000, 0x0000000085d00000, 0x0000000085d00000|100%| O|  |TAMS 0x0000000085d00000, 0x0000000085c00000| Updating 
|  93|0x0000000085d00000, 0x0000000085e00000, 0x0000000085e00000|100%| O|  |TAMS 0x0000000085e00000, 0x0000000085d00000| Updating 
|  94|0x0000000085e00000, 0x0000000085f00000, 0x0000000085f00000|100%| O|  |TAMS 0x0000000085f00000, 0x0000000085e00000| Updating 
|  95|0x0000000085f00000, 0x0000000086000000, 0x0000000086000000|100%| O|  |TAMS 0x0000000086000000, 0x0000000085f00000| Updating 
|  96|0x0000000086000000, 0x0000000086100000, 0x0000000086100000|100%| O|  |TAMS 0x0000000086100000, 0x0000000086000000| Updating 
|  97|0x0000000086100000, 0x0000000086200000, 0x0000000086200000|100%| O|  |TAMS 0x0000000086200000, 0x0000000086100000| Updating 
|  98|0x0000000086200000, 0x0000000086300000, 0x0000000086300000|100%| O|  |TAMS 0x0000000086300000, 0x0000000086200000| Updating 
|  99|0x0000000086300000, 0x0000000086400000, 0x0000000086400000|100%| O|  |TAMS 0x0000000086400000, 0x0000000086300000| Updating 
| 100|0x0000000086400000, 0x0000000086500000, 0x0000000086500000|100%| O|  |TAMS 0x0000000086500000, 0x0000000086400000| Updating 
| 101|0x0000000086500000, 0x0000000086600000, 0x0000000086600000|100%| O|  |TAMS 0x0000000086600000, 0x0000000086500000| Updating 
| 102|0x0000000086600000, 0x0000000086700000, 0x0000000086700000|100%| O|  |TAMS 0x0000000086700000, 0x0000000086600000| Updating 
| 103|0x0000000086700000, 0x0000000086800000, 0x0000000086800000|100%| O|  |TAMS 0x0000000086800000, 0x0000000086700000| Updating 
| 104|0x0000000086800000, 0x0000000086900000, 0x0000000086900000|100%| O|  |TAMS 0x0000000086900000, 0x0000000086800000| Updating 
| 105|0x0000000086900000, 0x0000000086a00000, 0x0000000086a00000|100%| O|  |TAMS 0x0000000086a00000, 0x0000000086900000| Updating 
| 106|0x0000000086a00000, 0x0000000086b00000, 0x0000000086b00000|100%| O|  |TAMS 0x0000000086b00000, 0x0000000086a00000| Updating 
| 107|0x0000000086b00000, 0x0000000086c00000, 0x0000000086c00000|100%| O|  |TAMS 0x0000000086c00000, 0x0000000086b00000| Updating 
| 108|0x0000000086c00000, 0x0000000086d00000, 0x0000000086d00000|100%| O|  |TAMS 0x0000000086d00000, 0x0000000086c00000| Updating 
| 109|0x0000000086d00000, 0x0000000086e00000, 0x0000000086e00000|100%| O|  |TAMS 0x0000000086e00000, 0x0000000086d00000| Updating 
| 110|0x0000000086e00000, 0x0000000086f00000, 0x0000000086f00000|100%| O|  |TAMS 0x0000000086f00000, 0x0000000086e00000| Updating 
| 111|0x0000000086f00000, 0x0000000087000000, 0x0000000087000000|100%| O|  |TAMS 0x0000000087000000, 0x0000000086f00000| Updating 
| 112|0x0000000087000000, 0x0000000087100000, 0x0000000087100000|100%| O|  |TAMS 0x0000000087100000, 0x0000000087000000| Updating 
| 113|0x0000000087100000, 0x0000000087200000, 0x0000000087200000|100%| O|  |TAMS 0x0000000087200000, 0x0000000087100000| Updating 
| 114|0x0000000087200000, 0x0000000087300000, 0x0000000087300000|100%| O|  |TAMS 0x0000000087300000, 0x0000000087200000| Updating 
| 115|0x0000000087300000, 0x0000000087400000, 0x0000000087400000|100%| O|  |TAMS 0x0000000087400000, 0x0000000087300000| Updating 
| 116|0x0000000087400000, 0x0000000087500000, 0x0000000087500000|100%| O|  |TAMS 0x0000000087500000, 0x0000000087400000| Updating 
| 117|0x0000000087500000, 0x0000000087600000, 0x0000000087600000|100%| O|  |TAMS 0x0000000087600000, 0x0000000087500000| Updating 
| 118|0x0000000087600000, 0x0000000087700000, 0x0000000087700000|100%| O|  |TAMS 0x0000000087700000, 0x0000000087600000| Updating 
| 119|0x0000000087700000, 0x0000000087800000, 0x0000000087800000|100%| O|  |TAMS 0x0000000087800000, 0x0000000087700000| Updating 
| 120|0x0000000087800000, 0x0000000087900000, 0x0000000087900000|100%| O|  |TAMS 0x0000000087900000, 0x0000000087800000| Updating 
| 121|0x0000000087900000, 0x0000000087a00000, 0x0000000087a00000|100%| O|  |TAMS 0x0000000087a00000, 0x0000000087900000| Updating 
| 122|0x0000000087a00000, 0x0000000087b00000, 0x0000000087b00000|100%| O|  |TAMS 0x0000000087b00000, 0x0000000087a00000| Updating 
| 123|0x0000000087b00000, 0x0000000087c00000, 0x0000000087c00000|100%| O|  |TAMS 0x0000000087c00000, 0x0000000087b00000| Updating 
| 124|0x0000000087c00000, 0x0000000087d00000, 0x0000000087d00000|100%| O|  |TAMS 0x0000000087d00000, 0x0000000087c00000| Updating 
| 125|0x0000000087d00000, 0x0000000087e00000, 0x0000000087e00000|100%| O|  |TAMS 0x0000000087e00000, 0x0000000087d00000| Updating 
| 126|0x0000000087e00000, 0x0000000087f00000, 0x0000000087f00000|100%| O|  |TAMS 0x0000000087f00000, 0x0000000087e00000| Updating 
| 127|0x0000000087f00000, 0x0000000088000000, 0x0000000088000000|100%| O|  |TAMS 0x0000000088000000, 0x0000000087f00000| Updating 
| 128|0x0000000088000000, 0x0000000088100000, 0x0000000088100000|100%| O|  |TAMS 0x0000000088100000, 0x0000000088000000| Updating 
| 129|0x0000000088100000, 0x0000000088200000, 0x0000000088200000|100%| O|  |TAMS 0x0000000088200000, 0x0000000088100000| Updating 
| 130|0x0000000088200000, 0x0000000088300000, 0x0000000088300000|100%| O|  |TAMS 0x0000000088300000, 0x0000000088200000| Updating 
| 131|0x0000000088300000, 0x0000000088400000, 0x0000000088400000|100%| O|  |TAMS 0x0000000088400000, 0x0000000088300000| Updating 
| 132|0x0000000088400000, 0x0000000088500000, 0x0000000088500000|100%| O|  |TAMS 0x0000000088500000, 0x0000000088400000| Updating 
| 133|0x0000000088500000, 0x0000000088600000, 0x0000000088600000|100%| O|  |TAMS 0x0000000088600000, 0x0000000088500000| Updating 
| 134|0x0000000088600000, 0x0000000088700000, 0x0000000088700000|100%| O|  |TAMS 0x0000000088700000, 0x0000000088600000| Updating 
| 135|0x0000000088700000, 0x0000000088800000, 0x0000000088800000|100%| O|  |TAMS 0x0000000088800000, 0x0000000088700000| Updating 
| 136|0x0000000088800000, 0x0000000088900000, 0x0000000088900000|100%| O|  |TAMS 0x0000000088900000, 0x0000000088800000| Updating 
| 137|0x0000000088900000, 0x0000000088a00000, 0x0000000088a00000|100%| O|  |TAMS 0x0000000088a00000, 0x0000000088900000| Updating 
| 138|0x0000000088a00000, 0x0000000088b00000, 0x0000000088b00000|100%| O|  |TAMS 0x0000000088b00000, 0x0000000088a00000| Updating 
| 139|0x0000000088b00000, 0x0000000088c00000, 0x0000000088c00000|100%| O|  |TAMS 0x0000000088c00000, 0x0000000088b00000| Updating 
| 140|0x0000000088c00000, 0x0000000088d00000, 0x0000000088d00000|100%| O|  |TAMS 0x0000000088d00000, 0x0000000088c00000| Updating 
| 141|0x0000000088d00000, 0x0000000088e00000, 0x0000000088e00000|100%| O|  |TAMS 0x0000000088e00000, 0x0000000088d00000| Updating 
| 142|0x0000000088e00000, 0x0000000088f00000, 0x0000000088f00000|100%|HS|  |TAMS 0x0000000088e00000, 0x0000000088e00000| Complete 
| 143|0x0000000088f00000, 0x0000000089000000, 0x0000000089000000|100%|HS|  |TAMS 0x0000000088f00000, 0x0000000088f00000| Complete 
| 144|0x0000000089000000, 0x0000000089000000, 0x0000000089100000|  0%| F|  |TAMS 0x0000000089000000, 0x0000000089000000| Untracked 
| 145|0x0000000089100000, 0x0000000089100000, 0x0000000089200000|  0%| F|  |TAMS 0x0000000089100000, 0x0000000089100000| Untracked 
| 146|0x0000000089200000, 0x0000000089200000, 0x0000000089300000|  0%| F|  |TAMS 0x0000000089200000, 0x0000000089200000| Untracked 
| 147|0x0000000089300000, 0x0000000089300000, 0x0000000089400000|  0%| F|  |TAMS 0x0000000089300000, 0x0000000089300000| Untracked 
| 148|0x0000000089400000, 0x0000000089400000, 0x0000000089500000|  0%| F|  |TAMS 0x0000000089400000, 0x0000000089400000| Untracked 
| 149|0x0000000089500000, 0x0000000089500000, 0x0000000089600000|  0%| F|  |TAMS 0x0000000089500000, 0x0000000089500000| Untracked 
| 150|0x0000000089600000, 0x0000000089600000, 0x0000000089700000|  0%| F|  |TAMS 0x0000000089600000, 0x0000000089600000| Untracked 
| 151|0x0000000089700000, 0x0000000089700000, 0x0000000089800000|  0%| F|  |TAMS 0x0000000089700000, 0x0000000089700000| Untracked 
| 152|0x0000000089800000, 0x0000000089800000, 0x0000000089900000|  0%| F|  |TAMS 0x0000000089800000, 0x0000000089800000| Untracked 
| 153|0x0000000089900000, 0x0000000089900000, 0x0000000089a00000|  0%| F|  |TAMS 0x0000000089900000, 0x0000000089900000| Untracked 
| 154|0x0000000089a00000, 0x0000000089a00000, 0x0000000089b00000|  0%| F|  |TAMS 0x0000000089a00000, 0x0000000089a00000| Untracked 
| 155|0x0000000089b00000, 0x0000000089b00000, 0x0000000089c00000|  0%| F|  |TAMS 0x0000000089b00000, 0x0000000089b00000| Untracked 
| 156|0x0000000089c00000, 0x0000000089c00000, 0x0000000089d00000|  0%| F|  |TAMS 0x0000000089c00000, 0x0000000089c00000| Untracked 
| 157|0x0000000089d00000, 0x0000000089d00000, 0x0000000089e00000|  0%| F|  |TAMS 0x0000000089d00000, 0x0000000089d00000| Untracked 
| 158|0x0000000089e00000, 0x0000000089e00000, 0x0000000089f00000|  0%| F|  |TAMS 0x0000000089e00000, 0x0000000089e00000| Untracked 
| 159|0x0000000089f00000, 0x0000000089f00000, 0x000000008a000000|  0%| F|  |TAMS 0x0000000089f00000, 0x0000000089f00000| Untracked 
| 160|0x000000008a000000, 0x000000008a000000, 0x000000008a100000|  0%| F|  |TAMS 0x000000008a000000, 0x000000008a000000| Untracked 
| 161|0x000000008a100000, 0x000000008a100000, 0x000000008a200000|  0%| F|  |TAMS 0x000000008a100000, 0x000000008a100000| Untracked 
| 162|0x000000008a200000, 0x000000008a200000, 0x000000008a300000|  0%| F|  |TAMS 0x000000008a200000, 0x000000008a200000| Untracked 
| 163|0x000000008a300000, 0x000000008a300000, 0x000000008a400000|  0%| F|  |TAMS 0x000000008a300000, 0x000000008a300000| Untracked 
| 164|0x000000008a400000, 0x000000008a400000, 0x000000008a500000|  0%| F|  |TAMS 0x000000008a400000, 0x000000008a400000| Untracked 
| 165|0x000000008a500000, 0x000000008a500000, 0x000000008a600000|  0%| F|  |TAMS 0x000000008a500000, 0x000000008a500000| Untracked 
| 166|0x000000008a600000, 0x000000008a600000, 0x000000008a700000|  0%| F|  |TAMS 0x000000008a600000, 0x000000008a600000| Untracked 
| 167|0x000000008a700000, 0x000000008a700000, 0x000000008a800000|  0%| F|  |TAMS 0x000000008a700000, 0x000000008a700000| Untracked 
| 168|0x000000008a800000, 0x000000008a800000, 0x000000008a900000|  0%| F|  |TAMS 0x000000008a800000, 0x000000008a800000| Untracked 
| 169|0x000000008a900000, 0x000000008a900000, 0x000000008aa00000|  0%| F|  |TAMS 0x000000008a900000, 0x000000008a900000| Untracked 
| 170|0x000000008aa00000, 0x000000008aa00000, 0x000000008ab00000|  0%| F|  |TAMS 0x000000008aa00000, 0x000000008aa00000| Untracked 
| 171|0x000000008ab00000, 0x000000008ab00000, 0x000000008ac00000|  0%| F|  |TAMS 0x000000008ab00000, 0x000000008ab00000| Untracked 
| 172|0x000000008ac00000, 0x000000008ac00000, 0x000000008ad00000|  0%| F|  |TAMS 0x000000008ac00000, 0x000000008ac00000| Untracked 
| 173|0x000000008ad00000, 0x000000008ad00000, 0x000000008ae00000|  0%| F|  |TAMS 0x000000008ad00000, 0x000000008ad00000| Untracked 
| 174|0x000000008ae00000, 0x000000008ae00000, 0x000000008af00000|  0%| F|  |TAMS 0x000000008ae00000, 0x000000008ae00000| Untracked 
| 175|0x000000008af00000, 0x000000008af00000, 0x000000008b000000|  0%| F|  |TAMS 0x000000008af00000, 0x000000008af00000| Untracked 
| 176|0x000000008b000000, 0x000000008b000000, 0x000000008b100000|  0%| F|  |TAMS 0x000000008b000000, 0x000000008b000000| Untracked 
| 177|0x000000008b100000, 0x000000008b100000, 0x000000008b200000|  0%| F|  |TAMS 0x000000008b100000, 0x000000008b100000| Untracked 
| 178|0x000000008b200000, 0x000000008b200000, 0x000000008b300000|  0%| F|  |TAMS 0x000000008b200000, 0x000000008b200000| Untracked 
| 179|0x000000008b300000, 0x000000008b300000, 0x000000008b400000|  0%| F|  |TAMS 0x000000008b300000, 0x000000008b300000| Untracked 
| 180|0x000000008b400000, 0x000000008b400000, 0x000000008b500000|  0%| F|  |TAMS 0x000000008b400000, 0x000000008b400000| Untracked 
| 181|0x000000008b500000, 0x000000008b500000, 0x000000008b600000|  0%| F|  |TAMS 0x000000008b500000, 0x000000008b500000| Untracked 
| 182|0x000000008b600000, 0x000000008b600000, 0x000000008b700000|  0%| F|  |TAMS 0x000000008b600000, 0x000000008b600000| Untracked 
| 183|0x000000008b700000, 0x000000008b700000, 0x000000008b800000|  0%| F|  |TAMS 0x000000008b700000, 0x000000008b700000| Untracked 
| 184|0x000000008b800000, 0x000000008b800000, 0x000000008b900000|  0%| F|  |TAMS 0x000000008b800000, 0x000000008b800000| Untracked 
| 185|0x000000008b900000, 0x000000008b900000, 0x000000008ba00000|  0%| F|  |TAMS 0x000000008b900000, 0x000000008b900000| Untracked 
| 186|0x000000008ba00000, 0x000000008ba00000, 0x000000008bb00000|  0%| F|  |TAMS 0x000000008ba00000, 0x000000008ba00000| Untracked 
| 187|0x000000008bb00000, 0x000000008bb00000, 0x000000008bc00000|  0%| F|  |TAMS 0x000000008bb00000, 0x000000008bb00000| Untracked 
| 188|0x000000008bc00000, 0x000000008bc00000, 0x000000008bd00000|  0%| F|  |TAMS 0x000000008bc00000, 0x000000008bc00000| Untracked 
| 189|0x000000008bd00000, 0x000000008bd00000, 0x000000008be00000|  0%| F|  |TAMS 0x000000008bd00000, 0x000000008bd00000| Untracked 
| 190|0x000000008be00000, 0x000000008be00000, 0x000000008bf00000|  0%| F|  |TAMS 0x000000008be00000, 0x000000008be00000| Untracked 
| 191|0x000000008bf00000, 0x000000008bf00000, 0x000000008c000000|  0%| F|  |TAMS 0x000000008bf00000, 0x000000008bf00000| Untracked 
| 192|0x000000008c000000, 0x000000008c000000, 0x000000008c100000|  0%| F|  |TAMS 0x000000008c000000, 0x000000008c000000| Untracked 
| 193|0x000000008c100000, 0x000000008c100000, 0x000000008c200000|  0%| F|  |TAMS 0x000000008c100000, 0x000000008c100000| Untracked 
| 194|0x000000008c200000, 0x000000008c200000, 0x000000008c300000|  0%| F|  |TAMS 0x000000008c200000, 0x000000008c200000| Untracked 
| 195|0x000000008c300000, 0x000000008c300000, 0x000000008c400000|  0%| F|  |TAMS 0x000000008c300000, 0x000000008c300000| Untracked 
| 196|0x000000008c400000, 0x000000008c400000, 0x000000008c500000|  0%| F|  |TAMS 0x000000008c400000, 0x000000008c400000| Untracked 
| 197|0x000000008c500000, 0x000000008c500000, 0x000000008c600000|  0%| F|  |TAMS 0x000000008c500000, 0x000000008c500000| Untracked 
| 198|0x000000008c600000, 0x000000008c600000, 0x000000008c700000|  0%| F|  |TAMS 0x000000008c600000, 0x000000008c600000| Untracked 
| 199|0x000000008c700000, 0x000000008c700000, 0x000000008c800000|  0%| F|  |TAMS 0x000000008c700000, 0x000000008c700000| Untracked 
| 200|0x000000008c800000, 0x000000008c800000, 0x000000008c900000|  0%| F|  |TAMS 0x000000008c800000, 0x000000008c800000| Untracked 
| 201|0x000000008c900000, 0x000000008c900000, 0x000000008ca00000|  0%| F|  |TAMS 0x000000008c900000, 0x000000008c900000| Untracked 
| 202|0x000000008ca00000, 0x000000008ca00000, 0x000000008cb00000|  0%| F|  |TAMS 0x000000008ca00000, 0x000000008ca00000| Untracked 
| 203|0x000000008cb00000, 0x000000008cb00000, 0x000000008cc00000|  0%| F|  |TAMS 0x000000008cb00000, 0x000000008cb00000| Untracked 
| 204|0x000000008cc00000, 0x000000008cc00000, 0x000000008cd00000|  0%| F|  |TAMS 0x000000008cc00000, 0x000000008cc00000| Untracked 
| 205|0x000000008cd00000, 0x000000008cd00000, 0x000000008ce00000|  0%| F|  |TAMS 0x000000008cd00000, 0x000000008cd00000| Untracked 
| 206|0x000000008ce00000, 0x000000008ce00000, 0x000000008cf00000|  0%| F|  |TAMS 0x000000008ce00000, 0x000000008ce00000| Untracked 
| 207|0x000000008cf00000, 0x000000008cf00000, 0x000000008d000000|  0%| F|  |TAMS 0x000000008cf00000, 0x000000008cf00000| Untracked 
| 208|0x000000008d000000, 0x000000008d000000, 0x000000008d100000|  0%| F|  |TAMS 0x000000008d000000, 0x000000008d000000| Untracked 
| 209|0x000000008d100000, 0x000000008d100000, 0x000000008d200000|  0%| F|  |TAMS 0x000000008d100000, 0x000000008d100000| Untracked 
| 210|0x000000008d200000, 0x000000008d200000, 0x000000008d300000|  0%| F|  |TAMS 0x000000008d200000, 0x000000008d200000| Untracked 
| 211|0x000000008d300000, 0x000000008d300000, 0x000000008d400000|  0%| F|  |TAMS 0x000000008d300000, 0x000000008d300000| Untracked 
| 212|0x000000008d400000, 0x000000008d400000, 0x000000008d500000|  0%| F|  |TAMS 0x000000008d400000, 0x000000008d400000| Untracked 
| 213|0x000000008d500000, 0x000000008d500000, 0x000000008d600000|  0%| F|  |TAMS 0x000000008d500000, 0x000000008d500000| Untracked 
| 214|0x000000008d600000, 0x000000008d600000, 0x000000008d700000|  0%| F|  |TAMS 0x000000008d600000, 0x000000008d600000| Untracked 
| 215|0x000000008d700000, 0x000000008d700000, 0x000000008d800000|  0%| F|  |TAMS 0x000000008d700000, 0x000000008d700000| Untracked 
| 216|0x000000008d800000, 0x000000008d800000, 0x000000008d900000|  0%| F|  |TAMS 0x000000008d800000, 0x000000008d800000| Untracked 
| 217|0x000000008d900000, 0x000000008d900000, 0x000000008da00000|  0%| F|  |TAMS 0x000000008d900000, 0x000000008d900000| Untracked 
| 218|0x000000008da00000, 0x000000008da00000, 0x000000008db00000|  0%| F|  |TAMS 0x000000008da00000, 0x000000008da00000| Untracked 
| 219|0x000000008db00000, 0x000000008db00000, 0x000000008dc00000|  0%| F|  |TAMS 0x000000008db00000, 0x000000008db00000| Untracked 
| 220|0x000000008dc00000, 0x000000008dc00000, 0x000000008dd00000|  0%| F|  |TAMS 0x000000008dc00000, 0x000000008dc00000| Untracked 
| 221|0x000000008dd00000, 0x000000008dd00000, 0x000000008de00000|  0%| F|  |TAMS 0x000000008dd00000, 0x000000008dd00000| Untracked 
| 222|0x000000008de00000, 0x000000008de00000, 0x000000008df00000|  0%| F|  |TAMS 0x000000008de00000, 0x000000008de00000| Untracked 
| 223|0x000000008df00000, 0x000000008df00000, 0x000000008e000000|  0%| F|  |TAMS 0x000000008df00000, 0x000000008df00000| Untracked 
| 224|0x000000008e000000, 0x000000008e000000, 0x000000008e100000|  0%| F|  |TAMS 0x000000008e000000, 0x000000008e000000| Untracked 
| 225|0x000000008e100000, 0x000000008e100000, 0x000000008e200000|  0%| F|  |TAMS 0x000000008e100000, 0x000000008e100000| Untracked 
| 226|0x000000008e200000, 0x000000008e200000, 0x000000008e300000|  0%| F|  |TAMS 0x000000008e200000, 0x000000008e200000| Untracked 
| 227|0x000000008e300000, 0x000000008e300000, 0x000000008e400000|  0%| F|  |TAMS 0x000000008e300000, 0x000000008e300000| Untracked 
| 228|0x000000008e400000, 0x000000008e48dc90, 0x000000008e500000| 55%| S|CS|TAMS 0x000000008e400000, 0x000000008e400000| Complete 
| 229|0x000000008e500000, 0x000000008e600000, 0x000000008e600000|100%| S|CS|TAMS 0x000000008e500000, 0x000000008e500000| Complete 
| 230|0x000000008e600000, 0x000000008e700000, 0x000000008e700000|100%| S|CS|TAMS 0x000000008e600000, 0x000000008e600000| Complete 
| 231|0x000000008e700000, 0x000000008e800000, 0x000000008e800000|100%| S|CS|TAMS 0x000000008e700000, 0x000000008e700000| Complete 
| 232|0x000000008e800000, 0x000000008e800000, 0x000000008e900000|  0%| F|  |TAMS 0x000000008e800000, 0x000000008e800000| Untracked 
| 233|0x000000008e900000, 0x000000008e900000, 0x000000008ea00000|  0%| F|  |TAMS 0x000000008e900000, 0x000000008e900000| Untracked 
| 234|0x000000008ea00000, 0x000000008ea00000, 0x000000008eb00000|  0%| F|  |TAMS 0x000000008ea00000, 0x000000008ea00000| Untracked 
| 235|0x000000008eb00000, 0x000000008eb00000, 0x000000008ec00000|  0%| F|  |TAMS 0x000000008eb00000, 0x000000008eb00000| Untracked 
| 236|0x000000008ec00000, 0x000000008ec00000, 0x000000008ed00000|  0%| F|  |TAMS 0x000000008ec00000, 0x000000008ec00000| Untracked 
| 237|0x000000008ed00000, 0x000000008ed00000, 0x000000008ee00000|  0%| F|  |TAMS 0x000000008ed00000, 0x000000008ed00000| Untracked 
| 238|0x000000008ee00000, 0x000000008ee00000, 0x000000008ef00000|  0%| F|  |TAMS 0x000000008ee00000, 0x000000008ee00000| Untracked 
| 239|0x000000008ef00000, 0x000000008ef00000, 0x000000008f000000|  0%| F|  |TAMS 0x000000008ef00000, 0x000000008ef00000| Untracked 
| 240|0x000000008f000000, 0x000000008f09fae0, 0x000000008f100000| 62%| E|  |TAMS 0x000000008f000000, 0x000000008f000000| Complete 
| 241|0x000000008f100000, 0x000000008f200000, 0x000000008f200000|100%| E|CS|TAMS 0x000000008f100000, 0x000000008f100000| Complete 
| 242|0x000000008f200000, 0x000000008f300000, 0x000000008f300000|100%| E|CS|TAMS 0x000000008f200000, 0x000000008f200000| Complete 
| 243|0x000000008f300000, 0x000000008f400000, 0x000000008f400000|100%| E|CS|TAMS 0x000000008f300000, 0x000000008f300000| Complete 
| 244|0x000000008f400000, 0x000000008f500000, 0x000000008f500000|100%| E|CS|TAMS 0x000000008f400000, 0x000000008f400000| Complete 
| 245|0x000000008f500000, 0x000000008f600000, 0x000000008f600000|100%| E|CS|TAMS 0x000000008f500000, 0x000000008f500000| Complete 
| 246|0x000000008f600000, 0x000000008f700000, 0x000000008f700000|100%| E|CS|TAMS 0x000000008f600000, 0x000000008f600000| Complete 
| 247|0x000000008f700000, 0x000000008f800000, 0x000000008f800000|100%| E|CS|TAMS 0x000000008f700000, 0x000000008f700000| Complete 
| 248|0x000000008f800000, 0x000000008f900000, 0x000000008f900000|100%| E|CS|TAMS 0x000000008f800000, 0x000000008f800000| Complete 
| 249|0x000000008f900000, 0x000000008fa00000, 0x000000008fa00000|100%| E|CS|TAMS 0x000000008f900000, 0x000000008f900000| Complete 
| 250|0x000000008fa00000, 0x000000008fb00000, 0x000000008fb00000|100%| E|CS|TAMS 0x000000008fa00000, 0x000000008fa00000| Complete 
| 251|0x000000008fb00000, 0x000000008fc00000, 0x000000008fc00000|100%| E|CS|TAMS 0x000000008fb00000, 0x000000008fb00000| Complete 
| 252|0x000000008fc00000, 0x000000008fd00000, 0x000000008fd00000|100%| E|CS|TAMS 0x000000008fc00000, 0x000000008fc00000| Complete 
| 253|0x000000008fd00000, 0x000000008fe00000, 0x000000008fe00000|100%| E|CS|TAMS 0x000000008fd00000, 0x000000008fd00000| Complete 

Card table byte_map: [0x000001b7f4010000,0x000001b7f4410000] _byte_map_base: 0x000001b7f3c10000

Marking Bits (Prev, Next): (CMBitMap*) 0x000001b7efe1a9c0, (CMBitMap*) 0x000001b7efe1a988
 Prev Bits: [0x000001b7f6810000, 0x000001b7f8810000)
 Next Bits: [0x000001b7f4810000, 0x000001b7f6810000)

Polling page: 0x000001b7ef5c0000

Metaspace:

Usage:
  Non-class:     87.17 MB capacity,    85.64 MB ( 98%) used,     1.24 MB (  1%) free+waste,   292.88 KB ( <1%) overhead. 
      Class:     13.48 MB capacity,    12.61 MB ( 94%) used,   765.34 KB (  6%) free+waste,   130.63 KB ( <1%) overhead. 
       Both:    100.65 MB capacity,    98.25 MB ( 98%) used,     1.98 MB (  2%) free+waste,   423.50 KB ( <1%) overhead. 

Virtual space:
  Non-class space:       88.00 MB reserved,      87.50 MB (>99%) committed 
      Class space:        1.00 GB reserved,      13.75 MB (  1%) committed 
             Both:        1.09 GB reserved,     101.25 MB (  9%) committed 

Chunk freelists:
   Non-Class:  342.00 KB
       Class:  151.00 KB
        Both:  493.00 KB

MaxMetaspaceSize: 17179869184.00 GB
CompressedClassSpaceSize: 1.00 GB

CodeHeap 'non-profiled nmethods': size=120000Kb used=8933Kb max_used=8933Kb free=111066Kb
 bounds [0x000001b787ad0000, 0x000001b788390000, 0x000001b78f000000]
CodeHeap 'profiled nmethods': size=120000Kb used=28652Kb max_used=28652Kb free=91347Kb
 bounds [0x000001b7805a0000, 0x000001b7821a0000, 0x000001b787ad0000]
CodeHeap 'non-nmethods': size=5760Kb used=2329Kb max_used=2387Kb free=3430Kb
 bounds [0x000001b780000000, 0x000001b780270000, 0x000001b7805a0000]
 total_blobs=14924 nmethods=13995 adapters=840
 compilation: enabled
              stopped_count=0, restarted_count=0
 full_count=0

Compilation events (20 events):
Event: 11.141 Thread 0x000001b7fbb46800 nmethod 13997 0x000001b788386410 code [0x000001b7883865a0, 0x000001b788386618]
Event: 11.141 Thread 0x000001b7fbb46800 13923       4       java.util.stream.ReferencePipeline$2::opWrapSink (10 bytes)
Event: 11.143 Thread 0x000001b7fbb46800 nmethod 13923 0x000001b788386690 code [0x000001b788386840, 0x000001b788386a18]
Event: 11.143 Thread 0x000001b7fbb46800 13927       4       java.util.stream.ReferencePipeline$2$1::begin (13 bytes)
Event: 11.143 Thread 0x000001b7fbb46800 nmethod 13927 0x000001b788386b90 code [0x000001b788386d20, 0x000001b788386db8]
Event: 11.143 Thread 0x000001b7fbb46800 13966       4       com.android.tools.r8.internal.I::next (32 bytes)
Event: 11.148 Thread 0x000001b7fbb46800 nmethod 13966 0x000001b788386e90 code [0x000001b788387080, 0x000001b788387798]
Event: 11.149 Thread 0x000001b7fbb46800 14004       4       java.util.Spliterators$ArraySpliterator::estimateSize (11 bytes)
Event: 11.149 Thread 0x000001b7fbb46800 nmethod 14004 0x000001b788387b90 code [0x000001b788387d20, 0x000001b788387d98]
Event: 11.149 Thread 0x000001b7fbb46800 14045       4       com.android.tools.r8.code.n2::a (1 bytes)
Event: 11.149 Thread 0x000001b7fbb46800 nmethod 14045 0x000001b788387e10 code [0x000001b788387fa0, 0x000001b788387ff8]
Event: 11.149 Thread 0x000001b7fbb46800 13882       4       com.android.tools.r8.internal.Zv::b (28 bytes)
Event: 11.149 Thread 0x000001b7fbb46800 nmethod 13882 0x000001b788388090 code [0x000001b788388220, 0x000001b788388298]
Event: 11.149 Thread 0x000001b7fbb46800 13883       4       com.android.tools.r8.internal.bd::iterator (23 bytes)
Event: 11.152 Thread 0x000001b7fbb46800 nmethod 13883 0x000001b788388390 code [0x000001b788388540, 0x000001b788388858]
Event: 11.152 Thread 0x000001b7fbb46800 14044       4       java.util.stream.Nodes$SpinedNodeBuilder::accept (29 bytes)
Event: 11.171 Thread 0x000001b7fbb46800 nmethod 14044 0x000001b788388990 code [0x000001b788388b60, 0x000001b788389338]
Event: 11.171 Thread 0x000001b7fbb46800 14155       4       com.android.tools.r8.graph.a0::a (66 bytes)
Event: 11.175 Thread 0x000001b7fbb49800 14158       2       com.android.tools.r8.code.M3::a (1 bytes)
Event: 11.175 Thread 0x000001b7fbb49800 nmethod 14158 0x000001b782196b10 code [0x000001b782196cc0, 0x000001b782196db8]

GC Heap History (20 events):
Event: 4.896 GC heap before
{Heap before GC invocations=10 (full 0):
 garbage-first heap   total 260096K, used 132164K [0x0000000080000000, 0x0000000100000000)
  region size 1024K, 87 young (89088K), 3 survivors (3072K)
 Metaspace       used 64762K, capacity 66401K, committed 66432K, reserved 1107968K
  class space    used 8263K, capacity 8823K, committed 8832K, reserved 1048576K
}
Event: 4.901 GC heap after
{Heap after GC invocations=11 (full 0):
 garbage-first heap   total 260096K, used 51794K [0x0000000080000000, 0x0000000100000000)
  region size 1024K, 8 young (8192K), 8 survivors (8192K)
 Metaspace       used 64762K, capacity 66401K, committed 66432K, reserved 1107968K
  class space    used 8263K, capacity 8823K, committed 8832K, reserved 1048576K
}
Event: 5.766 GC heap before
{Heap before GC invocations=12 (full 0):
 garbage-first heap   total 260096K, used 144978K [0x0000000080000000, 0x0000000100000000)
  region size 1024K, 99 young (101376K), 8 survivors (8192K)
 Metaspace       used 75306K, capacity 77036K, committed 77312K, reserved 1116160K
  class space    used 9814K, capacity 10439K, committed 10496K, reserved 1048576K
}
Event: 5.774 GC heap after
{Heap after GC invocations=13 (full 0):
 garbage-first heap   total 260096K, used 57886K [0x0000000080000000, 0x0000000100000000)
  region size 1024K, 7 young (7168K), 7 survivors (7168K)
 Metaspace       used 75306K, capacity 77036K, committed 77312K, reserved 1116160K
  class space    used 9814K, capacity 10439K, committed 10496K, reserved 1048576K
}
Event: 6.589 GC heap before
{Heap before GC invocations=13 (full 0):
 garbage-first heap   total 260096K, used 154142K [0x0000000080000000, 0x0000000100000000)
  region size 1024K, 102 young (104448K), 7 survivors (7168K)
 Metaspace       used 80280K, capacity 82438K, committed 82560K, reserved 1120256K
  class space    used 10478K, capacity 11271K, committed 11392K, reserved 1048576K
}
Event: 6.597 GC heap after
{Heap after GC invocations=14 (full 0):
 garbage-first heap   total 260096K, used 63845K [0x0000000080000000, 0x0000000100000000)
  region size 1024K, 12 young (12288K), 12 survivors (12288K)
 Metaspace       used 80280K, capacity 82438K, committed 82560K, reserved 1120256K
  class space    used 10478K, capacity 11271K, committed 11392K, reserved 1048576K
}
Event: 7.326 GC heap before
{Heap before GC invocations=14 (full 0):
 garbage-first heap   total 260096K, used 173413K [0x0000000080000000, 0x0000000100000000)
  region size 1024K, 112 young (114688K), 12 survivors (12288K)
 Metaspace       used 81534K, capacity 83716K, committed 83968K, reserved 1122304K
  class space    used 10588K, capacity 11399K, committed 11520K, reserved 1048576K
}
Event: 7.343 GC heap after
{Heap after GC invocations=15 (full 0):
 garbage-first heap   total 260096K, used 82983K [0x0000000080000000, 0x0000000100000000)
  region size 1024K, 14 young (14336K), 14 survivors (14336K)
 Metaspace       used 81534K, capacity 83716K, committed 83968K, reserved 1122304K
  class space    used 10588K, capacity 11399K, committed 11520K, reserved 1048576K
}
Event: 7.748 GC heap before
{Heap before GC invocations=15 (full 0):
 garbage-first heap   total 260096K, used 190503K [0x0000000080000000, 0x0000000100000000)
  region size 1024K, 105 young (107520K), 14 survivors (14336K)
 Metaspace       used 85451K, capacity 87732K, committed 88064K, reserved 1126400K
  class space    used 10897K, capacity 11710K, committed 11776K, reserved 1048576K
}
Event: 7.757 GC heap after
{Heap after GC invocations=16 (full 0):
 garbage-first heap   total 260096K, used 89602K [0x0000000080000000, 0x0000000100000000)
  region size 1024K, 6 young (6144K), 6 survivors (6144K)
 Metaspace       used 85451K, capacity 87732K, committed 88064K, reserved 1126400K
  class space    used 10897K, capacity 11710K, committed 11776K, reserved 1048576K
}
Event: 8.415 GC heap before
{Heap before GC invocations=16 (full 0):
 garbage-first heap   total 260096K, used 182786K [0x0000000080000000, 0x0000000100000000)
  region size 1024K, 98 young (100352K), 6 survivors (6144K)
 Metaspace       used 87325K, capacity 89604K, committed 89728K, reserved 1126400K
  class space    used 11036K, capacity 11865K, committed 11904K, reserved 1048576K
}
Event: 8.420 GC heap after
{Heap after GC invocations=17 (full 0):
 garbage-first heap   total 260096K, used 86705K [0x0000000080000000, 0x0000000100000000)
  region size 1024K, 3 young (3072K), 3 survivors (3072K)
 Metaspace       used 87325K, capacity 89604K, committed 89728K, reserved 1126400K
  class space    used 11036K, capacity 11865K, committed 11904K, reserved 1048576K
}
Event: 10.069 GC heap before
{Heap before GC invocations=17 (full 0):
 garbage-first heap   total 260096K, used 192177K [0x0000000080000000, 0x0000000100000000)
  region size 1024K, 101 young (103424K), 3 survivors (3072K)
 Metaspace       used 89213K, capacity 91616K, committed 91776K, reserved 1128448K
  class space    used 11263K, capacity 12130K, committed 12160K, reserved 1048576K
}
Event: 10.074 GC heap after
{Heap after GC invocations=18 (full 0):
 garbage-first heap   total 260096K, used 95993K [0x0000000080000000, 0x0000000100000000)
  region size 1024K, 8 young (8192K), 8 survivors (8192K)
 Metaspace       used 89213K, capacity 91616K, committed 91776K, reserved 1128448K
  class space    used 11263K, capacity 12130K, committed 12160K, reserved 1048576K
}
Event: 10.456 GC heap before
{Heap before GC invocations=18 (full 0):
 garbage-first heap   total 260096K, used 202489K [0x0000000080000000, 0x0000000100000000)
  region size 1024K, 105 young (107520K), 8 survivors (8192K)
 Metaspace       used 96257K, capacity 98793K, committed 99072K, reserved 1134592K
  class space    used 12352K, capacity 13276K, committed 13312K, reserved 1048576K
}
Event: 10.468 GC heap after
{Heap after GC invocations=19 (full 0):
 garbage-first heap   total 260096K, used 115157K [0x0000000080000000, 0x0000000100000000)
  region size 1024K, 14 young (14336K), 14 survivors (14336K)
 Metaspace       used 96257K, capacity 98793K, committed 99072K, reserved 1134592K
  class space    used 12352K, capacity 13276K, committed 13312K, reserved 1048576K
}
Event: 10.883 GC heap before
{Heap before GC invocations=19 (full 0):
 garbage-first heap   total 260096K, used 200149K [0x0000000080000000, 0x0000000100000000)
  region size 1024K, 97 young (99328K), 14 survivors (14336K)
 Metaspace       used 100479K, capacity 103073K, committed 103296K, reserved 1138688K
  class space    used 12942K, capacity 13905K, committed 13952K, reserved 1048576K
}
Event: 10.906 GC heap after
{Heap after GC invocations=20 (full 0):
 garbage-first heap   total 260096K, used 143495K [0x0000000080000000, 0x0000000100000000)
  region size 1024K, 13 young (13312K), 13 survivors (13312K)
 Metaspace       used 100479K, capacity 103073K, committed 103296K, reserved 1138688K
  class space    used 12942K, capacity 13905K, committed 13952K, reserved 1048576K
}
Event: 11.043 GC heap before
{Heap before GC invocations=20 (full 0):
 garbage-first heap   total 260096K, used 164999K [0x0000000080000000, 0x0000000100000000)
  region size 1024K, 35 young (35840K), 13 survivors (13312K)
 Metaspace       used 100820K, capacity 103431K, committed 103680K, reserved 1138688K
  class space    used 12977K, capacity 13955K, committed 14080K, reserved 1048576K
}
Event: 11.055 GC heap after
{Heap after GC invocations=21 (full 0):
 garbage-first heap   total 260096K, used 149047K [0x0000000080000000, 0x0000000100000000)
  region size 1024K, 4 young (4096K), 4 survivors (4096K)
 Metaspace       used 100820K, capacity 103431K, committed 103680K, reserved 1138688K
  class space    used 12977K, capacity 13955K, committed 14080K, reserved 1048576K
}

Deoptimization events (20 events):
Event: 10.937 Thread 0x000001b7ff916000 Uncommon trap: trap_request=0xffffffde fr.pc=0x000001b78835a1f0 relative=0x00000000000006d0
Event: 10.937 Thread 0x000001b7ff916000 Uncommon trap: reason=class_check action=maybe_recompile pc=0x000001b78835a1f0 method=com.android.tools.r8.graph.Z.c(Ljava/util/function/Consumer;Lcom/android/tools/r8/graph/P;)V @ 12 c2
Event: 10.937 Thread 0x000001b7ff916000 DEOPT PACKING pc=0x000001b78835a1f0 sp=0x0000002b619fd790
Event: 10.937 Thread 0x000001b7ff916000 DEOPT UNPACKING pc=0x000001b7800083af sp=0x0000002b619fd548 mode 2
Event: 10.937 Thread 0x000001b7ff916000 Uncommon trap: trap_request=0xffffffde fr.pc=0x000001b78835a1f0 relative=0x00000000000006d0
Event: 10.937 Thread 0x000001b7ff916000 Uncommon trap: reason=class_check action=maybe_recompile pc=0x000001b78835a1f0 method=com.android.tools.r8.graph.Z.c(Ljava/util/function/Consumer;Lcom/android/tools/r8/graph/P;)V @ 12 c2
Event: 10.937 Thread 0x000001b7ff916000 DEOPT PACKING pc=0x000001b78835a1f0 sp=0x0000002b619fd790
Event: 10.937 Thread 0x000001b7ff916000 DEOPT UNPACKING pc=0x000001b7800083af sp=0x0000002b619fd548 mode 2
Event: 10.949 Thread 0x000001b793540000 Uncommon trap: trap_request=0xffffff4d fr.pc=0x000001b787b50178 relative=0x0000000000000dd8
Event: 10.949 Thread 0x000001b793540000 Uncommon trap: reason=unstable_if action=reinterpret pc=0x000001b787b50178 method=java.io.BufferedReader.readLine(Z)Ljava/lang/String; @ 192 c2
Event: 10.949 Thread 0x000001b793540000 DEOPT PACKING pc=0x000001b787b50178 sp=0x0000002b626ff0f0
Event: 10.950 Thread 0x000001b793540000 DEOPT UNPACKING pc=0x000001b7800083af sp=0x0000002b626ff0a8 mode 2
Event: 10.966 Thread 0x000001b7ff916000 Uncommon trap: trap_request=0xffffffe4 fr.pc=0x000001b788305578 relative=0x0000000000000238
Event: 10.966 Thread 0x000001b7ff916000 Uncommon trap: reason=range_check action=make_not_entrant pc=0x000001b788305578 method=com.android.tools.r8.graph.c0.a(Lcom/android/tools/r8/graph/c0;)I @ 9 c2
Event: 10.966 Thread 0x000001b7ff916000 DEOPT PACKING pc=0x000001b788305578 sp=0x0000002b619fd550
Event: 10.966 Thread 0x000001b7ff916000 DEOPT UNPACKING pc=0x000001b7800083af sp=0x0000002b619fd4c8 mode 2
Event: 11.085 Thread 0x000001b7ff916000 Uncommon trap: trap_request=0xffffffcc fr.pc=0x000001b788380d04 relative=0x0000000000002ac4
Event: 11.085 Thread 0x000001b7ff916000 Uncommon trap: reason=intrinsic_or_type_checked_inlining action=make_not_entrant pc=0x000001b788380d04 method=java.util.stream.SpinedBuffer.copyInto([Ljava/lang/Object;I)V @ 51 c2
Event: 11.085 Thread 0x000001b7ff916000 DEOPT PACKING pc=0x000001b788380d04 sp=0x0000002b619fd660
Event: 11.085 Thread 0x000001b7ff916000 DEOPT UNPACKING pc=0x000001b7800083af sp=0x0000002b619fd2e8 mode 2

Classes redefined (0 events):
No events

Internal exceptions (20 events):
Event: 10.677 Thread 0x000001b7ff916000 Exception <a 'java/lang/NoSuchMethodError'{0x000000008c01e958}: 'int java.lang.invoke.DirectMethodHandle$Holder.invokeVirtual(java.lang.Object, java.lang.Object, java.lang.Object, java.lang.Object)'> (0x000000008c01e958) thrown at [./src/hotspot/share/interpreter/linkResolver.cpp, line 773]
Event: 10.679 Thread 0x000001b7ff911800 Exception <a 'java/lang/NoSuchMethodError'{0x000000008c17e160}: 'void java.lang.invoke.DirectMethodHandle$Holder.invokeStatic(java.lang.Object, long)'> (0x000000008c17e160) thrown at [./src/hotspot/share/interpreter/linkResolver.cpp, line 773]
Event: 10.679 Thread 0x000001b7ff911800 Exception <a 'java/lang/NoSuchMethodError'{0x000000008c183378}: 'java.lang.Object java.lang.invoke.DirectMethodHandle$Holder.invokeStatic(java.lang.Object, long)'> (0x000000008c183378) thrown at [./src/hotspot/share/interpreter/linkResolver.cpp, line 773]
Event: 10.680 Thread 0x000001b7ff911800 Exception <a 'java/lang/NoSuchMethodError'{0x000000008c054670}: 'java.lang.Object java.lang.invoke.DirectMethodHandle$Holder.invokeStaticInit(java.lang.Object, java.lang.Object, long, java.lang.Object)'> (0x000000008c054670) thrown at [./src/hotspot/share/interpreter/linkResolver.cpp, line 773]
Event: 10.681 Thread 0x000001b7ff911800 Exception <a 'java/lang/NoSuchMethodError'{0x000000008c05a808}: 'java.lang.Object java.lang.invoke.DirectMethodHandle$Holder.invokeStatic(java.lang.Object, java.lang.Object, long)'> (0x000000008c05a808) thrown at [./src/hotspot/share/interpreter/linkResolver.cpp, line 773]
Event: 10.681 Thread 0x000001b7ff911800 Exception <a 'java/lang/NoSuchMethodError'{0x000000008c060d80}: 'java.lang.Object java.lang.invoke.Invokers$Holder.linkToTargetMethod(java.lang.Object, long, java.lang.Object)'> (0x000000008c060d80) thrown at [./src/hotspot/share/interpreter/linkResolver.cpp, line 773]
Event: 10.699 Thread 0x000001b7ff916000 Exception <a 'java/lang/IncompatibleClassChangeError'{0x000000008bf9aac8}: Found class java.lang.Object, but interface was expected> (0x000000008bf9aac8) thrown at [./src/hotspot/share/interpreter/linkResolver.cpp, line 839]
Event: 10.702 Thread 0x000001b78fc7c800 Exception <a 'java/lang/NoSuchMethodError'{0x000000008be021d0}: 'int java.lang.invoke.DirectMethodHandle$Holder.invokeVirtual(java.lang.Object, java.lang.Object, java.lang.Object)'> (0x000000008be021d0) thrown at [./src/hotspot/share/interpreter/linkResolver.cpp, line 773]
Event: 10.702 Thread 0x000001b78fc79000 Exception <a 'java/lang/NoSuchMethodError'{0x000000008d0f7ea0}: 'int java.lang.invoke.DirectMethodHandle$Holder.invokeVirtual(java.lang.Object, java.lang.Object, java.lang.Object)'> (0x000000008d0f7ea0) thrown at [./src/hotspot/share/interpreter/linkResolver.cpp, line 773]
Event: 10.702 Thread 0x000001b78fc7a000 Exception <a 'java/lang/NoSuchMethodError'{0x000000008bffc508}: 'int java.lang.invoke.DirectMethodHandle$Holder.invokeVirtual(java.lang.Object, java.lang.Object, java.lang.Object)'> (0x000000008bffc508) thrown at [./src/hotspot/share/interpreter/linkResolver.cpp, line 773]
Event: 10.702 Thread 0x000001b78fc7b800 Exception <a 'java/lang/NoSuchMethodError'{0x000000008be0a7b0}: 'int java.lang.invoke.DirectMethodHandle$Holder.invokeVirtual(java.lang.Object, java.lang.Object, java.lang.Object)'> (0x000000008be0a7b0) thrown at [./src/hotspot/share/interpreter/linkResolver.cpp, line 773]
Event: 10.702 Thread 0x000001b78fc7e000 Exception <a 'java/lang/NoSuchMethodError'{0x000000008be138d0}: 'int java.lang.invoke.DirectMethodHandle$Holder.invokeVirtual(java.lang.Object, java.lang.Object, java.lang.Object)'> (0x000000008be138d0) thrown at [./src/hotspot/share/interpreter/linkResolver.cpp, line 773]
Event: 10.702 Thread 0x000001b78fc7d000 Exception <a 'java/lang/NoSuchMethodError'{0x000000008be26238}: 'int java.lang.invoke.DirectMethodHandle$Holder.invokeVirtual(java.lang.Object, java.lang.Object, java.lang.Object)'> (0x000000008be26238) thrown at [./src/hotspot/share/interpreter/linkResolver.cpp, line 773]
Event: 10.702 Thread 0x000001b78fc78800 Exception <a 'java/lang/NoSuchMethodError'{0x000000008be19e78}: 'int java.lang.invoke.DirectMethodHandle$Holder.invokeVirtual(java.lang.Object, java.lang.Object, java.lang.Object)'> (0x000000008be19e78) thrown at [./src/hotspot/share/interpreter/linkResolver.cpp, line 773]
Event: 10.773 Thread 0x000001b7ff911800 Exception <a 'java/lang/NoSuchMethodError'{0x000000008b9fe140}: 'int java.lang.invoke.DirectMethodHandle$Holder.invokeSpecialIFC(java.lang.Object, java.lang.Object, java.lang.Object)'> (0x000000008b9fe140) thrown at [./src/hotspot/share/interpreter/linkResolver.cpp, line 773]
Event: 10.842 Thread 0x000001b7ff916000 Exception <a 'java/lang/NoSuchMethodError'{0x000000008afd46e8}: 'java.lang.Object java.lang.invoke.Invokers$Holder.linkToTargetMethod(java.lang.Object, int, java.lang.Object, java.lang.Object, java.lang.Object, java.lang.Object)'> (0x000000008afd46e8) thrown at [./src/hotspot/share/interpreter/linkResolver.cpp, line 773]
Event: 10.842 Thread 0x000001b7ff916000 Exception <a 'java/lang/NoSuchMethodError'{0x000000008afd83a0}: 'void java.lang.invoke.DirectMethodHandle$Holder.invokeSpecial(java.lang.Object, java.lang.Object, java.lang.Object, java.lang.Object, java.lang.Object, java.lang.Object, java.lang.Object, java.lang.Object, java.lang.Object)'> (0x000000008afd83a0) thrown at [./src/hotspot/share/interpreter/linkResolver.cpp, line 773]
Event: 10.842 Thread 0x000001b7ff916000 Exception <a 'java/lang/NoSuchMethodError'{0x000000008afe1598}: 'java.lang.Object java.lang.invoke.Invokers$Holder.linkToTargetMethod(java.lang.Object, java.lang.Object, java.lang.Object, java.lang.Object, java.lang.Object, java.lang.Object, java.lang.Object)'> (0x000000008afe1598) thrown at [./src/hotspot/share/interpreter/linkResolver.cpp, line 773]
Event: 10.844 Thread 0x000001b7ff916000 Exception <a 'java/lang/NoSuchMethodError'{0x000000008aff30b8}: 'void java.lang.invoke.DirectMethodHandle$Holder.invokeStatic(java.lang.Object, java.lang.Object, java.lang.Object, java.lang.Object, java.lang.Object, java.lang.Object, java.lang.Object, java.lang.Object)'> (0x000000008aff30b8) thrown at [./src/hotspot/share/interpreter/linkResolver.cpp, line 773]
Event: 10.853 Thread 0x000001b7ff916000 Implicit null exception at 0x000001b78835b1ca to 0x000001b78835bd68

Events (20 events):
Event: 11.073 loading class org/gradle/launcher/daemon/server/health/DaemonMemoryStatus$3
Event: 11.073 loading class org/gradle/launcher/daemon/server/health/DaemonMemoryStatus$3 done
Event: 11.073 loading class org/gradle/launcher/daemon/server/health/DaemonMemoryStatus$1
Event: 11.073 loading class org/gradle/launcher/daemon/server/health/DaemonMemoryStatus$1 done
Event: 11.073 loading class org/gradle/launcher/daemon/server/health/DaemonMemoryStatus$2
Event: 11.073 loading class org/gradle/launcher/daemon/server/health/DaemonMemoryStatus$2 done
Event: 11.073 loading class org/gradle/launcher/daemon/server/CompatibleDaemonExpirationStrategy$1
Event: 11.073 loading class org/gradle/launcher/daemon/server/CompatibleDaemonExpirationStrategy$1 done
Event: 11.074 loading class org/gradle/launcher/daemon/registry/PersistentDaemonRegistry$1
Event: 11.074 loading class org/gradle/launcher/daemon/registry/PersistentDaemonRegistry$1 done
Event: 11.074 loading class org/gradle/cache/internal/SimpleStateCache$1
Event: 11.074 loading class org/gradle/cache/internal/SimpleStateCache$1 done
Event: 11.076 loading class org/gradle/launcher/daemon/server/DaemonRegistryUnavailableExpirationStrategy$1
Event: 11.076 loading class org/gradle/launcher/daemon/server/DaemonRegistryUnavailableExpirationStrategy$1 done
Event: 11.077 loading class com/google/common/collect/Lists$TransformingSequentialList$1
Event: 11.077 loading class com/google/common/collect/Lists$TransformingSequentialList$1 done
Event: 11.077 loading class com/google/common/collect/TransformedListIterator
Event: 11.077 loading class com/google/common/collect/TransformedListIterator done
Event: 11.158 Executing VM operation: CGC_Operation
Event: 11.171 Executing VM operation: CGC_Operation done


Dynamic libraries:
0x00007ff619d40000 - 0x00007ff619d4a000 	D:\Program Files\Android\Android Studio\jre\bin\java.exe
0x00007ffb48cd0000 - 0x00007ffb48ec5000 	C:\Windows\SYSTEM32\ntdll.dll
0x00007ffb487d0000 - 0x00007ffb4888e000 	C:\Windows\System32\KERNEL32.DLL
0x00007ffb46a50000 - 0x00007ffb46d18000 	C:\Windows\System32\KERNELBASE.dll
0x00007ffb46950000 - 0x00007ffb46a50000 	C:\Windows\System32\ucrtbase.dll
0x00007ffb221e0000 - 0x00007ffb221f9000 	D:\Program Files\Android\Android Studio\jre\bin\jli.dll
0x00007ffb219e0000 - 0x00007ffb219f7000 	D:\Program Files\Android\Android Studio\jre\bin\VCRUNTIME140.dll
0x00007ffb47520000 - 0x00007ffb476c0000 	C:\Windows\System32\USER32.dll
0x00007ffb46490000 - 0x00007ffb464b2000 	C:\Windows\System32\win32u.dll
0x00007ffb2da60000 - 0x00007ffb2dcfa000 	C:\Windows\WinSxS\amd64_microsoft.windows.common-controls_6595b64144ccf1df_6.0.19041.1110_none_60b5254171f9507e\COMCTL32.dll
0x00007ffb477b0000 - 0x00007ffb477db000 	C:\Windows\System32\GDI32.dll
0x00007ffb47480000 - 0x00007ffb4751e000 	C:\Windows\System32\msvcrt.dll
0x00007ffb46840000 - 0x00007ffb4694d000 	C:\Windows\System32\gdi32full.dll
0x00007ffb464c0000 - 0x00007ffb4655d000 	C:\Windows\System32\msvcp_win.dll
0x00007ffb479b0000 - 0x00007ffb479e0000 	C:\Windows\System32\IMM32.DLL
0x00007ffb08c70000 - 0x00007ffb08d0d000 	D:\Program Files\Android\Android Studio\jre\bin\msvcp140.dll
0x00007ffae68e0000 - 0x00007ffae73af000 	D:\Program Files\Android\Android Studio\jre\bin\server\jvm.dll
0x00007ffb47a50000 - 0x00007ffb47afe000 	C:\Windows\System32\ADVAPI32.dll
0x00007ffb48bf0000 - 0x00007ffb48c8c000 	C:\Windows\System32\sechost.dll
0x00007ffb47870000 - 0x00007ffb47995000 	C:\Windows\System32\RPCRT4.dll
0x00007ffb47a40000 - 0x00007ffb47a48000 	C:\Windows\System32\PSAPI.DLL
0x00007ffb2a9c0000 - 0x00007ffb2a9e7000 	C:\Windows\SYSTEM32\WINMM.dll
0x00007ffb3f700000 - 0x00007ffb3f709000 	C:\Windows\SYSTEM32\WSOCK32.dll
0x00007ffb3b500000 - 0x00007ffb3b50a000 	C:\Windows\SYSTEM32\VERSION.dll
0x00007ffb47800000 - 0x00007ffb4786b000 	C:\Windows\System32\WS2_32.dll
0x00007ffb44c60000 - 0x00007ffb44c72000 	C:\Windows\SYSTEM32\kernel.appcore.dll
0x00007ffb3f4b0000 - 0x00007ffb3f4c1000 	D:\Program Files\Android\Android Studio\jre\bin\verify.dll
0x00007ffb44a10000 - 0x00007ffb44bf4000 	C:\Windows\SYSTEM32\DBGHELP.DLL
0x00007ffb2d180000 - 0x00007ffb2d1ac000 	C:\Windows\SYSTEM32\dbgcore.DLL
0x00007ffb467b0000 - 0x00007ffb46832000 	C:\Windows\System32\bcryptPrimitives.dll
0x00007ffb3f480000 - 0x00007ffb3f4a9000 	D:\Program Files\Android\Android Studio\jre\bin\java.dll
0x00007ffb3f510000 - 0x00007ffb3f51b000 	D:\Program Files\Android\Android Studio\jre\bin\jimage.dll
0x00007ffb3f410000 - 0x00007ffb3f428000 	D:\Program Files\Android\Android Studio\jre\bin\zip.dll
0x00007ffb47dd0000 - 0x00007ffb48514000 	C:\Windows\System32\SHELL32.dll
0x00007ffb44270000 - 0x00007ffb44a04000 	C:\Windows\SYSTEM32\windows.storage.dll
0x00007ffb48890000 - 0x00007ffb48be5000 	C:\Windows\System32\combase.dll
0x00007ffb45e30000 - 0x00007ffb45e5e000 	C:\Windows\SYSTEM32\Wldp.dll
0x00007ffb48520000 - 0x00007ffb485cd000 	C:\Windows\System32\SHCORE.dll
0x00007ffb48710000 - 0x00007ffb48765000 	C:\Windows\System32\shlwapi.dll
0x00007ffb46320000 - 0x00007ffb4633f000 	C:\Windows\SYSTEM32\profapi.dll
0x00007ffb33590000 - 0x00007ffb335aa000 	D:\Program Files\Android\Android Studio\jre\bin\net.dll
0x00007ffb3f740000 - 0x00007ffb3f84c000 	C:\Windows\SYSTEM32\WINHTTP.dll
0x00007ffb45b90000 - 0x00007ffb45bfa000 	C:\Windows\system32\mswsock.dll
0x00007ffb30ed0000 - 0x00007ffb30ee4000 	D:\Program Files\Android\Android Studio\jre\bin\nio.dll
0x00007ffb1de10000 - 0x00007ffb1de37000 	C:\Users\z'z\.gradle\native\8bec1ad78214c89d9ad589b4d07fe93259594b29d510b10fafb7a158f7737e5d\windows-amd64\native-platform.dll
0x00007ffaf3ae0000 - 0x00007ffaf3c1d000 	C:\Users\z'z\.gradle\native\53dbd7edfb1c66fb8903c78663c9afc45aea4f116125fa6feffd364cf09443e8\windows-amd64\native-platform-file-events.dll
0x00007ffb3f470000 - 0x00007ffb3f47a000 	D:\Program Files\Android\Android Studio\jre\bin\management.dll
0x00007ffb3f400000 - 0x00007ffb3f40c000 	D:\Program Files\Android\Android Studio\jre\bin\management_ext.dll
0x00007ffb45d80000 - 0x00007ffb45d98000 	C:\Windows\SYSTEM32\CRYPTSP.dll
0x00007ffb454a0000 - 0x00007ffb454d4000 	C:\Windows\system32\rsaenh.dll
0x00007ffb465d0000 - 0x00007ffb465f7000 	C:\Windows\System32\bcrypt.dll
0x00007ffb462a0000 - 0x00007ffb462ce000 	C:\Windows\SYSTEM32\USERENV.dll
0x00007ffb45da0000 - 0x00007ffb45dac000 	C:\Windows\SYSTEM32\CRYPTBASE.dll
0x00007ffb45830000 - 0x00007ffb4586b000 	C:\Windows\SYSTEM32\IPHLPAPI.DLL
0x00007ffb476c0000 - 0x00007ffb476c8000 	C:\Windows\System32\NSI.dll
0x00007ffb3c3d0000 - 0x00007ffb3c3e7000 	C:\Windows\SYSTEM32\dhcpcsvc6.DLL
0x00007ffb3c3b0000 - 0x00007ffb3c3cd000 	C:\Windows\SYSTEM32\dhcpcsvc.DLL
0x00007ffb458c0000 - 0x00007ffb4598b000 	C:\Windows\SYSTEM32\DNSAPI.dll

dbghelp: loaded successfully - version: 4.0.5 - missing functions: none
symbol engine: initialized successfully - sym options: 0x614 - pdb path: .;D:\Program Files\Android\Android Studio\jre\bin;C:\Windows\SYSTEM32;C:\Windows\WinSxS\amd64_microsoft.windows.common-controls_6595b64144ccf1df_6.0.19041.1110_none_60b5254171f9507e;D:\Program Files\Android\Android Studio\jre\bin\server;C:\Users\z'z\.gradle\native\8bec1ad78214c89d9ad589b4d07fe93259594b29d510b10fafb7a158f7737e5d\windows-amd64;C:\Users\z'z\.gradle\native\53dbd7edfb1c66fb8903c78663c9afc45aea4f116125fa6feffd364cf09443e8\windows-amd64

VM Arguments:
jvm_args: --add-opens=java.base/java.util=ALL-UNNAMED --add-opens=java.base/java.lang=ALL-UNNAMED --add-opens=java.base/java.lang.invoke=ALL-UNNAMED --add-opens=java.base/java.util=ALL-UNNAMED --add-opens=java.prefs/java.util.prefs=ALL-UNNAMED --add-opens=java.prefs/java.util.prefs=ALL-UNNAMED --add-opens=java.base/java.nio.charset=ALL-UNNAMED --add-opens=java.base/java.net=ALL-UNNAMED --add-opens=java.base/java.util.concurrent.atomic=ALL-UNNAMED -Xmx2048m -Dfile.encoding=UTF-8 -Duser.country=CN -Duser.language=zh -Duser.variant 
java_command: org.gradle.launcher.daemon.bootstrap.GradleDaemon 7.0.2
java_class_path (initial): C:\Users\z'z\.gradle\wrapper\dists\gradle-7.0.2-bin\857tjihv64xamwrf0h14cai3r\gradle-7.0.2\lib\gradle-launcher-7.0.2.jar
Launcher Type: SUN_STANDARD

[Global flags]
     intx CICompilerCount                          = 4                                         {product} {ergonomic}
     uint ConcGCThreads                            = 2                                         {product} {ergonomic}
     uint G1ConcRefinementThreads                  = 8                                         {product} {ergonomic}
   size_t G1HeapRegionSize                         = 1048576                                   {product} {ergonomic}
    uintx GCDrainStackTargetSize                   = 64                                        {product} {ergonomic}
   size_t InitialHeapSize                          = 266338304                                 {product} {ergonomic}
   size_t MarkStackSize                            = 4194304                                   {product} {ergonomic}
   size_t MaxHeapSize                              = 2147483648                                {product} {command line}
   size_t MaxNewSize                               = 1287651328                                {product} {ergonomic}
   size_t MinHeapDeltaBytes                        = 1048576                                   {product} {ergonomic}
    uintx NonNMethodCodeHeapSize                   = 5836300                                {pd product} {ergonomic}
    uintx NonProfiledCodeHeapSize                  = 122910970                              {pd product} {ergonomic}
    uintx ProfiledCodeHeapSize                     = 122910970                              {pd product} {ergonomic}
    uintx ReservedCodeCacheSize                    = 251658240                              {pd product} {ergonomic}
     bool SegmentedCodeCache                       = true                                      {product} {ergonomic}
     bool UseCompressedClassPointers               = true                                 {lp64_product} {ergonomic}
     bool UseCompressedOops                        = true                                 {lp64_product} {ergonomic}
     bool UseG1GC                                  = true                                      {product} {ergonomic}
     bool UseLargePagesIndividualAllocation        = false                                  {pd product} {ergonomic}

Logging:
Log output configuration:
 #0: stdout all=warning uptime,level,tags
 #1: stderr all=off uptime,level,tags

Environment Variables:
JAVA_HOME=D:\Program Files\Java\jdk1.8.0_131
PATH=C:\ProgramData\Oracle\Java\javapath;C:\Windows\system32;C:\Windows;C:\Windows\System32\Wbem;C:\Windows\System32\WindowsPowerShell\v1.0\;C:\Windows\System32\OpenSSH\;d:\Program Files\Git\cmd;D:\Program Files\Android\Sdk\platform-tools;D:\Program Files\nodejs\;C:\Users\z'z\AppData\Local\Microsoft\WindowsApps;D:\Program Files\Java\jdk1.8.0_131\bin;C:\Users\z'z\AppData\Roaming\npm
USERNAME=z'z
OS=Windows_NT
PROCESSOR_IDENTIFIER=Intel64 Family 6 Model 140 Stepping 2, GenuineIntel



---------------  S Y S T E M  ---------------

OS: Windows 10 , 64 bit Build 19041 (10.0.19041.1503)
OS uptime: 25 days 22:36 hours

CPU:total 8 (initial active 8) (4 cores per cpu, 2 threads per core) family 6 model 140 stepping 2 microcode 0x16, cmov, cx8, fxsr, mmx, sse, sse2, sse3, ssse3, sse4.1, sse4.2, popcnt, avx, avx2, aes, clmul, erms, 3dnowpref, lzcnt, ht, tsc, tscinvbit, bmi1, bmi2, adx, evex, sha, fma

Memory: 4k page, system-wide physical 16167M (1792M free)
TotalPageFile size 34917M (AvailPageFile size 13M)
current process WorkingSet (physical memory assigned to process): 563M, peak: 568M
current process commit charge ("private bytes"): 599M, peak: 603M

vm_info: OpenJDK 64-Bit Server VM (11.0.10+0-b96-7249189) for windows-amd64 JRE (11.0.10+0-b96-7249189), built on Mar 31 2021 21:44:00 by "builder" with MS VC++ 14.0 (VS2015)

END.
