#
# There is insufficient memory for the Java Runtime Environment to continue.
# Native memory allocation (malloc) failed to allocate 1149776 bytes for Chunk::new
# Possible reasons:
#   The system is out of physical RAM or swap space
#   The process is running with CompressedOops enabled, and the Java Heap may be blocking the growth of the native heap
# Possible solutions:
#   Reduce memory load on the system
#   Increase physical memory or swap space
#   Check if swap backing store is full
#   Decrease Java heap size (-Xmx/-Xms)
#   Decrease number of Java threads
#   Decrease Java thread stack sizes (-Xss)
#   Set larger code cache with -XX:ReservedCodeCacheSize=
#   JVM is running with Unscaled Compressed Oops mode in which the Java heap is
#     placed in the first 4GB address space. The Java Heap base address is the
#     maximum limit for the native heap growth. Please use -XX:HeapBaseMinAddress
#     to set the Java Heap base and to place the Java Heap above 4GB virtual address.
# This output file may be truncated or incomplete.
#
#  Out of Memory Error (./src/hotspot/share/memory/arena.cpp:197), pid=8024, tid=17744
#
# JRE version: OpenJDK Runtime Environment (11.0.10) (build 11.0.10+0-b96-7249189)
# Java VM: OpenJDK 64-Bit Server VM (11.0.10+0-b96-7249189, mixed mode, tiered, compressed oops, g1 gc, windows-amd64)
# No core dump will be written. Minidumps are not enabled by default on client versions of Windows
#

---------------  S U M M A R Y ------------

Command Line: --add-opens=java.base/java.util=ALL-UNNAMED --add-opens=java.base/java.lang=ALL-UNNAMED --add-opens=java.base/java.lang.invoke=ALL-UNNAMED --add-opens=java.base/java.util=ALL-UNNAMED --add-opens=java.prefs/java.util.prefs=ALL-UNNAMED --add-opens=java.prefs/java.util.prefs=ALL-UNNAMED --add-opens=java.base/java.nio.charset=ALL-UNNAMED --add-opens=java.base/java.net=ALL-UNNAMED --add-opens=java.base/java.util.concurrent.atomic=ALL-UNNAMED -Xmx2048m -Dfile.encoding=UTF-8 -Duser.country=CN -Duser.language=zh -Duser.variant org.gradle.launcher.daemon.bootstrap.GradleDaemon 7.0.2

Host: 11th Gen Intel(R) Core(TM) i5-11320H @ 3.20GHz, 8 cores, 15G,  Windows 10 , 64 bit Build 19041 (10.0.19041.1503)
Time: Thu Mar 24 23:36:13 2022 中国标准时间 elapsed time: 6.342442 seconds (0d 0h 0m 6s)

---------------  T H R E A D  ---------------

Current thread (0x0000017d77e98800):  JavaThread "C2 CompilerThread1" daemon [_thread_in_native, id=17744, stack(0x0000003464100000,0x0000003464200000)]


Current CompileTask:
C2:   6342 9819 %     4       com.android.tools.r8.dex.j::m @ 812 (2086 bytes)

Stack: [0x0000003464100000,0x0000003464200000]
Native frames: (J=compiled Java code, j=interpreted, Vv=VM code, C=native code)
V  [jvm.dll+0x5ecfaa]
V  [jvm.dll+0x722bd5]
V  [jvm.dll+0x72412d]
V  [jvm.dll+0x7247e3]
V  [jvm.dll+0x242928]
V  [jvm.dll+0xbc4fc]
V  [jvm.dll+0xbca0c]
V  [jvm.dll+0x352d3b]
V  [jvm.dll+0x320ad3]
V  [jvm.dll+0x31ffca]
V  [jvm.dll+0x1fb602]
V  [jvm.dll+0x1fa7f4]
V  [jvm.dll+0x18354c]
V  [jvm.dll+0x208ee7]
V  [jvm.dll+0x207731]
V  [jvm.dll+0x6eb1cf]
V  [jvm.dll+0x6e3d45]
V  [jvm.dll+0x5ebe96]
C  [ucrtbase.dll+0x21bb2]
C  [KERNEL32.DLL+0x17034]
C  [ntdll.dll+0x52651]


---------------  P R O C E S S  ---------------

Threads class SMR info:
_java_thread_list=0x0000017d7ea57670, length=65, elements={
0x0000017d5c6ac000, 0x0000017d77ba8800, 0x0000017d77bb2000, 0x0000017d77bd2800,
0x0000017d77c27000, 0x0000017d77c28800, 0x0000017d77c2b800, 0x0000017d77c2f000,
0x0000017d77c33000, 0x0000017d77d99800, 0x0000017d77e98800, 0x0000017d78318000,
0x0000017d7a2fd000, 0x0000017d7a488000, 0x0000017d7b3ae800, 0x0000017d7a2f0000,
0x0000017d7958d000, 0x0000017d7a7d3800, 0x0000017d79449000, 0x0000017d79fb4000,
0x0000017d7978e000, 0x0000017d7a2fa800, 0x0000017d7a2fb800, 0x0000017d7a2f9000,
0x0000017d7a2fa000, 0x0000017d7b6d6000, 0x0000017d7b6d4000, 0x0000017d7b6d5000,
0x0000017d7b6d0000, 0x0000017d7b6d1000, 0x0000017d7b6d6800, 0x0000017d7b6d7800,
0x0000017d7b6d8000, 0x0000017d7b6d3800, 0x0000017d7b6d2800, 0x0000017d7b6da000,
0x0000017d7b6de000, 0x0000017d7b6da800, 0x0000017d7b6dd000, 0x0000017d7b6d9000,
0x0000017d7b6db800, 0x0000017d7cd70000, 0x0000017d7cd6f000, 0x0000017d7cd74000,
0x0000017d7cd71000, 0x0000017d7cd75000, 0x0000017d7cd75800, 0x0000017d7cd71800,
0x0000017d7cd76800, 0x0000017d7cd77800, 0x0000017d7cd72800, 0x0000017d7cd78000,
0x0000017d7cd73000, 0x0000017d7cd79800, 0x0000017d7cd7d000, 0x0000017d7cd7c000,
0x0000017d7cd7b800, 0x0000017d7cd7e000, 0x0000017d7cd7a800, 0x0000017d7ebcd000,
0x0000017d7ebc7800, 0x0000017d7ebc8000, 0x0000017d7ebcb800, 0x0000017d7ebcc000,
0x0000017d7ebca800
}

Java Threads: ( => current thread )
  0x0000017d5c6ac000 JavaThread "main" [_thread_blocked, id=15404, stack(0x0000003463000000,0x0000003463100000)]
  0x0000017d77ba8800 JavaThread "Reference Handler" daemon [_thread_blocked, id=8744, stack(0x0000003463700000,0x0000003463800000)]
  0x0000017d77bb2000 JavaThread "Finalizer" daemon [_thread_blocked, id=18956, stack(0x0000003463800000,0x0000003463900000)]
  0x0000017d77bd2800 JavaThread "Signal Dispatcher" daemon [_thread_blocked, id=8524, stack(0x0000003463900000,0x0000003463a00000)]
  0x0000017d77c27000 JavaThread "Attach Listener" daemon [_thread_blocked, id=10560, stack(0x0000003463a00000,0x0000003463b00000)]
  0x0000017d77c28800 JavaThread "Service Thread" daemon [_thread_blocked, id=7200, stack(0x0000003463b00000,0x0000003463c00000)]
  0x0000017d77c2b800 JavaThread "C2 CompilerThread0" daemon [_thread_in_native, id=16932, stack(0x0000003463c00000,0x0000003463d00000)]
  0x0000017d77c2f000 JavaThread "C1 CompilerThread0" daemon [_thread_blocked, id=8212, stack(0x0000003463d00000,0x0000003463e00000)]
  0x0000017d77c33000 JavaThread "Sweeper thread" daemon [_thread_blocked, id=12728, stack(0x0000003463e00000,0x0000003463f00000)]
  0x0000017d77d99800 JavaThread "Common-Cleaner" daemon [_thread_blocked, id=2728, stack(0x0000003463f00000,0x0000003464000000)]
=>0x0000017d77e98800 JavaThread "C2 CompilerThread1" daemon [_thread_in_native, id=17744, stack(0x0000003464100000,0x0000003464200000)]
  0x0000017d78318000 JavaThread "C2 CompilerThread2" daemon [_thread_in_native, id=15604, stack(0x0000003464200000,0x0000003464300000)]
  0x0000017d7a2fd000 JavaThread "Daemon health stats" [_thread_blocked, id=7812, stack(0x0000003464800000,0x0000003464900000)]
  0x0000017d7a488000 JavaThread "Incoming local TCP Connector on port 50083" [_thread_in_native, id=6388, stack(0x0000003464900000,0x0000003464a00000)]
  0x0000017d7b3ae800 JavaThread "Daemon periodic checks" [_thread_blocked, id=16172, stack(0x0000003464a00000,0x0000003464b00000)]
  0x0000017d7a2f0000 JavaThread "Daemon" [_thread_blocked, id=19372, stack(0x0000003464b00000,0x0000003464c00000)]
  0x0000017d7958d000 JavaThread "Handler for socket connection from /127.0.0.1:50083 to /127.0.0.1:50084" [_thread_in_native, id=872, stack(0x0000003464c00000,0x0000003464d00000)]
  0x0000017d7a7d3800 JavaThread "Cancel handler" [_thread_blocked, id=17596, stack(0x0000003464d00000,0x0000003464e00000)]
  0x0000017d79449000 JavaThread "Daemon worker" [_thread_blocked, id=12680, stack(0x0000003464e00000,0x0000003464f00000)]
  0x0000017d79fb4000 JavaThread "Asynchronous log dispatcher for DefaultDaemonConnection: socket connection from /127.0.0.1:50083 to /127.0.0.1:50084" [_thread_blocked, id=19056, stack(0x0000003464f00000,0x0000003465000000)]
  0x0000017d7978e000 JavaThread "Stdin handler" [_thread_blocked, id=19140, stack(0x0000003465000000,0x0000003465100000)]
  0x0000017d7a2fa800 JavaThread "Daemon client event forwarder" [_thread_blocked, id=15932, stack(0x0000003465100000,0x0000003465200000)]
  0x0000017d7a2fb800 JavaThread "Cache worker for file hash cache (C:\Users\z'z\.gradle\caches\7.0.2\fileHashes)" [_thread_blocked, id=13980, stack(0x0000003465200000,0x0000003465300000)]
  0x0000017d7a2f9000 JavaThread "File lock request listener" [_thread_in_native, id=4764, stack(0x0000003465300000,0x0000003465400000)]
  0x0000017d7a2fa000 JavaThread "Cache worker for journal cache (C:\Users\z'z\.gradle\caches\journal-1)" [_thread_blocked, id=17664, stack(0x0000003465700000,0x0000003465800000)]
  0x0000017d7b6d6000 JavaThread "Cache worker for file hash cache (D:\AsProject\TabLayoutViewPagerFragment\.gradle\7.0.2\fileHashes)" [_thread_blocked, id=6656, stack(0x0000003465800000,0x0000003465900000)]
  0x0000017d7b6d4000 JavaThread "File watcher server" daemon [_thread_in_native, id=4968, stack(0x0000003465900000,0x0000003465a00000)]
  0x0000017d7b6d5000 JavaThread "File watcher consumer" daemon [_thread_blocked, id=18332, stack(0x0000003465a00000,0x0000003465b00000)]
  0x0000017d7b6d0000 JavaThread "Cache worker for checksums cache (D:\AsProject\TabLayoutViewPagerFragment\.gradle\checksums)" [_thread_blocked, id=15208, stack(0x0000003465b00000,0x0000003465c00000)]
  0x0000017d7b6d1000 JavaThread "Cache worker for cache directory md-supplier (C:\Users\z'z\.gradle\caches\7.0.2\md-supplier)" [_thread_blocked, id=13156, stack(0x0000003465c00000,0x0000003465d00000)]
  0x0000017d7b6d6800 JavaThread "Cache worker for cache directory md-rule (C:\Users\z'z\.gradle\caches\7.0.2\md-rule)" [_thread_blocked, id=14572, stack(0x0000003465d00000,0x0000003465e00000)]
  0x0000017d7b6d7800 JavaThread "Cache worker for execution history cache (C:\Users\z'z\.gradle\caches\7.0.2\executionHistory)" [_thread_blocked, id=6792, stack(0x0000003465e00000,0x0000003465f00000)]
  0x0000017d7b6d8000 JavaThread "jar transforms" [_thread_blocked, id=14084, stack(0x0000003465f00000,0x0000003466000000)]
  0x0000017d7b6d3800 JavaThread "jar transforms Thread 2" [_thread_blocked, id=17980, stack(0x0000003466000000,0x0000003466100000)]
  0x0000017d7b6d2800 JavaThread "Cache worker for file content cache (C:\Users\z'z\.gradle\caches\7.0.2\fileContent)" [_thread_blocked, id=5740, stack(0x0000003466100000,0x0000003466200000)]
  0x0000017d7b6da000 JavaThread "Cache worker for dependencies-accessors (D:\AsProject\TabLayoutViewPagerFragment\.gradle\7.0.2\dependencies-accessors)" [_thread_blocked, id=13628, stack(0x0000003466200000,0x0000003466300000)]
  0x0000017d7b6de000 JavaThread "jar transforms Thread 3" [_thread_blocked, id=12772, stack(0x0000003466300000,0x0000003466400000)]
  0x0000017d7b6da800 JavaThread "Cache worker for Build Output Cleanup Cache (D:\AsProject\TabLayoutViewPagerFragment\.gradle\buildOutputCleanup)" [_thread_blocked, id=18324, stack(0x0000003466400000,0x0000003466500000)]
  0x0000017d7b6dd000 JavaThread "Build operations" [_thread_blocked, id=7580, stack(0x0000003466500000,0x0000003466600000)]
  0x0000017d7b6d9000 JavaThread "Build operations Thread 2" [_thread_blocked, id=18064, stack(0x0000003466600000,0x0000003466700000)]
  0x0000017d7b6db800 JavaThread "Build operations Thread 3" [_thread_blocked, id=18448, stack(0x0000003466700000,0x0000003466800000)]
  0x0000017d7cd70000 JavaThread "Build operations Thread 4" [_thread_blocked, id=1932, stack(0x0000003466800000,0x0000003466900000)]
  0x0000017d7cd6f000 JavaThread "Build operations Thread 5" [_thread_blocked, id=8424, stack(0x0000003466900000,0x0000003466a00000)]
  0x0000017d7cd74000 JavaThread "Build operations Thread 6" [_thread_blocked, id=3864, stack(0x0000003466a00000,0x0000003466b00000)]
  0x0000017d7cd71000 JavaThread "Build operations Thread 7" [_thread_blocked, id=4000, stack(0x0000003466b00000,0x0000003466c00000)]
  0x0000017d7cd75000 JavaThread "Build operations Thread 8" [_thread_blocked, id=9080, stack(0x0000003466c00000,0x0000003466d00000)]
  0x0000017d7cd75800 JavaThread "jar transforms Thread 4" [_thread_blocked, id=14668, stack(0x0000003466d00000,0x0000003466e00000)]
  0x0000017d7cd71800 JavaThread "jar transforms Thread 5" [_thread_blocked, id=2476, stack(0x0000003466e00000,0x0000003466f00000)]
  0x0000017d7cd76800 JavaThread "jar transforms Thread 6" [_thread_blocked, id=8016, stack(0x0000003466f00000,0x0000003467000000)]
  0x0000017d7cd77800 JavaThread "jar transforms Thread 7" [_thread_blocked, id=7636, stack(0x0000003467000000,0x0000003467100000)]
  0x0000017d7cd72800 JavaThread "jar transforms Thread 8" [_thread_blocked, id=16036, stack(0x0000003467100000,0x0000003467200000)]
  0x0000017d7cd78000 JavaThread "Memory manager" [_thread_blocked, id=9756, stack(0x0000003467200000,0x0000003467300000)]
  0x0000017d7cd73000 JavaThread "build event listener" [_thread_blocked, id=18952, stack(0x0000003467300000,0x0000003467400000)]
  0x0000017d7cd79800 JavaThread "Execution worker for ':'" [_thread_blocked, id=13276, stack(0x0000003467400000,0x0000003467500000)]
  0x0000017d7cd7d000 JavaThread "Execution worker for ':' Thread 2" [_thread_blocked, id=8864, stack(0x0000003467500000,0x0000003467600000)]
  0x0000017d7cd7c000 JavaThread "Execution worker for ':' Thread 3" [_thread_blocked, id=14864, stack(0x0000003467600000,0x0000003467700000)]
  0x0000017d7cd7b800 JavaThread "Execution worker for ':' Thread 4" [_thread_blocked, id=12416, stack(0x0000003467700000,0x0000003467800000)]
  0x0000017d7cd7e000 JavaThread "Execution worker for ':' Thread 5" [_thread_blocked, id=5964, stack(0x0000003467800000,0x0000003467900000)]
  0x0000017d7cd7a800 JavaThread "Execution worker for ':' Thread 6" [_thread_in_vm, id=2956, stack(0x0000003467900000,0x0000003467a00000)]
  0x0000017d7ebcd000 JavaThread "Execution worker for ':' Thread 7" [_thread_blocked, id=6560, stack(0x0000003467a00000,0x0000003467b00000)]
  0x0000017d7ebc7800 JavaThread "Cache worker for execution history cache (D:\AsProject\TabLayoutViewPagerFragment\.gradle\7.0.2\executionHistory)" [_thread_blocked, id=9720, stack(0x0000003467b00000,0x0000003467c00000)]
  0x0000017d7ebc8000 JavaThread "WorkerExecutor Queue" [_thread_blocked, id=10008, stack(0x0000003467c00000,0x0000003467d00000)]
  0x0000017d7ebcb800 JavaThread "WorkerExecutor Queue Thread 2" [_thread_blocked, id=6912, stack(0x0000003467d00000,0x0000003467e00000)]
  0x0000017d7ebcc000 JavaThread "WorkerExecutor Queue Thread 3" [_thread_blocked, id=4684, stack(0x0000003467e00000,0x0000003467f00000)]
  0x0000017d7ebca800 JavaThread "WorkerExecutor Queue Thread 4" [_thread_in_Java, id=6136, stack(0x0000003467f00000,0x0000003468000000)]

Other Threads:
  0x0000017d77ba5000 VMThread "VM Thread" [stack: 0x0000003463600000,0x0000003463700000] [id=5460]
  0x0000017d77db2800 WatcherThread [stack: 0x0000003464000000,0x0000003464100000] [id=10072]
  0x0000017d5c6c3800 GCTaskThread "GC Thread#0" [stack: 0x0000003463100000,0x0000003463200000] [id=11836]
  0x0000017d791fb800 GCTaskThread "GC Thread#1" [stack: 0x0000003464300000,0x0000003464400000] [id=9652]
  0x0000017d79151800 GCTaskThread "GC Thread#2" [stack: 0x0000003464400000,0x0000003464500000] [id=17516]
  0x0000017d78834800 GCTaskThread "GC Thread#3" [stack: 0x0000003464500000,0x0000003464600000] [id=8708]
  0x0000017d78d20000 GCTaskThread "GC Thread#4" [stack: 0x0000003464600000,0x0000003464700000] [id=14216]
  0x0000017d78b0c000 GCTaskThread "GC Thread#5" [stack: 0x0000003464700000,0x0000003464800000] [id=9320]
  0x0000017d7b04c000 GCTaskThread "GC Thread#6" [stack: 0x0000003465400000,0x0000003465500000] [id=7568]
  0x0000017d7aba6000 GCTaskThread "GC Thread#7" [stack: 0x0000003465500000,0x0000003465600000] [id=8612]
  0x0000017d5c6f7000 ConcurrentGCThread "G1 Main Marker" [stack: 0x0000003463200000,0x0000003463300000] [id=12644]
  0x0000017d5c6f8000 ConcurrentGCThread "G1 Conc#0" [stack: 0x0000003463300000,0x0000003463400000] [id=12488]
  0x0000017d7a20f000 ConcurrentGCThread "G1 Conc#1" [stack: 0x0000003465600000,0x0000003465700000] [id=15260]
  0x0000017d771ee000 ConcurrentGCThread "G1 Refine#0" [stack: 0x0000003463400000,0x0000003463500000] [id=7660]
  0x0000017d771ef000 ConcurrentGCThread "G1 Young RemSet Sampling" [stack: 0x0000003463500000,0x0000003463600000] [id=13296]

Threads with active compile tasks:
C2 CompilerThread0   6351 9908       4       java.lang.Long::parseLong (267 bytes)
C2 CompilerThread1   6351 9819 %     4       com.android.tools.r8.dex.j::m @ 812 (2086 bytes)
C2 CompilerThread2   6351 9910  s    4       com.android.tools.r8.graph.T::c (6 bytes)

VM state:not at safepoint (normal execution)

VM Mutex/Monitor currently owned by a thread: None

Heap address: 0x0000000080000000, size: 2048 MB, Compressed Oops mode: 32-bit
Narrow klass base: 0x0000000000000000, Narrow klass shift: 3
Compressed class space size: 1073741824 Address: 0x0000000100000000

Heap:
 garbage-first heap   total 260096K, used 121119K [0x0000000080000000, 0x0000000100000000)
  region size 1024K, 55 young (56320K), 18 survivors (18432K)
 Metaspace       used 87573K, capacity 89960K, committed 90112K, reserved 1126400K
  class space    used 11418K, capacity 12283K, committed 12288K, reserved 1048576K
Heap Regions: E=young(eden), S=young(survivor), O=old, HS=humongous(starts), HC=humongous(continues), CS=collection set, F=free, A=archive, TAMS=top-at-mark-start (previous, next)
|   0|0x0000000080000000, 0x0000000080100000, 0x0000000080100000|100%| O|  |TAMS 0x0000000080100000, 0x0000000080000000| Untracked 
|   1|0x0000000080100000, 0x0000000080200000, 0x0000000080200000|100%| O|  |TAMS 0x0000000080200000, 0x0000000080100000| Untracked 
|   2|0x0000000080200000, 0x0000000080300000, 0x0000000080300000|100%| O|  |TAMS 0x0000000080300000, 0x0000000080200000| Untracked 
|   3|0x0000000080300000, 0x0000000080400000, 0x0000000080400000|100%|HS|  |TAMS 0x0000000080400000, 0x0000000080300000| Complete 
|   4|0x0000000080400000, 0x0000000080500000, 0x0000000080500000|100%|HC|  |TAMS 0x0000000080500000, 0x0000000080400000| Complete 
|   5|0x0000000080500000, 0x0000000080600000, 0x0000000080600000|100%|HC|  |TAMS 0x0000000080600000, 0x0000000080500000| Complete 
|   6|0x0000000080600000, 0x0000000080700000, 0x0000000080700000|100%| O|  |TAMS 0x0000000080700000, 0x0000000080600000| Untracked 
|   7|0x0000000080700000, 0x0000000080800000, 0x0000000080800000|100%| O|  |TAMS 0x0000000080800000, 0x0000000080700000| Untracked 
|   8|0x0000000080800000, 0x0000000080900000, 0x0000000080900000|100%| O|  |TAMS 0x0000000080900000, 0x0000000080800000| Untracked 
|   9|0x0000000080900000, 0x0000000080a00000, 0x0000000080a00000|100%| O|  |TAMS 0x0000000080a00000, 0x0000000080900000| Untracked 
|  10|0x0000000080a00000, 0x0000000080b00000, 0x0000000080b00000|100%| O|  |TAMS 0x0000000080b00000, 0x0000000080a00000| Untracked 
|  11|0x0000000080b00000, 0x0000000080c00000, 0x0000000080c00000|100%| O|  |TAMS 0x0000000080c00000, 0x0000000080b00000| Untracked 
|  12|0x0000000080c00000, 0x0000000080d00000, 0x0000000080d00000|100%| O|  |TAMS 0x0000000080d00000, 0x0000000080c00000| Untracked 
|  13|0x0000000080d00000, 0x0000000080e00000, 0x0000000080e00000|100%| O|  |TAMS 0x0000000080e00000, 0x0000000080d00000| Untracked 
|  14|0x0000000080e00000, 0x0000000080f00000, 0x0000000080f00000|100%| O|  |TAMS 0x0000000080f00000, 0x0000000080e00000| Untracked 
|  15|0x0000000080f00000, 0x0000000081000000, 0x0000000081000000|100%| O|  |TAMS 0x0000000081000000, 0x0000000080f00000| Untracked 
|  16|0x0000000081000000, 0x0000000081100000, 0x0000000081100000|100%|HS|  |TAMS 0x0000000081100000, 0x0000000081000000| Complete 
|  17|0x0000000081100000, 0x0000000081200000, 0x0000000081200000|100%|HS|  |TAMS 0x0000000081200000, 0x0000000081100000| Complete 
|  18|0x0000000081200000, 0x0000000081300000, 0x0000000081300000|100%|HS|  |TAMS 0x0000000081300000, 0x0000000081200000| Complete 
|  19|0x0000000081300000, 0x0000000081400000, 0x0000000081400000|100%|HC|  |TAMS 0x0000000081400000, 0x0000000081300000| Complete 
|  20|0x0000000081400000, 0x0000000081500000, 0x0000000081500000|100%| O|  |TAMS 0x0000000081500000, 0x0000000081400000| Untracked 
|  21|0x0000000081500000, 0x0000000081600000, 0x0000000081600000|100%| O|  |TAMS 0x0000000081600000, 0x0000000081500000| Untracked 
|  22|0x0000000081600000, 0x0000000081700000, 0x0000000081700000|100%| O|  |TAMS 0x0000000081700000, 0x0000000081600000| Untracked 
|  23|0x0000000081700000, 0x0000000081800000, 0x0000000081800000|100%| O|  |TAMS 0x0000000081800000, 0x0000000081700000| Untracked 
|  24|0x0000000081800000, 0x0000000081900000, 0x0000000081900000|100%| O|  |TAMS 0x00000000818bfa00, 0x0000000081800000| Untracked 
|  25|0x0000000081900000, 0x0000000081a00000, 0x0000000081a00000|100%| O|  |TAMS 0x0000000081900000, 0x0000000081900000| Untracked 
|  26|0x0000000081a00000, 0x0000000081b00000, 0x0000000081b00000|100%| O|  |TAMS 0x0000000081a00000, 0x0000000081a00000| Untracked 
|  27|0x0000000081b00000, 0x0000000081c00000, 0x0000000081c00000|100%| O|  |TAMS 0x0000000081b00000, 0x0000000081b00000| Untracked 
|  28|0x0000000081c00000, 0x0000000081d00000, 0x0000000081d00000|100%| O|  |TAMS 0x0000000081c00000, 0x0000000081c00000| Untracked 
|  29|0x0000000081d00000, 0x0000000081e00000, 0x0000000081e00000|100%| O|  |TAMS 0x0000000081d00000, 0x0000000081d00000| Untracked 
|  30|0x0000000081e00000, 0x0000000081f00000, 0x0000000081f00000|100%| O|  |TAMS 0x0000000081e00000, 0x0000000081e00000| Untracked 
|  31|0x0000000081f00000, 0x0000000082000000, 0x0000000082000000|100%| O|  |TAMS 0x0000000081f00000, 0x0000000081f00000| Untracked 
|  32|0x0000000082000000, 0x0000000082100000, 0x0000000082100000|100%| O|  |TAMS 0x0000000082000000, 0x0000000082000000| Untracked 
|  33|0x0000000082100000, 0x0000000082200000, 0x0000000082200000|100%| O|  |TAMS 0x0000000082100000, 0x0000000082100000| Untracked 
|  34|0x0000000082200000, 0x0000000082300000, 0x0000000082300000|100%| O|  |TAMS 0x0000000082200000, 0x0000000082200000| Untracked 
|  35|0x0000000082300000, 0x0000000082400000, 0x0000000082400000|100%| O|  |TAMS 0x0000000082300000, 0x0000000082300000| Untracked 
|  36|0x0000000082400000, 0x0000000082500000, 0x0000000082500000|100%| O|  |TAMS 0x0000000082400000, 0x0000000082400000| Untracked 
|  37|0x0000000082500000, 0x0000000082600000, 0x0000000082600000|100%| O|  |TAMS 0x0000000082500000, 0x0000000082500000| Untracked 
|  38|0x0000000082600000, 0x0000000082700000, 0x0000000082700000|100%| O|  |TAMS 0x0000000082600000, 0x0000000082600000| Untracked 
|  39|0x0000000082700000, 0x0000000082800000, 0x0000000082800000|100%| O|  |TAMS 0x0000000082700000, 0x0000000082700000| Untracked 
|  40|0x0000000082800000, 0x0000000082900000, 0x0000000082900000|100%| O|  |TAMS 0x0000000082800000, 0x0000000082800000| Untracked 
|  41|0x0000000082900000, 0x0000000082a00000, 0x0000000082a00000|100%| O|  |TAMS 0x0000000082900000, 0x0000000082900000| Untracked 
|  42|0x0000000082a00000, 0x0000000082b00000, 0x0000000082b00000|100%| O|  |TAMS 0x0000000082a00000, 0x0000000082a00000| Untracked 
|  43|0x0000000082b00000, 0x0000000082c00000, 0x0000000082c00000|100%| O|  |TAMS 0x0000000082b00000, 0x0000000082b00000| Untracked 
|  44|0x0000000082c00000, 0x0000000082d00000, 0x0000000082d00000|100%| O|  |TAMS 0x0000000082c00000, 0x0000000082c00000| Untracked 
|  45|0x0000000082d00000, 0x0000000082e00000, 0x0000000082e00000|100%| O|  |TAMS 0x0000000082d00000, 0x0000000082d00000| Untracked 
|  46|0x0000000082e00000, 0x0000000082f00000, 0x0000000082f00000|100%| O|  |TAMS 0x0000000082e00000, 0x0000000082e00000| Untracked 
|  47|0x0000000082f00000, 0x0000000083000000, 0x0000000083000000|100%| O|  |TAMS 0x0000000082f00000, 0x0000000082f00000| Untracked 
|  48|0x0000000083000000, 0x0000000083100000, 0x0000000083100000|100%| O|  |TAMS 0x0000000083000000, 0x0000000083000000| Untracked 
|  49|0x0000000083100000, 0x0000000083200000, 0x0000000083200000|100%| O|  |TAMS 0x0000000083100000, 0x0000000083100000| Untracked 
|  50|0x0000000083200000, 0x0000000083300000, 0x0000000083300000|100%| O|  |TAMS 0x0000000083200000, 0x0000000083200000| Untracked 
|  51|0x0000000083300000, 0x0000000083400000, 0x0000000083400000|100%| O|  |TAMS 0x0000000083300000, 0x0000000083300000| Untracked 
|  52|0x0000000083400000, 0x0000000083500000, 0x0000000083500000|100%| O|  |TAMS 0x0000000083400000, 0x0000000083400000| Untracked 
|  53|0x0000000083500000, 0x0000000083547e00, 0x0000000083600000| 28%| O|  |TAMS 0x0000000083500000, 0x0000000083500000| Untracked 
|  54|0x0000000083600000, 0x0000000083700000, 0x0000000083700000|100%|HS|  |TAMS 0x0000000083600000, 0x0000000083600000| Complete 
|  55|0x0000000083700000, 0x0000000083800000, 0x0000000083800000|100%|HC|  |TAMS 0x0000000083700000, 0x0000000083700000| Complete 
|  56|0x0000000083800000, 0x0000000083900000, 0x0000000083900000|100%|HS|  |TAMS 0x0000000083800000, 0x0000000083800000| Complete 
|  57|0x0000000083900000, 0x0000000083a00000, 0x0000000083a00000|100%|HS|  |TAMS 0x0000000083900000, 0x0000000083900000| Complete 
|  58|0x0000000083a00000, 0x0000000083b00000, 0x0000000083b00000|100%|HS|  |TAMS 0x0000000083a00000, 0x0000000083a00000| Complete 
|  59|0x0000000083b00000, 0x0000000083c00000, 0x0000000083c00000|100%|HC|  |TAMS 0x0000000083b00000, 0x0000000083b00000| Complete 
|  60|0x0000000083c00000, 0x0000000083d00000, 0x0000000083d00000|100%|HS|  |TAMS 0x0000000083c00000, 0x0000000083c00000| Complete 
|  61|0x0000000083d00000, 0x0000000083e00000, 0x0000000083e00000|100%|HC|  |TAMS 0x0000000083d00000, 0x0000000083d00000| Complete 
|  62|0x0000000083e00000, 0x0000000083f00000, 0x0000000083f00000|100%|HS|  |TAMS 0x0000000083e00000, 0x0000000083e00000| Complete 
|  63|0x0000000083f00000, 0x0000000084000000, 0x0000000084000000|100%|HS|  |TAMS 0x0000000083f00000, 0x0000000083f00000| Complete 
|  64|0x0000000084000000, 0x0000000084100000, 0x0000000084100000|100%|HS|  |TAMS 0x0000000084000000, 0x0000000084000000| Complete 
|  65|0x0000000084100000, 0x0000000084200000, 0x0000000084200000|100%|HS|  |TAMS 0x0000000084100000, 0x0000000084100000| Complete 
|  66|0x0000000084200000, 0x0000000084200000, 0x0000000084300000|  0%| F|  |TAMS 0x0000000084200000, 0x0000000084200000| Untracked 
|  67|0x0000000084300000, 0x0000000084300000, 0x0000000084400000|  0%| F|  |TAMS 0x0000000084300000, 0x0000000084300000| Untracked 
|  68|0x0000000084400000, 0x0000000084400000, 0x0000000084500000|  0%| F|  |TAMS 0x0000000084400000, 0x0000000084400000| Untracked 
|  69|0x0000000084500000, 0x0000000084500000, 0x0000000084600000|  0%| F|  |TAMS 0x0000000084500000, 0x0000000084500000| Untracked 
|  70|0x0000000084600000, 0x0000000084600000, 0x0000000084700000|  0%| F|  |TAMS 0x0000000084600000, 0x0000000084600000| Untracked 
|  71|0x0000000084700000, 0x0000000084700000, 0x0000000084800000|  0%| F|  |TAMS 0x0000000084700000, 0x0000000084700000| Untracked 
|  72|0x0000000084800000, 0x0000000084800000, 0x0000000084900000|  0%| F|  |TAMS 0x0000000084800000, 0x0000000084800000| Untracked 
|  73|0x0000000084900000, 0x0000000084900000, 0x0000000084a00000|  0%| F|  |TAMS 0x0000000084900000, 0x0000000084900000| Untracked 
|  74|0x0000000084a00000, 0x0000000084a00000, 0x0000000084b00000|  0%| F|  |TAMS 0x0000000084a00000, 0x0000000084a00000| Untracked 
|  75|0x0000000084b00000, 0x0000000084b00000, 0x0000000084c00000|  0%| F|  |TAMS 0x0000000084b00000, 0x0000000084b00000| Untracked 
|  76|0x0000000084c00000, 0x0000000084c00000, 0x0000000084d00000|  0%| F|  |TAMS 0x0000000084c00000, 0x0000000084c00000| Untracked 
|  77|0x0000000084d00000, 0x0000000084d00000, 0x0000000084e00000|  0%| F|  |TAMS 0x0000000084d00000, 0x0000000084d00000| Untracked 
|  78|0x0000000084e00000, 0x0000000084e00000, 0x0000000084f00000|  0%| F|  |TAMS 0x0000000084e00000, 0x0000000084e00000| Untracked 
|  79|0x0000000084f00000, 0x0000000084f00000, 0x0000000085000000|  0%| F|  |TAMS 0x0000000084f00000, 0x0000000084f00000| Untracked 
|  80|0x0000000085000000, 0x0000000085000000, 0x0000000085100000|  0%| F|  |TAMS 0x0000000085000000, 0x0000000085000000| Untracked 
|  81|0x0000000085100000, 0x0000000085100000, 0x0000000085200000|  0%| F|  |TAMS 0x0000000085100000, 0x0000000085100000| Untracked 
|  82|0x0000000085200000, 0x0000000085200000, 0x0000000085300000|  0%| F|  |TAMS 0x0000000085200000, 0x0000000085200000| Untracked 
|  83|0x0000000085300000, 0x0000000085300000, 0x0000000085400000|  0%| F|  |TAMS 0x0000000085300000, 0x0000000085300000| Untracked 
|  84|0x0000000085400000, 0x0000000085400000, 0x0000000085500000|  0%| F|  |TAMS 0x0000000085400000, 0x0000000085400000| Untracked 
|  85|0x0000000085500000, 0x0000000085500000, 0x0000000085600000|  0%| F|  |TAMS 0x0000000085500000, 0x0000000085500000| Untracked 
|  86|0x0000000085600000, 0x0000000085600000, 0x0000000085700000|  0%| F|  |TAMS 0x0000000085600000, 0x0000000085600000| Untracked 
|  87|0x0000000085700000, 0x0000000085700000, 0x0000000085800000|  0%| F|  |TAMS 0x0000000085700000, 0x0000000085700000| Untracked 
|  88|0x0000000085800000, 0x0000000085800000, 0x0000000085900000|  0%| F|  |TAMS 0x0000000085800000, 0x0000000085800000| Untracked 
|  89|0x0000000085900000, 0x0000000085900000, 0x0000000085a00000|  0%| F|  |TAMS 0x0000000085900000, 0x0000000085900000| Untracked 
|  90|0x0000000085a00000, 0x0000000085a00000, 0x0000000085b00000|  0%| F|  |TAMS 0x0000000085a00000, 0x0000000085a00000| Untracked 
|  91|0x0000000085b00000, 0x0000000085b00000, 0x0000000085c00000|  0%| F|  |TAMS 0x0000000085b00000, 0x0000000085b00000| Untracked 
|  92|0x0000000085c00000, 0x0000000085c00000, 0x0000000085d00000|  0%| F|  |TAMS 0x0000000085c00000, 0x0000000085c00000| Untracked 
|  93|0x0000000085d00000, 0x0000000085d00000, 0x0000000085e00000|  0%| F|  |TAMS 0x0000000085d00000, 0x0000000085d00000| Untracked 
|  94|0x0000000085e00000, 0x0000000085f00000, 0x0000000085f00000|100%| S|CS|TAMS 0x0000000085e00000, 0x0000000085e00000| Complete 
|  95|0x0000000085f00000, 0x0000000086000000, 0x0000000086000000|100%| S|CS|TAMS 0x0000000085f00000, 0x0000000085f00000| Complete 
|  96|0x0000000086000000, 0x0000000086100000, 0x0000000086100000|100%| S|CS|TAMS 0x0000000086000000, 0x0000000086000000| Complete 
|  97|0x0000000086100000, 0x0000000086200000, 0x0000000086200000|100%| S|CS|TAMS 0x0000000086100000, 0x0000000086100000| Complete 
|  98|0x0000000086200000, 0x0000000086300000, 0x0000000086300000|100%| S|CS|TAMS 0x0000000086200000, 0x0000000086200000| Complete 
|  99|0x0000000086300000, 0x0000000086400000, 0x0000000086400000|100%| S|CS|TAMS 0x0000000086300000, 0x0000000086300000| Complete 
| 100|0x0000000086400000, 0x0000000086500000, 0x0000000086500000|100%| S|CS|TAMS 0x0000000086400000, 0x0000000086400000| Complete 
| 101|0x0000000086500000, 0x0000000086600000, 0x0000000086600000|100%| S|CS|TAMS 0x0000000086500000, 0x0000000086500000| Complete 
| 102|0x0000000086600000, 0x0000000086700000, 0x0000000086700000|100%| S|CS|TAMS 0x0000000086600000, 0x0000000086600000| Complete 
| 103|0x0000000086700000, 0x0000000086800000, 0x0000000086800000|100%| S|CS|TAMS 0x0000000086700000, 0x0000000086700000| Complete 
| 104|0x0000000086800000, 0x0000000086900000, 0x0000000086900000|100%| S|CS|TAMS 0x0000000086800000, 0x0000000086800000| Complete 
| 105|0x0000000086900000, 0x0000000086a00000, 0x0000000086a00000|100%| S|CS|TAMS 0x0000000086900000, 0x0000000086900000| Complete 
| 106|0x0000000086a00000, 0x0000000086a00000, 0x0000000086b00000|  0%| F|  |TAMS 0x0000000086a00000, 0x0000000086a00000| Untracked 
| 107|0x0000000086b00000, 0x0000000086b00000, 0x0000000086c00000|  0%| F|  |TAMS 0x0000000086b00000, 0x0000000086b00000| Untracked 
| 108|0x0000000086c00000, 0x0000000086d00000, 0x0000000086d00000|100%| S|CS|TAMS 0x0000000086c00000, 0x0000000086c00000| Complete 
| 109|0x0000000086d00000, 0x0000000086e00000, 0x0000000086e00000|100%| S|CS|TAMS 0x0000000086d00000, 0x0000000086d00000| Complete 
| 110|0x0000000086e00000, 0x0000000086e00000, 0x0000000086f00000|  0%| F|  |TAMS 0x0000000086e00000, 0x0000000086e00000| Untracked 
| 111|0x0000000086f00000, 0x0000000086f00000, 0x0000000087000000|  0%| F|  |TAMS 0x0000000086f00000, 0x0000000086f00000| Untracked 
| 112|0x0000000087000000, 0x0000000087000000, 0x0000000087100000|  0%| F|  |TAMS 0x0000000087000000, 0x0000000087000000| Untracked 
| 113|0x0000000087100000, 0x0000000087100000, 0x0000000087200000|  0%| F|  |TAMS 0x0000000087100000, 0x0000000087100000| Untracked 
| 114|0x0000000087200000, 0x0000000087200000, 0x0000000087300000|  0%| F|  |TAMS 0x0000000087200000, 0x0000000087200000| Untracked 
| 115|0x0000000087300000, 0x0000000087300000, 0x0000000087400000|  0%| F|  |TAMS 0x0000000087300000, 0x0000000087300000| Untracked 
| 116|0x0000000087400000, 0x0000000087400000, 0x0000000087500000|  0%| F|  |TAMS 0x0000000087400000, 0x0000000087400000| Untracked 
| 117|0x0000000087500000, 0x0000000087500000, 0x0000000087600000|  0%| F|  |TAMS 0x0000000087500000, 0x0000000087500000| Untracked 
| 118|0x0000000087600000, 0x0000000087700000, 0x0000000087700000|100%| S|CS|TAMS 0x0000000087600000, 0x0000000087600000| Complete 
| 119|0x0000000087700000, 0x0000000087800000, 0x0000000087800000|100%| S|CS|TAMS 0x0000000087700000, 0x0000000087700000| Complete 
| 120|0x0000000087800000, 0x0000000087900000, 0x0000000087900000|100%| S|CS|TAMS 0x0000000087800000, 0x0000000087800000| Complete 
| 121|0x0000000087900000, 0x0000000087a00000, 0x0000000087a00000|100%| S|CS|TAMS 0x0000000087900000, 0x0000000087900000| Complete 
| 122|0x0000000087a00000, 0x0000000087a00000, 0x0000000087b00000|  0%| F|  |TAMS 0x0000000087a00000, 0x0000000087a00000| Untracked 
| 123|0x0000000087b00000, 0x0000000087b00000, 0x0000000087c00000|  0%| F|  |TAMS 0x0000000087b00000, 0x0000000087b00000| Untracked 
| 124|0x0000000087c00000, 0x0000000087c00000, 0x0000000087d00000|  0%| F|  |TAMS 0x0000000087c00000, 0x0000000087c00000| Untracked 
| 125|0x0000000087d00000, 0x0000000087d00000, 0x0000000087e00000|  0%| F|  |TAMS 0x0000000087d00000, 0x0000000087d00000| Untracked 
| 126|0x0000000087e00000, 0x0000000087e00000, 0x0000000087f00000|  0%| F|  |TAMS 0x0000000087e00000, 0x0000000087e00000| Untracked 
| 127|0x0000000087f00000, 0x0000000087f00000, 0x0000000088000000|  0%| F|  |TAMS 0x0000000087f00000, 0x0000000087f00000| Untracked 
| 128|0x0000000088000000, 0x0000000088000000, 0x0000000088100000|  0%| F|  |TAMS 0x0000000088000000, 0x0000000088000000| Untracked 
| 129|0x0000000088100000, 0x0000000088100000, 0x0000000088200000|  0%| F|  |TAMS 0x0000000088100000, 0x0000000088100000| Untracked 
| 130|0x0000000088200000, 0x0000000088200000, 0x0000000088300000|  0%| F|  |TAMS 0x0000000088200000, 0x0000000088200000| Untracked 
| 131|0x0000000088300000, 0x0000000088300000, 0x0000000088400000|  0%| F|  |TAMS 0x0000000088300000, 0x0000000088300000| Untracked 
| 132|0x0000000088400000, 0x0000000088400000, 0x0000000088500000|  0%| F|  |TAMS 0x0000000088400000, 0x0000000088400000| Untracked 
| 133|0x0000000088500000, 0x0000000088500000, 0x0000000088600000|  0%| F|  |TAMS 0x0000000088500000, 0x0000000088500000| Untracked 
| 134|0x0000000088600000, 0x0000000088600000, 0x0000000088700000|  0%| F|  |TAMS 0x0000000088600000, 0x0000000088600000| Untracked 
| 135|0x0000000088700000, 0x0000000088700000, 0x0000000088800000|  0%| F|  |TAMS 0x0000000088700000, 0x0000000088700000| Untracked 
| 136|0x0000000088800000, 0x0000000088800000, 0x0000000088900000|  0%| F|  |TAMS 0x0000000088800000, 0x0000000088800000| Untracked 
| 137|0x0000000088900000, 0x0000000088900000, 0x0000000088a00000|  0%| F|  |TAMS 0x0000000088900000, 0x0000000088900000| Untracked 
| 138|0x0000000088a00000, 0x0000000088a00000, 0x0000000088b00000|  0%| F|  |TAMS 0x0000000088a00000, 0x0000000088a00000| Untracked 
| 139|0x0000000088b00000, 0x0000000088b00000, 0x0000000088c00000|  0%| F|  |TAMS 0x0000000088b00000, 0x0000000088b00000| Untracked 
| 140|0x0000000088c00000, 0x0000000088c00000, 0x0000000088d00000|  0%| F|  |TAMS 0x0000000088c00000, 0x0000000088c00000| Untracked 
| 141|0x0000000088d00000, 0x0000000088d00000, 0x0000000088e00000|  0%| F|  |TAMS 0x0000000088d00000, 0x0000000088d00000| Untracked 
| 142|0x0000000088e00000, 0x0000000088e00000, 0x0000000088f00000|  0%| F|  |TAMS 0x0000000088e00000, 0x0000000088e00000| Untracked 
| 143|0x0000000088f00000, 0x0000000088f00000, 0x0000000089000000|  0%| F|  |TAMS 0x0000000088f00000, 0x0000000088f00000| Untracked 
| 144|0x0000000089000000, 0x0000000089000000, 0x0000000089100000|  0%| F|  |TAMS 0x0000000089000000, 0x0000000089000000| Untracked 
| 145|0x0000000089100000, 0x0000000089100000, 0x0000000089200000|  0%| F|  |TAMS 0x0000000089100000, 0x0000000089100000| Untracked 
| 146|0x0000000089200000, 0x0000000089200000, 0x0000000089300000|  0%| F|  |TAMS 0x0000000089200000, 0x0000000089200000| Untracked 
| 147|0x0000000089300000, 0x0000000089300000, 0x0000000089400000|  0%| F|  |TAMS 0x0000000089300000, 0x0000000089300000| Untracked 
| 148|0x0000000089400000, 0x0000000089400000, 0x0000000089500000|  0%| F|  |TAMS 0x0000000089400000, 0x0000000089400000| Untracked 
| 149|0x0000000089500000, 0x0000000089500000, 0x0000000089600000|  0%| F|  |TAMS 0x0000000089500000, 0x0000000089500000| Untracked 
| 150|0x0000000089600000, 0x0000000089600000, 0x0000000089700000|  0%| F|  |TAMS 0x0000000089600000, 0x0000000089600000| Untracked 
| 151|0x0000000089700000, 0x0000000089700000, 0x0000000089800000|  0%| F|  |TAMS 0x0000000089700000, 0x0000000089700000| Untracked 
| 152|0x0000000089800000, 0x0000000089800000, 0x0000000089900000|  0%| F|  |TAMS 0x0000000089800000, 0x0000000089800000| Untracked 
| 153|0x0000000089900000, 0x0000000089900000, 0x0000000089a00000|  0%| F|  |TAMS 0x0000000089900000, 0x0000000089900000| Untracked 
| 154|0x0000000089a00000, 0x0000000089a00000, 0x0000000089b00000|  0%| F|  |TAMS 0x0000000089a00000, 0x0000000089a00000| Untracked 
| 155|0x0000000089b00000, 0x0000000089b00000, 0x0000000089c00000|  0%| F|  |TAMS 0x0000000089b00000, 0x0000000089b00000| Untracked 
| 156|0x0000000089c00000, 0x0000000089c00000, 0x0000000089d00000|  0%| F|  |TAMS 0x0000000089c00000, 0x0000000089c00000| Untracked 
| 157|0x0000000089d00000, 0x0000000089d00000, 0x0000000089e00000|  0%| F|  |TAMS 0x0000000089d00000, 0x0000000089d00000| Untracked 
| 158|0x0000000089e00000, 0x0000000089e00000, 0x0000000089f00000|  0%| F|  |TAMS 0x0000000089e00000, 0x0000000089e00000| Untracked 
| 159|0x0000000089f00000, 0x0000000089f00000, 0x000000008a000000|  0%| F|  |TAMS 0x0000000089f00000, 0x0000000089f00000| Untracked 
| 160|0x000000008a000000, 0x000000008a000000, 0x000000008a100000|  0%| F|  |TAMS 0x000000008a000000, 0x000000008a000000| Untracked 
| 161|0x000000008a100000, 0x000000008a100000, 0x000000008a200000|  0%| F|  |TAMS 0x000000008a100000, 0x000000008a100000| Untracked 
| 162|0x000000008a200000, 0x000000008a200000, 0x000000008a300000|  0%| F|  |TAMS 0x000000008a200000, 0x000000008a200000| Untracked 
| 163|0x000000008a300000, 0x000000008a300000, 0x000000008a400000|  0%| F|  |TAMS 0x000000008a300000, 0x000000008a300000| Untracked 
| 164|0x000000008a400000, 0x000000008a400000, 0x000000008a500000|  0%| F|  |TAMS 0x000000008a400000, 0x000000008a400000| Untracked 
| 165|0x000000008a500000, 0x000000008a500000, 0x000000008a600000|  0%| F|  |TAMS 0x000000008a500000, 0x000000008a500000| Untracked 
| 166|0x000000008a600000, 0x000000008a600000, 0x000000008a700000|  0%| F|  |TAMS 0x000000008a600000, 0x000000008a600000| Untracked 
| 167|0x000000008a700000, 0x000000008a700000, 0x000000008a800000|  0%| F|  |TAMS 0x000000008a700000, 0x000000008a700000| Untracked 
| 168|0x000000008a800000, 0x000000008a800000, 0x000000008a900000|  0%| F|  |TAMS 0x000000008a800000, 0x000000008a800000| Untracked 
| 169|0x000000008a900000, 0x000000008a900000, 0x000000008aa00000|  0%| F|  |TAMS 0x000000008a900000, 0x000000008a900000| Untracked 
| 170|0x000000008aa00000, 0x000000008aa00000, 0x000000008ab00000|  0%| F|  |TAMS 0x000000008aa00000, 0x000000008aa00000| Untracked 
| 171|0x000000008ab00000, 0x000000008ab00000, 0x000000008ac00000|  0%| F|  |TAMS 0x000000008ab00000, 0x000000008ab00000| Untracked 
| 172|0x000000008ac00000, 0x000000008ac00000, 0x000000008ad00000|  0%| F|  |TAMS 0x000000008ac00000, 0x000000008ac00000| Untracked 
| 173|0x000000008ad00000, 0x000000008ad00000, 0x000000008ae00000|  0%| F|  |TAMS 0x000000008ad00000, 0x000000008ad00000| Untracked 
| 174|0x000000008ae00000, 0x000000008ae00000, 0x000000008af00000|  0%| F|  |TAMS 0x000000008ae00000, 0x000000008ae00000| Untracked 
| 175|0x000000008af00000, 0x000000008af00000, 0x000000008b000000|  0%| F|  |TAMS 0x000000008af00000, 0x000000008af00000| Untracked 
| 176|0x000000008b000000, 0x000000008b000000, 0x000000008b100000|  0%| F|  |TAMS 0x000000008b000000, 0x000000008b000000| Untracked 
| 177|0x000000008b100000, 0x000000008b100000, 0x000000008b200000|  0%| F|  |TAMS 0x000000008b100000, 0x000000008b100000| Untracked 
| 178|0x000000008b200000, 0x000000008b200000, 0x000000008b300000|  0%| F|  |TAMS 0x000000008b200000, 0x000000008b200000| Untracked 
| 179|0x000000008b300000, 0x000000008b300000, 0x000000008b400000|  0%| F|  |TAMS 0x000000008b300000, 0x000000008b300000| Untracked 
| 180|0x000000008b400000, 0x000000008b400000, 0x000000008b500000|  0%| F|  |TAMS 0x000000008b400000, 0x000000008b400000| Untracked 
| 181|0x000000008b500000, 0x000000008b500000, 0x000000008b600000|  0%| F|  |TAMS 0x000000008b500000, 0x000000008b500000| Untracked 
| 182|0x000000008b600000, 0x000000008b600000, 0x000000008b700000|  0%| F|  |TAMS 0x000000008b600000, 0x000000008b600000| Untracked 
| 183|0x000000008b700000, 0x000000008b700000, 0x000000008b800000|  0%| F|  |TAMS 0x000000008b700000, 0x000000008b700000| Untracked 
| 184|0x000000008b800000, 0x000000008b800000, 0x000000008b900000|  0%| F|  |TAMS 0x000000008b800000, 0x000000008b800000| Untracked 
| 185|0x000000008b900000, 0x000000008b900000, 0x000000008ba00000|  0%| F|  |TAMS 0x000000008b900000, 0x000000008b900000| Untracked 
| 186|0x000000008ba00000, 0x000000008ba00000, 0x000000008bb00000|  0%| F|  |TAMS 0x000000008ba00000, 0x000000008ba00000| Untracked 
| 187|0x000000008bb00000, 0x000000008bb00000, 0x000000008bc00000|  0%| F|  |TAMS 0x000000008bb00000, 0x000000008bb00000| Untracked 
| 188|0x000000008bc00000, 0x000000008bc00000, 0x000000008bd00000|  0%| F|  |TAMS 0x000000008bc00000, 0x000000008bc00000| Untracked 
| 189|0x000000008bd00000, 0x000000008bd00000, 0x000000008be00000|  0%| F|  |TAMS 0x000000008bd00000, 0x000000008bd00000| Untracked 
| 190|0x000000008be00000, 0x000000008be00000, 0x000000008bf00000|  0%| F|  |TAMS 0x000000008be00000, 0x000000008be00000| Untracked 
| 191|0x000000008bf00000, 0x000000008bf00000, 0x000000008c000000|  0%| F|  |TAMS 0x000000008bf00000, 0x000000008bf00000| Untracked 
| 192|0x000000008c000000, 0x000000008c000000, 0x000000008c100000|  0%| F|  |TAMS 0x000000008c000000, 0x000000008c000000| Untracked 
| 193|0x000000008c100000, 0x000000008c100000, 0x000000008c200000|  0%| F|  |TAMS 0x000000008c100000, 0x000000008c100000| Untracked 
| 194|0x000000008c200000, 0x000000008c200000, 0x000000008c300000|  0%| F|  |TAMS 0x000000008c200000, 0x000000008c200000| Untracked 
| 195|0x000000008c300000, 0x000000008c300000, 0x000000008c400000|  0%| F|  |TAMS 0x000000008c300000, 0x000000008c300000| Untracked 
| 196|0x000000008c400000, 0x000000008c400000, 0x000000008c500000|  0%| F|  |TAMS 0x000000008c400000, 0x000000008c400000| Untracked 
| 197|0x000000008c500000, 0x000000008c500000, 0x000000008c600000|  0%| F|  |TAMS 0x000000008c500000, 0x000000008c500000| Untracked 
| 198|0x000000008c600000, 0x000000008c600000, 0x000000008c700000|  0%| F|  |TAMS 0x000000008c600000, 0x000000008c600000| Untracked 
| 199|0x000000008c700000, 0x000000008c700000, 0x000000008c800000|  0%| F|  |TAMS 0x000000008c700000, 0x000000008c700000| Untracked 
| 200|0x000000008c800000, 0x000000008c800000, 0x000000008c900000|  0%| F|  |TAMS 0x000000008c800000, 0x000000008c800000| Untracked 
| 201|0x000000008c900000, 0x000000008c900000, 0x000000008ca00000|  0%| F|  |TAMS 0x000000008c900000, 0x000000008c900000| Untracked 
| 202|0x000000008ca00000, 0x000000008ca00000, 0x000000008cb00000|  0%| F|  |TAMS 0x000000008ca00000, 0x000000008ca00000| Untracked 
| 203|0x000000008cb00000, 0x000000008cb00000, 0x000000008cc00000|  0%| F|  |TAMS 0x000000008cb00000, 0x000000008cb00000| Untracked 
| 204|0x000000008cc00000, 0x000000008cc00000, 0x000000008cd00000|  0%| F|  |TAMS 0x000000008cc00000, 0x000000008cc00000| Untracked 
| 205|0x000000008cd00000, 0x000000008cd00000, 0x000000008ce00000|  0%| F|  |TAMS 0x000000008cd00000, 0x000000008cd00000| Untracked 
| 206|0x000000008ce00000, 0x000000008ce00000, 0x000000008cf00000|  0%| F|  |TAMS 0x000000008ce00000, 0x000000008ce00000| Untracked 
| 207|0x000000008cf00000, 0x000000008cf00000, 0x000000008d000000|  0%| F|  |TAMS 0x000000008cf00000, 0x000000008cf00000| Untracked 
| 208|0x000000008d000000, 0x000000008d000000, 0x000000008d100000|  0%| F|  |TAMS 0x000000008d000000, 0x000000008d000000| Untracked 
| 209|0x000000008d100000, 0x000000008d100000, 0x000000008d200000|  0%| F|  |TAMS 0x000000008d100000, 0x000000008d100000| Untracked 
| 210|0x000000008d200000, 0x000000008d200000, 0x000000008d300000|  0%| F|  |TAMS 0x000000008d200000, 0x000000008d200000| Untracked 
| 211|0x000000008d300000, 0x000000008d300000, 0x000000008d400000|  0%| F|  |TAMS 0x000000008d300000, 0x000000008d300000| Untracked 
| 212|0x000000008d400000, 0x000000008d400000, 0x000000008d500000|  0%| F|  |TAMS 0x000000008d400000, 0x000000008d400000| Untracked 
| 213|0x000000008d500000, 0x000000008d500000, 0x000000008d600000|  0%| F|  |TAMS 0x000000008d500000, 0x000000008d500000| Untracked 
| 214|0x000000008d600000, 0x000000008d600000, 0x000000008d700000|  0%| F|  |TAMS 0x000000008d600000, 0x000000008d600000| Untracked 
| 215|0x000000008d700000, 0x000000008d700000, 0x000000008d800000|  0%| F|  |TAMS 0x000000008d700000, 0x000000008d700000| Untracked 
| 216|0x000000008d800000, 0x000000008d82b790, 0x000000008d900000| 16%| E|  |TAMS 0x000000008d800000, 0x000000008d800000| Complete 
| 217|0x000000008d900000, 0x000000008da00000, 0x000000008da00000|100%| E|CS|TAMS 0x000000008d900000, 0x000000008d900000| Complete 
| 218|0x000000008da00000, 0x000000008db00000, 0x000000008db00000|100%| E|CS|TAMS 0x000000008da00000, 0x000000008da00000| Complete 
| 219|0x000000008db00000, 0x000000008dc00000, 0x000000008dc00000|100%| E|CS|TAMS 0x000000008db00000, 0x000000008db00000| Complete 
| 220|0x000000008dc00000, 0x000000008dd00000, 0x000000008dd00000|100%| E|CS|TAMS 0x000000008dc00000, 0x000000008dc00000| Complete 
| 221|0x000000008dd00000, 0x000000008de00000, 0x000000008de00000|100%| E|CS|TAMS 0x000000008dd00000, 0x000000008dd00000| Complete 
| 222|0x000000008de00000, 0x000000008df00000, 0x000000008df00000|100%| E|CS|TAMS 0x000000008de00000, 0x000000008de00000| Complete 
| 223|0x000000008df00000, 0x000000008e000000, 0x000000008e000000|100%| E|CS|TAMS 0x000000008df00000, 0x000000008df00000| Complete 
| 224|0x000000008e000000, 0x000000008e100000, 0x000000008e100000|100%| E|CS|TAMS 0x000000008e000000, 0x000000008e000000| Complete 
| 225|0x000000008e100000, 0x000000008e200000, 0x000000008e200000|100%| E|CS|TAMS 0x000000008e100000, 0x000000008e100000| Complete 
| 226|0x000000008e200000, 0x000000008e300000, 0x000000008e300000|100%| E|CS|TAMS 0x000000008e200000, 0x000000008e200000| Complete 
| 227|0x000000008e300000, 0x000000008e400000, 0x000000008e400000|100%| E|CS|TAMS 0x000000008e300000, 0x000000008e300000| Complete 
| 228|0x000000008e400000, 0x000000008e500000, 0x000000008e500000|100%| E|CS|TAMS 0x000000008e400000, 0x000000008e400000| Complete 
| 229|0x000000008e500000, 0x000000008e600000, 0x000000008e600000|100%| E|CS|TAMS 0x000000008e500000, 0x000000008e500000| Complete 
| 230|0x000000008e600000, 0x000000008e700000, 0x000000008e700000|100%| E|CS|TAMS 0x000000008e600000, 0x000000008e600000| Complete 
| 231|0x000000008e700000, 0x000000008e800000, 0x000000008e800000|100%| E|CS|TAMS 0x000000008e700000, 0x000000008e700000| Complete 
| 232|0x000000008e800000, 0x000000008e900000, 0x000000008e900000|100%| E|CS|TAMS 0x000000008e800000, 0x000000008e800000| Complete 
| 233|0x000000008e900000, 0x000000008ea00000, 0x000000008ea00000|100%| E|CS|TAMS 0x000000008e900000, 0x000000008e900000| Complete 
| 234|0x000000008ea00000, 0x000000008eb00000, 0x000000008eb00000|100%| E|CS|TAMS 0x000000008ea00000, 0x000000008ea00000| Complete 
| 235|0x000000008eb00000, 0x000000008ec00000, 0x000000008ec00000|100%| E|CS|TAMS 0x000000008eb00000, 0x000000008eb00000| Complete 
| 236|0x000000008ec00000, 0x000000008ed00000, 0x000000008ed00000|100%| E|CS|TAMS 0x000000008ec00000, 0x000000008ec00000| Complete 
| 237|0x000000008ed00000, 0x000000008ee00000, 0x000000008ee00000|100%| E|CS|TAMS 0x000000008ed00000, 0x000000008ed00000| Complete 
| 238|0x000000008ee00000, 0x000000008ef00000, 0x000000008ef00000|100%| E|CS|TAMS 0x000000008ee00000, 0x000000008ee00000| Complete 
| 239|0x000000008ef00000, 0x000000008f000000, 0x000000008f000000|100%| E|CS|TAMS 0x000000008ef00000, 0x000000008ef00000| Complete 
| 240|0x000000008f000000, 0x000000008f100000, 0x000000008f100000|100%| E|CS|TAMS 0x000000008f000000, 0x000000008f000000| Complete 
| 241|0x000000008f100000, 0x000000008f200000, 0x000000008f200000|100%| E|CS|TAMS 0x000000008f100000, 0x000000008f100000| Complete 
| 242|0x000000008f200000, 0x000000008f300000, 0x000000008f300000|100%| E|  |TAMS 0x000000008f200000, 0x000000008f200000| Complete 
| 243|0x000000008f300000, 0x000000008f400000, 0x000000008f400000|100%| E|CS|TAMS 0x000000008f300000, 0x000000008f300000| Complete 
| 244|0x000000008f400000, 0x000000008f500000, 0x000000008f500000|100%| E|CS|TAMS 0x000000008f400000, 0x000000008f400000| Complete 
| 245|0x000000008f500000, 0x000000008f600000, 0x000000008f600000|100%| E|CS|TAMS 0x000000008f500000, 0x000000008f500000| Complete 
| 246|0x000000008f600000, 0x000000008f700000, 0x000000008f700000|100%| E|CS|TAMS 0x000000008f600000, 0x000000008f600000| Complete 
| 247|0x000000008f700000, 0x000000008f800000, 0x000000008f800000|100%| E|CS|TAMS 0x000000008f700000, 0x000000008f700000| Complete 
| 248|0x000000008f800000, 0x000000008f900000, 0x000000008f900000|100%| E|CS|TAMS 0x000000008f800000, 0x000000008f800000| Complete 
| 249|0x000000008f900000, 0x000000008fa00000, 0x000000008fa00000|100%| E|CS|TAMS 0x000000008f900000, 0x000000008f900000| Complete 
| 250|0x000000008fa00000, 0x000000008fb00000, 0x000000008fb00000|100%| E|CS|TAMS 0x000000008fa00000, 0x000000008fa00000| Complete 
| 251|0x000000008fb00000, 0x000000008fc00000, 0x000000008fc00000|100%| E|CS|TAMS 0x000000008fb00000, 0x000000008fb00000| Complete 
| 252|0x000000008fc00000, 0x000000008fd00000, 0x000000008fd00000|100%| E|CS|TAMS 0x000000008fc00000, 0x000000008fc00000| Complete 
| 253|0x000000008fd00000, 0x000000008fe00000, 0x000000008fe00000|100%| E|CS|TAMS 0x000000008fd00000, 0x000000008fd00000| Complete 

Card table byte_map: [0x0000017d70040000,0x0000017d70440000] _byte_map_base: 0x0000017d6fc40000

Marking Bits (Prev, Next): (CMBitMap*) 0x0000017d5c6ee2c0, (CMBitMap*) 0x0000017d5c6ee288
 Prev Bits: [0x0000017d72840000, 0x0000017d74840000)
 Next Bits: [0x0000017d70840000, 0x0000017d72840000)

Polling page: 0x0000017d5c790000

Metaspace:

Usage:
  Non-class:     75.86 MB capacity,    74.38 MB ( 98%) used,     1.23 MB (  2%) free+waste,   260.94 KB ( <1%) overhead. 
      Class:     12.00 MB capacity,    11.16 MB ( 93%) used,   745.04 KB (  6%) free+waste,   119.13 KB ( <1%) overhead. 
       Both:     87.86 MB capacity,    85.54 MB ( 97%) used,     1.96 MB (  2%) free+waste,   380.06 KB ( <1%) overhead. 

Virtual space:
  Non-class space:       76.00 MB reserved,      76.00 MB (100%) committed 
      Class space:        1.00 GB reserved,      12.00 MB (  1%) committed 
             Both:        1.07 GB reserved,      88.00 MB (  8%) committed 

Chunk freelists:
   Non-Class:  12.00 KB
       Class:  1.00 KB
        Both:  13.00 KB

MaxMetaspaceSize: 17179869184.00 GB
CompressedClassSpaceSize: 1.00 GB

CodeHeap 'non-profiled nmethods': size=120000Kb used=6106Kb max_used=6106Kb free=113893Kb
 bounds [0x0000017d67c90000, 0x0000017d68290000, 0x0000017d6f1c0000]
CodeHeap 'profiled nmethods': size=120000Kb used=21208Kb max_used=21208Kb free=98791Kb
 bounds [0x0000017d60760000, 0x0000017d61c20000, 0x0000017d67c90000]
CodeHeap 'non-nmethods': size=5760Kb used=2317Kb max_used=2364Kb free=3442Kb
 bounds [0x0000017d601c0000, 0x0000017d60430000, 0x0000017d60760000]
 total_blobs=10809 nmethods=9906 adapters=813
 compilation: enabled
              stopped_count=0, restarted_count=0
 full_count=0

Compilation events (20 events):
Event: 6.308 Thread 0x0000017d77c2b800 nmethod 9897 0x0000017d6827f210 code [0x0000017d6827f3c0, 0x0000017d6827f5c8]
Event: 6.308 Thread 0x0000017d77c2b800 9898       4       java.lang.CharacterDataLatin1::digit (32 bytes)
Event: 6.308 Thread 0x0000017d77c2b800 nmethod 9898 0x0000017d6827f810 code [0x0000017d6827f9a0, 0x0000017d6827fa78]
Event: 6.309 Thread 0x0000017d78318000 nmethod 9896 0x0000017d6827fb90 code [0x0000017d6827fd40, 0x0000017d68280798]
Event: 6.310 Thread 0x0000017d77c2b800 9899       4       com.android.tools.r8.internal.Ah::get (106 bytes)
Event: 6.310 Thread 0x0000017d78318000 9900       4       com.android.tools.r8.graph.a0::F (30 bytes)
Event: 6.311 Thread 0x0000017d77c2b800 nmethod 9899 0x0000017d68280c90 code [0x0000017d68280e40, 0x0000017d68281018]
Event: 6.312 Thread 0x0000017d77c2f000 9901       3       com.android.tools.r8.graph.Q::g (62 bytes)
Event: 6.312 Thread 0x0000017d77c2f000 nmethod 9901 0x0000017d61c13710 code [0x0000017d61c13980, 0x0000017d61c146c8]
Event: 6.319 Thread 0x0000017d77c2f000 9902       3       java.lang.Math::getExponent (17 bytes)
Event: 6.320 Thread 0x0000017d77c2f000 nmethod 9902 0x0000017d61c14a10 code [0x0000017d61c14bc0, 0x0000017d61c14cd8]
Event: 6.320 Thread 0x0000017d77c2f000 9903       3       java.lang.StrictMath::floorOrCeil (128 bytes)
Event: 6.320 Thread 0x0000017d77c2b800 9904       4       com.android.tools.r8.dex.j::a (83 bytes)
Event: 6.320 Thread 0x0000017d77c2f000 nmethod 9903 0x0000017d61c14d90 code [0x0000017d61c14f80, 0x0000017d61c153d8]
Event: 6.322 Thread 0x0000017d78318000 nmethod 9900 0x0000017d68281210 code [0x0000017d682813c0, 0x0000017d68281ed8]
Event: 6.322 Thread 0x0000017d78318000 9905       4       com.android.tools.r8.dex.j::h (23 bytes)
Event: 6.333 Thread 0x0000017d77c2b800 nmethod 9904 0x0000017d68282590 code [0x0000017d68282800, 0x0000017d682836f8]
Event: 6.333 Thread 0x0000017d77c2b800 9906       4       com.android.tools.r8.dex.c::a (32 bytes)
Event: 6.334 Thread 0x0000017d77c2b800 nmethod 9906 0x0000017d68284410 code [0x0000017d682845c0, 0x0000017d682846f8]
Event: 6.338 Thread 0x0000017d78318000 nmethod 9905 0x0000017d68284890 code [0x0000017d68284ae0, 0x0000017d68285858]

GC Heap History (18 events):
Event: 0.393 GC heap before
{Heap before GC invocations=0 (full 0):
 garbage-first heap   total 260096K, used 29696K [0x0000000080000000, 0x0000000100000000)
  region size 1024K, 24 young (24576K), 0 survivors (0K)
 Metaspace       used 10181K, capacity 10405K, committed 10624K, reserved 1058816K
  class space    used 1063K, capacity 1107K, committed 1152K, reserved 1048576K
}
Event: 0.395 GC heap after
{Heap after GC invocations=1 (full 0):
 garbage-first heap   total 260096K, used 9316K [0x0000000080000000, 0x0000000100000000)
  region size 1024K, 3 young (3072K), 3 survivors (3072K)
 Metaspace       used 10181K, capacity 10405K, committed 10624K, reserved 1058816K
  class space    used 1063K, capacity 1107K, committed 1152K, reserved 1048576K
}
Event: 1.224 GC heap before
{Heap before GC invocations=1 (full 0):
 garbage-first heap   total 260096K, used 104548K [0x0000000080000000, 0x0000000100000000)
  region size 1024K, 97 young (99328K), 3 survivors (3072K)
 Metaspace       used 20552K, capacity 21104K, committed 21248K, reserved 1067008K
  class space    used 2502K, capacity 2690K, committed 2816K, reserved 1048576K
}
Event: 1.229 GC heap after
{Heap after GC invocations=2 (full 0):
 garbage-first heap   total 260096K, used 16695K [0x0000000080000000, 0x0000000100000000)
  region size 1024K, 11 young (11264K), 11 survivors (11264K)
 Metaspace       used 20552K, capacity 21104K, committed 21248K, reserved 1067008K
  class space    used 2502K, capacity 2690K, committed 2816K, reserved 1048576K
}
Event: 1.371 GC heap before
{Heap before GC invocations=3 (full 0):
 garbage-first heap   total 260096K, used 43319K [0x0000000080000000, 0x0000000100000000)
  region size 1024K, 37 young (37888K), 11 survivors (11264K)
 Metaspace       used 23169K, capacity 23771K, committed 23936K, reserved 1071104K
  class space    used 2941K, capacity 3157K, committed 3200K, reserved 1048576K
}
Event: 1.376 GC heap after
{Heap after GC invocations=4 (full 0):
 garbage-first heap   total 260096K, used 17587K [0x0000000080000000, 0x0000000100000000)
  region size 1024K, 2 young (2048K), 2 survivors (2048K)
 Metaspace       used 23169K, capacity 23771K, committed 23936K, reserved 1071104K
  class space    used 2941K, capacity 3157K, committed 3200K, reserved 1048576K
}
Event: 1.989 GC heap before
{Heap before GC invocations=4 (full 0):
 garbage-first heap   total 260096K, used 101555K [0x0000000080000000, 0x0000000100000000)
  region size 1024K, 86 young (88064K), 2 survivors (2048K)
 Metaspace       used 35023K, capacity 35806K, committed 35840K, reserved 1081344K
  class space    used 4538K, capacity 4832K, committed 4864K, reserved 1048576K
}
Event: 1.994 GC heap after
{Heap after GC invocations=5 (full 0):
 garbage-first heap   total 260096K, used 21617K [0x0000000080000000, 0x0000000100000000)
  region size 1024K, 6 young (6144K), 6 survivors (6144K)
 Metaspace       used 35023K, capacity 35806K, committed 35840K, reserved 1081344K
  class space    used 4538K, capacity 4832K, committed 4864K, reserved 1048576K
}
Event: 2.769 GC heap before
{Heap before GC invocations=6 (full 0):
 garbage-first heap   total 260096K, used 154737K [0x0000000080000000, 0x0000000100000000)
  region size 1024K, 133 young (136192K), 6 survivors (6144K)
 Metaspace       used 45528K, capacity 46655K, committed 46720K, reserved 1089536K
  class space    used 5851K, capacity 6264K, committed 6272K, reserved 1048576K
}
Event: 2.776 GC heap after
{Heap after GC invocations=7 (full 0):
 garbage-first heap   total 260096K, used 28871K [0x0000000080000000, 0x0000000100000000)
  region size 1024K, 13 young (13312K), 13 survivors (13312K)
 Metaspace       used 45528K, capacity 46655K, committed 46720K, reserved 1089536K
  class space    used 5851K, capacity 6264K, committed 6272K, reserved 1048576K
}
Event: 3.730 GC heap before
{Heap before GC invocations=7 (full 0):
 garbage-first heap   total 260096K, used 155847K [0x0000000080000000, 0x0000000100000000)
  region size 1024K, 135 young (138240K), 13 survivors (13312K)
 Metaspace       used 58571K, capacity 60026K, committed 60160K, reserved 1101824K
  class space    used 7442K, capacity 7992K, committed 8064K, reserved 1048576K
}
Event: 3.745 GC heap after
{Heap after GC invocations=8 (full 0):
 garbage-first heap   total 260096K, used 44787K [0x0000000080000000, 0x0000000100000000)
  region size 1024K, 19 young (19456K), 19 survivors (19456K)
 Metaspace       used 58571K, capacity 60026K, committed 60160K, reserved 1101824K
  class space    used 7442K, capacity 7992K, committed 8064K, reserved 1048576K
}
Event: 4.671 GC heap before
{Heap before GC invocations=9 (full 0):
 garbage-first heap   total 260096K, used 180979K [0x0000000080000000, 0x0000000100000000)
  region size 1024K, 152 young (155648K), 19 survivors (19456K)
 Metaspace       used 70022K, capacity 71719K, committed 71936K, reserved 1112064K
  class space    used 9108K, capacity 9727K, committed 9728K, reserved 1048576K
}
Event: 4.684 GC heap after
{Heap after GC invocations=10 (full 0):
 garbage-first heap   total 260096K, used 54830K [0x0000000080000000, 0x0000000100000000)
  region size 1024K, 11 young (11264K), 11 survivors (11264K)
 Metaspace       used 70022K, capacity 71719K, committed 71936K, reserved 1112064K
  class space    used 9108K, capacity 9727K, committed 9728K, reserved 1048576K
}
Event: 5.625 GC heap before
{Heap before GC invocations=10 (full 0):
 garbage-first heap   total 260096K, used 194094K [0x0000000080000000, 0x0000000100000000)
  region size 1024K, 147 young (150528K), 11 survivors (11264K)
 Metaspace       used 79077K, capacity 81188K, committed 81408K, reserved 1120256K
  class space    used 10402K, capacity 11192K, committed 11264K, reserved 1048576K
}
Event: 5.637 GC heap after
{Heap after GC invocations=11 (full 0):
 garbage-first heap   total 260096K, used 64617K [0x0000000080000000, 0x0000000100000000)
  region size 1024K, 10 young (10240K), 10 survivors (10240K)
 Metaspace       used 79077K, capacity 81188K, committed 81408K, reserved 1120256K
  class space    used 10402K, capacity 11192K, committed 11264K, reserved 1048576K
}
Event: 6.136 GC heap before
{Heap before GC invocations=11 (full 0):
 garbage-first heap   total 260096K, used 202857K [0x0000000080000000, 0x0000000100000000)
  region size 1024K, 142 young (145408K), 10 survivors (10240K)
 Metaspace       used 85878K, capacity 88193K, committed 88448K, reserved 1126400K
  class space    used 11177K, capacity 12051K, committed 12160K, reserved 1048576K
}
Event: 6.145 GC heap after
{Heap after GC invocations=12 (full 0):
 garbage-first heap   total 260096K, used 77087K [0x0000000080000000, 0x0000000100000000)
  region size 1024K, 18 young (18432K), 18 survivors (18432K)
 Metaspace       used 85878K, capacity 88193K, committed 88448K, reserved 1126400K
  class space    used 11177K, capacity 12051K, committed 12160K, reserved 1048576K
}

Deoptimization events (20 events):
Event: 6.247 Thread 0x0000017d7ebca800 DEOPT PACKING pc=0x0000017d61bc800e sp=0x0000003467ffd310
Event: 6.247 Thread 0x0000017d7ebca800 DEOPT UNPACKING pc=0x0000017d601e8ede sp=0x0000003467ffc788 mode 0
Event: 6.248 Thread 0x0000017d7ebca800 DEOPT PACKING pc=0x0000017d61bc800e sp=0x0000003467ffd310
Event: 6.248 Thread 0x0000017d7ebca800 DEOPT UNPACKING pc=0x0000017d601e8ede sp=0x0000003467ffc788 mode 0
Event: 6.248 Thread 0x0000017d7ebca800 DEOPT PACKING pc=0x0000017d61bc800e sp=0x0000003467ffd310
Event: 6.248 Thread 0x0000017d7ebca800 DEOPT UNPACKING pc=0x0000017d601e8ede sp=0x0000003467ffc788 mode 0
Event: 6.249 Thread 0x0000017d7ebca800 DEOPT PACKING pc=0x0000017d61bc800e sp=0x0000003467ffd310
Event: 6.249 Thread 0x0000017d7ebca800 DEOPT UNPACKING pc=0x0000017d601e8ede sp=0x0000003467ffc788 mode 0
Event: 6.250 Thread 0x0000017d7ebca800 DEOPT PACKING pc=0x0000017d61bc800e sp=0x0000003467ffd310
Event: 6.250 Thread 0x0000017d7ebca800 DEOPT UNPACKING pc=0x0000017d601e8ede sp=0x0000003467ffc788 mode 0
Event: 6.256 Thread 0x0000017d7ebca800 Uncommon trap: trap_request=0xffffff4d fr.pc=0x0000017d68260004 relative=0x00000000000010a4
Event: 6.256 Thread 0x0000017d7ebca800 Uncommon trap: reason=unstable_if action=reinterpret pc=0x0000017d68260004 method=com.android.tools.r8.dex.j.m()V @ 22 c2
Event: 6.256 Thread 0x0000017d7ebca800 DEOPT PACKING pc=0x0000017d68260004 sp=0x0000003467ffd730
Event: 6.256 Thread 0x0000017d7ebca800 DEOPT UNPACKING pc=0x0000017d601c83af sp=0x0000003467ffd6e8 mode 2
Event: 6.286 Thread 0x0000017d7ebca800 DEOPT PACKING pc=0x0000017d61be77f8 sp=0x0000003467ffd440
Event: 6.286 Thread 0x0000017d7ebca800 DEOPT UNPACKING pc=0x0000017d601e8ede sp=0x0000003467ffc998 mode 0
Event: 6.329 Thread 0x0000017d7ebce800 Uncommon trap: trap_request=0xffffff4d fr.pc=0x0000017d67d12e08 relative=0x0000000000000de8
Event: 6.329 Thread 0x0000017d7ebce800 Uncommon trap: reason=unstable_if action=reinterpret pc=0x0000017d67d12e08 method=java.io.BufferedReader.readLine(Z)Ljava/lang/String; @ 192 c2
Event: 6.329 Thread 0x0000017d7ebce800 DEOPT PACKING pc=0x0000017d67d12e08 sp=0x00000034681ff5c0
Event: 6.329 Thread 0x0000017d7ebce800 DEOPT UNPACKING pc=0x0000017d601c83af sp=0x00000034681ff578 mode 2

Classes redefined (0 events):
No events

Internal exceptions (20 events):
Event: 5.757 Thread 0x0000017d7cd7a800 Exception <a 'sun/nio/fs/WindowsException'{0x000000008e4d38a8}> (0x000000008e4d38a8) thrown at [./src/hotspot/share/prims/jni.cpp, line 615]
Event: 5.758 Thread 0x0000017d7cd7a800 Exception <a 'sun/nio/fs/WindowsException'{0x000000008e4d4738}> (0x000000008e4d4738) thrown at [./src/hotspot/share/prims/jni.cpp, line 615]
Event: 5.758 Thread 0x0000017d7cd7a800 Exception <a 'sun/nio/fs/WindowsException'{0x000000008e4d4a60}> (0x000000008e4d4a60) thrown at [./src/hotspot/share/prims/jni.cpp, line 615]
Event: 5.758 Thread 0x0000017d7cd7a800 Exception <a 'sun/nio/fs/WindowsException'{0x000000008e4d5908}> (0x000000008e4d5908) thrown at [./src/hotspot/share/prims/jni.cpp, line 615]
Event: 5.758 Thread 0x0000017d7cd7a800 Exception <a 'sun/nio/fs/WindowsException'{0x000000008e4d5bd0}> (0x000000008e4d5bd0) thrown at [./src/hotspot/share/prims/jni.cpp, line 615]
Event: 5.758 Thread 0x0000017d7cd7a800 Exception <a 'sun/nio/fs/WindowsException'{0x000000008e4d6a48}> (0x000000008e4d6a48) thrown at [./src/hotspot/share/prims/jni.cpp, line 615]
Event: 5.767 Thread 0x0000017d7cd7a800 Exception <a 'java/lang/NoSuchMethodError'{0x000000008e25b3a0}: <clinit>> (0x000000008e25b3a0) thrown at [./src/hotspot/share/prims/jni.cpp, line 1362]
Event: 5.768 Thread 0x0000017d7cd7a800 Exception <a 'java/lang/NoSuchMethodError'{0x000000008e291530}: <clinit>> (0x000000008e291530) thrown at [./src/hotspot/share/prims/jni.cpp, line 1362]
Event: 5.770 Thread 0x0000017d7cd7a800 Exception <a 'java/lang/NoSuchMethodError'{0x000000008e2c0b70}: <clinit>> (0x000000008e2c0b70) thrown at [./src/hotspot/share/prims/jni.cpp, line 1362]
Event: 5.770 Thread 0x0000017d7cd7a800 Exception <a 'java/lang/NoSuchMethodError'{0x000000008e2d36c8}: <clinit>> (0x000000008e2d36c8) thrown at [./src/hotspot/share/prims/jni.cpp, line 1362]
Event: 5.873 Thread 0x0000017d7cd7e000 Exception <a 'java/lang/NoSuchMethodError'{0x000000008c751eb0}: 'int java.lang.invoke.DirectMethodHandle$Holder.invokeSpecial(java.lang.Object, java.lang.Object, java.lang.Object, java.lang.Object, java.lang.Object)'> (0x000000008c751eb0) thrown at [./src/hotspot/share/interpreter/linkResolver.cpp, line 773]
Event: 6.096 Thread 0x0000017d7ebca800 Exception <a 'sun/nio/fs/WindowsException'{0x00000000883f6e88}> (0x00000000883f6e88) thrown at [./src/hotspot/share/prims/jni.cpp, line 615]
Event: 6.167 Thread 0x0000017d7ebc8000 Exception <a 'java/lang/NoSuchMethodError'{0x000000008fa0a650}: 'void java.lang.invoke.DirectMethodHandle$Holder.invokeStatic(java.lang.Object, long)'> (0x000000008fa0a650) thrown at [./src/hotspot/share/interpreter/linkResolver.cpp, line 773]
Event: 6.167 Thread 0x0000017d7ebc8000 Exception <a 'java/lang/NoSuchMethodError'{0x000000008fa0f868}: 'java.lang.Object java.lang.invoke.DirectMethodHandle$Holder.invokeStatic(java.lang.Object, long)'> (0x000000008fa0f868) thrown at [./src/hotspot/share/interpreter/linkResolver.cpp, line 773]
Event: 6.169 Thread 0x0000017d7ebc8000 Exception <a 'java/lang/NoSuchMethodError'{0x000000008fa1dbd0}: 'java.lang.Object java.lang.invoke.DirectMethodHandle$Holder.invokeStaticInit(java.lang.Object, java.lang.Object, long, java.lang.Object)'> (0x000000008fa1dbd0) thrown at [./src/hotspot/share/interpreter/linkResolver.cpp, line 773]
Event: 6.169 Thread 0x0000017d7ebc8000 Exception <a 'java/lang/NoSuchMethodError'{0x000000008fa23d68}: 'java.lang.Object java.lang.invoke.DirectMethodHandle$Holder.invokeStatic(java.lang.Object, java.lang.Object, long)'> (0x000000008fa23d68) thrown at [./src/hotspot/share/interpreter/linkResolver.cpp, line 773]
Event: 6.170 Thread 0x0000017d7ebc8000 Exception <a 'java/lang/NoSuchMethodError'{0x000000008fa2a2e0}: 'java.lang.Object java.lang.invoke.Invokers$Holder.linkToTargetMethod(java.lang.Object, long, java.lang.Object)'> (0x000000008fa2a2e0) thrown at [./src/hotspot/share/interpreter/linkResolver.cpp, line 773]
Event: 6.194 Thread 0x0000017d7ebca800 Exception <a 'java/lang/NoSuchMethodError'{0x000000008f8bc3c8}: 'java.lang.Object java.lang.invoke.DirectMethodHandle$Holder.invokeStatic(java.lang.Object, java.lang.Object, java.lang.Object, java.lang.Object, java.lang.Object, java.lang.Object, java.lang.Object, java.lang.Object, java.lang.Object, java.lang.Object, java.lang.Object, java.lang.Object, java.lang.Object, java.lang.Object, java.lang.Object, java.lang.Object, java.lang.Object, java.lang.Object, int, java.lang.Object)'> (0x000000008f8bc3c8) thr
Event: 6.194 Thread 0x0000017d7ebca800 Exception <a 'java/lang/NoSuchMethodError'{0x000000008f8c1c58}: 'java.lang.Object java.lang.invoke.DirectMethodHandle$Holder.invokeStaticInit(java.lang.Object, java.lang.Object, java.lang.Object, java.lang.Object, java.lang.Object, java.lang.Object, java.lang.Object, java.lang.Object, java.lang.Object, java.lang.Object, java.lang.Object, java.lang.Object, java.lang.Object, java.lang.Object, java.lang.Object, java.lang.Object, java.lang.Object, java.lang.Object, int, java.lang.Object)'> (0x000000008f8c1c58)
Event: 6.218 Thread 0x0000017d7ebc8000 Exception <a 'java/lang/NoSuchMethodError'{0x000000008efce558}: 'int java.lang.invoke.DirectMethodHandle$Holder.invokeSpecialIFC(java.lang.Object, java.lang.Object, java.lang.Object)'> (0x000000008efce558) thrown at [./src/hotspot/share/interpreter/linkResolver.cpp, line 773]

Events (20 events):
Event: 6.230 loading class com/android/tools/r8/internal/r7
Event: 6.230 loading class com/android/tools/r8/internal/r7 done
Event: 6.230 loading class com/android/tools/r8/internal/lp
Event: 6.230 loading class com/android/tools/r8/internal/lp done
Event: 6.230 loading class com/android/tools/r8/internal/mp$c
Event: 6.230 loading class com/android/tools/r8/internal/mp$c done
Event: 6.231 loading class com/android/tools/r8/internal/vf$a
Event: 6.231 loading class com/android/tools/r8/internal/vf$a done
Event: 6.231 loading class com/android/tools/r8/internal/vf$a
Event: 6.231 loading class com/android/tools/r8/internal/vf$a done
Event: 6.240 loading class com/android/tools/r8/graph/e0
Event: 6.240 loading class com/android/tools/r8/graph/e0 done
Event: 6.240 loading class com/android/tools/r8/graph/e0
Event: 6.240 loading class com/android/tools/r8/graph/e0 done
Event: 6.240 loading class com/android/tools/r8/dex/j
Event: 6.240 loading class com/android/tools/r8/dex/j done
Event: 6.254 loading class com/android/tools/r8/graph/y
Event: 6.254 loading class com/android/tools/r8/graph/y done
Event: 6.329 Executing VM operation: RevokeBias
Event: 6.329 Executing VM operation: RevokeBias done


Dynamic libraries:
0x00007ff619d40000 - 0x00007ff619d4a000 	D:\Program Files\Android\Android Studio\jre\bin\java.exe
0x00007ffb48cd0000 - 0x00007ffb48ec5000 	C:\Windows\SYSTEM32\ntdll.dll
0x00007ffb487d0000 - 0x00007ffb4888e000 	C:\Windows\System32\KERNEL32.DLL
0x00007ffb46a50000 - 0x00007ffb46d18000 	C:\Windows\System32\KERNELBASE.dll
0x00007ffb46950000 - 0x00007ffb46a50000 	C:\Windows\System32\ucrtbase.dll
0x00007ffb30df0000 - 0x00007ffb30e09000 	D:\Program Files\Android\Android Studio\jre\bin\jli.dll
0x00007ffb30dd0000 - 0x00007ffb30de7000 	D:\Program Files\Android\Android Studio\jre\bin\VCRUNTIME140.dll
0x00007ffb47520000 - 0x00007ffb476c0000 	C:\Windows\System32\USER32.dll
0x00007ffb46490000 - 0x00007ffb464b2000 	C:\Windows\System32\win32u.dll
0x00007ffb2da60000 - 0x00007ffb2dcfa000 	C:\Windows\WinSxS\amd64_microsoft.windows.common-controls_6595b64144ccf1df_6.0.19041.1110_none_60b5254171f9507e\COMCTL32.dll
0x00007ffb477b0000 - 0x00007ffb477db000 	C:\Windows\System32\GDI32.dll
0x00007ffb46840000 - 0x00007ffb4694d000 	C:\Windows\System32\gdi32full.dll
0x00007ffb47480000 - 0x00007ffb4751e000 	C:\Windows\System32\msvcrt.dll
0x00007ffb464c0000 - 0x00007ffb4655d000 	C:\Windows\System32\msvcp_win.dll
0x00007ffb479b0000 - 0x00007ffb479e0000 	C:\Windows\System32\IMM32.DLL
0x00007ffb08c70000 - 0x00007ffb08d0d000 	D:\Program Files\Android\Android Studio\jre\bin\msvcp140.dll
0x00007ffae68e0000 - 0x00007ffae73af000 	D:\Program Files\Android\Android Studio\jre\bin\server\jvm.dll
0x00007ffb47a50000 - 0x00007ffb47afe000 	C:\Windows\System32\ADVAPI32.dll
0x00007ffb48bf0000 - 0x00007ffb48c8c000 	C:\Windows\System32\sechost.dll
0x00007ffb47870000 - 0x00007ffb47995000 	C:\Windows\System32\RPCRT4.dll
0x00007ffb47a40000 - 0x00007ffb47a48000 	C:\Windows\System32\PSAPI.DLL
0x00007ffb3f700000 - 0x00007ffb3f709000 	C:\Windows\SYSTEM32\WSOCK32.dll
0x00007ffb3b500000 - 0x00007ffb3b50a000 	C:\Windows\SYSTEM32\VERSION.dll
0x00007ffb2a9c0000 - 0x00007ffb2a9e7000 	C:\Windows\SYSTEM32\WINMM.dll
0x00007ffb47800000 - 0x00007ffb4786b000 	C:\Windows\System32\WS2_32.dll
0x00007ffb44c60000 - 0x00007ffb44c72000 	C:\Windows\SYSTEM32\kernel.appcore.dll
0x00007ffb3f4b0000 - 0x00007ffb3f4c1000 	D:\Program Files\Android\Android Studio\jre\bin\verify.dll
0x00007ffb44a10000 - 0x00007ffb44bf4000 	C:\Windows\SYSTEM32\DBGHELP.DLL
0x00007ffb2d180000 - 0x00007ffb2d1ac000 	C:\Windows\SYSTEM32\dbgcore.DLL
0x00007ffb467b0000 - 0x00007ffb46832000 	C:\Windows\System32\bcryptPrimitives.dll
0x00007ffb3f480000 - 0x00007ffb3f4a9000 	D:\Program Files\Android\Android Studio\jre\bin\java.dll
0x00007ffb3f510000 - 0x00007ffb3f51b000 	D:\Program Files\Android\Android Studio\jre\bin\jimage.dll
0x00007ffb3f410000 - 0x00007ffb3f428000 	D:\Program Files\Android\Android Studio\jre\bin\zip.dll
0x00007ffb47dd0000 - 0x00007ffb48514000 	C:\Windows\System32\SHELL32.dll
0x00007ffb44270000 - 0x00007ffb44a04000 	C:\Windows\SYSTEM32\windows.storage.dll
0x00007ffb48890000 - 0x00007ffb48be5000 	C:\Windows\System32\combase.dll
0x00007ffb45e30000 - 0x00007ffb45e5e000 	C:\Windows\SYSTEM32\Wldp.dll
0x00007ffb48520000 - 0x00007ffb485cd000 	C:\Windows\System32\SHCORE.dll
0x00007ffb48710000 - 0x00007ffb48765000 	C:\Windows\System32\shlwapi.dll
0x00007ffb46320000 - 0x00007ffb4633f000 	C:\Windows\SYSTEM32\profapi.dll
0x00007ffb33590000 - 0x00007ffb335aa000 	D:\Program Files\Android\Android Studio\jre\bin\net.dll
0x00007ffb3f740000 - 0x00007ffb3f84c000 	C:\Windows\SYSTEM32\WINHTTP.dll
0x00007ffb45b90000 - 0x00007ffb45bfa000 	C:\Windows\system32\mswsock.dll
0x00007ffb30ed0000 - 0x00007ffb30ee4000 	D:\Program Files\Android\Android Studio\jre\bin\nio.dll
0x00007ffb1de10000 - 0x00007ffb1de37000 	C:\Users\z'z\.gradle\native\8bec1ad78214c89d9ad589b4d07fe93259594b29d510b10fafb7a158f7737e5d\windows-amd64\native-platform.dll
0x00007ffaf3ae0000 - 0x00007ffaf3c1d000 	C:\Users\z'z\.gradle\native\53dbd7edfb1c66fb8903c78663c9afc45aea4f116125fa6feffd364cf09443e8\windows-amd64\native-platform-file-events.dll
0x00007ffb3f470000 - 0x00007ffb3f47a000 	D:\Program Files\Android\Android Studio\jre\bin\management.dll
0x00007ffb3f400000 - 0x00007ffb3f40c000 	D:\Program Files\Android\Android Studio\jre\bin\management_ext.dll
0x00007ffb45d80000 - 0x00007ffb45d98000 	C:\Windows\SYSTEM32\CRYPTSP.dll
0x00007ffb454a0000 - 0x00007ffb454d4000 	C:\Windows\system32\rsaenh.dll
0x00007ffb465d0000 - 0x00007ffb465f7000 	C:\Windows\System32\bcrypt.dll
0x00007ffb462a0000 - 0x00007ffb462ce000 	C:\Windows\SYSTEM32\USERENV.dll
0x00007ffb45da0000 - 0x00007ffb45dac000 	C:\Windows\SYSTEM32\CRYPTBASE.dll
0x00007ffb45830000 - 0x00007ffb4586b000 	C:\Windows\SYSTEM32\IPHLPAPI.DLL
0x00007ffb476c0000 - 0x00007ffb476c8000 	C:\Windows\System32\NSI.dll
0x00007ffb3c3d0000 - 0x00007ffb3c3e7000 	C:\Windows\SYSTEM32\dhcpcsvc6.DLL
0x00007ffb3c3b0000 - 0x00007ffb3c3cd000 	C:\Windows\SYSTEM32\dhcpcsvc.DLL
0x00007ffb458c0000 - 0x00007ffb4598b000 	C:\Windows\SYSTEM32\DNSAPI.dll

dbghelp: loaded successfully - version: 4.0.5 - missing functions: none
symbol engine: initialized successfully - sym options: 0x614 - pdb path: .;D:\Program Files\Android\Android Studio\jre\bin;C:\Windows\SYSTEM32;C:\Windows\WinSxS\amd64_microsoft.windows.common-controls_6595b64144ccf1df_6.0.19041.1110_none_60b5254171f9507e;D:\Program Files\Android\Android Studio\jre\bin\server;C:\Users\z'z\.gradle\native\8bec1ad78214c89d9ad589b4d07fe93259594b29d510b10fafb7a158f7737e5d\windows-amd64;C:\Users\z'z\.gradle\native\53dbd7edfb1c66fb8903c78663c9afc45aea4f116125fa6feffd364cf09443e8\windows-amd64

VM Arguments:
jvm_args: --add-opens=java.base/java.util=ALL-UNNAMED --add-opens=java.base/java.lang=ALL-UNNAMED --add-opens=java.base/java.lang.invoke=ALL-UNNAMED --add-opens=java.base/java.util=ALL-UNNAMED --add-opens=java.prefs/java.util.prefs=ALL-UNNAMED --add-opens=java.prefs/java.util.prefs=ALL-UNNAMED --add-opens=java.base/java.nio.charset=ALL-UNNAMED --add-opens=java.base/java.net=ALL-UNNAMED --add-opens=java.base/java.util.concurrent.atomic=ALL-UNNAMED -Xmx2048m -Dfile.encoding=UTF-8 -Duser.country=CN -Duser.language=zh -Duser.variant 
java_command: org.gradle.launcher.daemon.bootstrap.GradleDaemon 7.0.2
java_class_path (initial): C:\Users\z'z\.gradle\wrapper\dists\gradle-7.0.2-bin\857tjihv64xamwrf0h14cai3r\gradle-7.0.2\lib\gradle-launcher-7.0.2.jar
Launcher Type: SUN_STANDARD

[Global flags]
     intx CICompilerCount                          = 4                                         {product} {ergonomic}
     uint ConcGCThreads                            = 2                                         {product} {ergonomic}
     uint G1ConcRefinementThreads                  = 8                                         {product} {ergonomic}
   size_t G1HeapRegionSize                         = 1048576                                   {product} {ergonomic}
    uintx GCDrainStackTargetSize                   = 64                                        {product} {ergonomic}
   size_t InitialHeapSize                          = 266338304                                 {product} {ergonomic}
   size_t MarkStackSize                            = 4194304                                   {product} {ergonomic}
   size_t MaxHeapSize                              = 2147483648                                {product} {command line}
   size_t MaxNewSize                               = 1287651328                                {product} {ergonomic}
   size_t MinHeapDeltaBytes                        = 1048576                                   {product} {ergonomic}
    uintx NonNMethodCodeHeapSize                   = 5836300                                {pd product} {ergonomic}
    uintx NonProfiledCodeHeapSize                  = 122910970                              {pd product} {ergonomic}
    uintx ProfiledCodeHeapSize                     = 122910970                              {pd product} {ergonomic}
    uintx ReservedCodeCacheSize                    = 251658240                              {pd product} {ergonomic}
     bool SegmentedCodeCache                       = true                                      {product} {ergonomic}
     bool UseCompressedClassPointers               = true                                 {lp64_product} {ergonomic}
     bool UseCompressedOops                        = true                                 {lp64_product} {ergonomic}
     bool UseG1GC                                  = true                                      {product} {ergonomic}
     bool UseLargePagesIndividualAllocation        = false                                  {pd product} {ergonomic}

Logging:
Log output configuration:
 #0: stdout all=warning uptime,level,tags
 #1: stderr all=off uptime,level,tags

Environment Variables:
JAVA_HOME=D:\Program Files\Java\jdk1.8.0_131
PATH=C:\ProgramData\Oracle\Java\javapath;C:\Windows\system32;C:\Windows;C:\Windows\System32\Wbem;C:\Windows\System32\WindowsPowerShell\v1.0\;C:\Windows\System32\OpenSSH\;d:\Program Files\Git\cmd;D:\Program Files\Android\Sdk\platform-tools;D:\Program Files\nodejs\;C:\Users\z'z\AppData\Local\Microsoft\WindowsApps;D:\Program Files\Java\jdk1.8.0_131\bin;C:\Users\z'z\AppData\Roaming\npm
USERNAME=z'z
OS=Windows_NT
PROCESSOR_IDENTIFIER=Intel64 Family 6 Model 140 Stepping 2, GenuineIntel



---------------  S Y S T E M  ---------------

OS: Windows 10 , 64 bit Build 19041 (10.0.19041.1503)
OS uptime: 25 days 22:39 hours

CPU:total 8 (initial active 8) (4 cores per cpu, 2 threads per core) family 6 model 140 stepping 2 microcode 0x16, cmov, cx8, fxsr, mmx, sse, sse2, sse3, ssse3, sse4.1, sse4.2, popcnt, avx, avx2, aes, clmul, erms, 3dnowpref, lzcnt, ht, tsc, tscinvbit, bmi1, bmi2, adx, evex, sha, fma

Memory: 4k page, system-wide physical 16167M (1976M free)
TotalPageFile size 34917M (AvailPageFile size 16M)
current process WorkingSet (physical memory assigned to process): 486M, peak: 488M
current process commit charge ("private bytes"): 551M, peak: 554M

vm_info: OpenJDK 64-Bit Server VM (11.0.10+0-b96-7249189) for windows-amd64 JRE (11.0.10+0-b96-7249189), built on Mar 31 2021 21:44:00 by "builder" with MS VC++ 14.0 (VS2015)

END.
