#
# There is insufficient memory for the Java Runtime Environment to continue.
# Native memory allocation (mmap) failed to map 133169152 bytes for Failed to commit area from 0x000000008fe00000 to 0x0000000097d00000 of length 133169152.
# Possible reasons:
#   The system is out of physical RAM or swap space
#   The process is running with CompressedOops enabled, and the Java Heap may be blocking the growth of the native heap
# Possible solutions:
#   Reduce memory load on the system
#   Increase physical memory or swap space
#   Check if swap backing store is full
#   Decrease Java heap size (-Xmx/-Xms)
#   Decrease number of Java threads
#   Decrease Java thread stack sizes (-Xss)
#   Set larger code cache with -XX:ReservedCodeCacheSize=
#   JVM is running with Unscaled Compressed Oops mode in which the Java heap is
#     placed in the first 4GB address space. The Java Heap base address is the
#     maximum limit for the native heap growth. Please use -XX:HeapBaseMinAddress
#     to set the Java Heap base and to place the Java Heap above 4GB virtual address.
# This output file may be truncated or incomplete.
#
#  Out of Memory Error (./src/hotspot/os/windows/os_windows.cpp:3301), pid=3504, tid=10516
#
# JRE version: OpenJDK Runtime Environment (11.0.10) (build 11.0.10+0-b96-7249189)
# Java VM: OpenJDK 64-Bit Server VM (11.0.10+0-b96-7249189, mixed mode, tiered, compressed oops, g1 gc, windows-amd64)
# No core dump will be written. Minidumps are not enabled by default on client versions of Windows
#

---------------  S U M M A R Y ------------

Command Line: --add-opens=java.base/java.util=ALL-UNNAMED --add-opens=java.base/java.lang=ALL-UNNAMED --add-opens=java.base/java.lang.invoke=ALL-UNNAMED --add-opens=java.base/java.util=ALL-UNNAMED --add-opens=java.prefs/java.util.prefs=ALL-UNNAMED --add-opens=java.prefs/java.util.prefs=ALL-UNNAMED --add-opens=java.base/java.nio.charset=ALL-UNNAMED --add-opens=java.base/java.net=ALL-UNNAMED --add-opens=java.base/java.util.concurrent.atomic=ALL-UNNAMED -Xmx2048m -Dfile.encoding=UTF-8 -Duser.country=CN -Duser.language=zh -Duser.variant org.gradle.launcher.daemon.bootstrap.GradleDaemon 7.0.2

Host: 11th Gen Intel(R) Core(TM) i5-11320H @ 3.20GHz, 8 cores, 15G,  Windows 10 , 64 bit Build 19041 (10.0.19041.1503)
Time: Thu Mar 24 23:33:33 2022 中国标准时间 elapsed time: 9755.509185 seconds (0d 2h 42m 35s)

---------------  T H R E A D  ---------------

Current thread (0x0000027013a2c000):  VMThread "VM Thread" [stack: 0x000000ae85700000,0x000000ae85800000] [id=10516]

Stack: [0x000000ae85700000,0x000000ae85800000]
[error occurred during error reporting (printing stack bounds), id 0xc0000005, EXCEPTION_ACCESS_VIOLATION (0xc0000005) at pc=0x00000270000010e7]

Native frames: (J=compiled Java code, j=interpreted, Vv=VM code, C=native code)
V  [jvm.dll+0x5ecfaa]
V  [jvm.dll+0x722bd5]
V  [jvm.dll+0x72412d]
V  [jvm.dll+0x724745]
V  [jvm.dll+0x7246fb]
V  [jvm.dll+0x5ec348]
V  [jvm.dll+0x5ecad8]
C  [ntdll.dll+0xa20cf]
C  [ntdll.dll+0x51454]
C  [ntdll.dll+0xa0bfe]
C  0x00000270000010e7

VM_Operation (0x000000ae89cfd510): G1CollectForAllocation, mode: safepoint, requested by thread 0x00000270164be800


---------------  P R O C E S S  ---------------

Threads class SMR info:
_java_thread_list=0x000002701c968fa0, length=80, elements={
0x00000270784ec800, 0x0000027013a2e000, 0x0000027013a2f000, 0x0000027013a54800,
0x0000027013a57800, 0x0000027013a59000, 0x0000027013a5a000, 0x0000027013ab3800,
0x0000027013ab4800, 0x0000027013c4c800, 0x0000027015d24800, 0x0000027016bdc000,
0x00000270154b6800, 0x0000027016704000, 0x0000027016703000, 0x0000027016704800,
0x00000270164b8000, 0x00000270164ba800, 0x00000270164b9000, 0x00000270164b5800,
0x00000270164bf800, 0x00000270164bd000, 0x00000270164c0000, 0x0000027019b51000,
0x0000027019b4e800, 0x0000027019b52000, 0x0000027019b4c000, 0x0000027019b52800,
0x0000027019b4d000, 0x000002701968e000, 0x00000270164b6800, 0x0000027019689000,
0x0000027019687000, 0x0000027019688000, 0x000002701968b800, 0x000002701968f800,
0x000002701968c000, 0x0000027019689800, 0x000002701968a800, 0x0000027019691000,
0x000002701968e800, 0x0000027019693800, 0x0000027019694800, 0x0000027019696000,
0x0000027019695000, 0x0000027019692800, 0x0000027019692000, 0x0000027019b4f800,
0x0000027019b4e000, 0x0000027019b4b800, 0x0000027019b53800, 0x0000027019b55000,
0x0000027019b57800, 0x0000027019b58800, 0x0000027019b5a000, 0x0000027019b57000,
0x0000027019b59800, 0x00000270164b7000, 0x00000270164b9800, 0x00000270164b4800,
0x00000270164c2800, 0x00000270164c3800, 0x00000270164be800, 0x00000270164c1000,
0x00000270164c2000, 0x0000027016705800, 0x0000027020ffb000, 0x0000027020ffd800,
0x0000027020ffe800, 0x0000027020ffa800, 0x0000027020fff000, 0x0000027021001000,
0x0000027021000000, 0x0000027021001800, 0x0000027020ffc000, 0x0000027021002800,
0x0000027020ffc800, 0x0000027021007800, 0x0000027021008000, 0x0000027021006800
}

Java Threads: ( => current thread )
  0x00000270784ec800 JavaThread "main" [_thread_blocked, id=18028, stack(0x000000ae85100000,0x000000ae85200000)]
  0x0000027013a2e000 JavaThread "Reference Handler" daemon [_thread_blocked, id=18272, stack(0x000000ae85800000,0x000000ae85900000)]
  0x0000027013a2f000 JavaThread "Finalizer" daemon [_thread_blocked, id=14960, stack(0x000000ae85900000,0x000000ae85a00000)]
  0x0000027013a54800 JavaThread "Signal Dispatcher" daemon [_thread_blocked, id=19064, stack(0x000000ae85a00000,0x000000ae85b00000)]
  0x0000027013a57800 JavaThread "Attach Listener" daemon [_thread_blocked, id=18628, stack(0x000000ae85b00000,0x000000ae85c00000)]
  0x0000027013a59000 JavaThread "Service Thread" daemon [_thread_blocked, id=10068, stack(0x000000ae85c00000,0x000000ae85d00000)]
  0x0000027013a5a000 JavaThread "C2 CompilerThread0" daemon [_thread_blocked, id=16272, stack(0x000000ae85d00000,0x000000ae85e00000)]
  0x0000027013ab3800 JavaThread "C1 CompilerThread0" daemon [_thread_blocked, id=8380, stack(0x000000ae85e00000,0x000000ae85f00000)]
  0x0000027013ab4800 JavaThread "Sweeper thread" daemon [_thread_blocked, id=12596, stack(0x000000ae85f00000,0x000000ae86000000)]
  0x0000027013c4c800 JavaThread "Common-Cleaner" daemon [_thread_blocked, id=2436, stack(0x000000ae86000000,0x000000ae86100000)]
  0x0000027015d24800 JavaThread "Daemon health stats" [_thread_blocked, id=9620, stack(0x000000ae86900000,0x000000ae86a00000)]
  0x0000027016bdc000 JavaThread "Incoming local TCP Connector on port 62442" [_thread_in_native, id=19044, stack(0x000000ae86a00000,0x000000ae86b00000)]
  0x00000270154b6800 JavaThread "Daemon periodic checks" [_thread_blocked, id=17568, stack(0x000000ae86b00000,0x000000ae86c00000)]
  0x0000027016704000 JavaThread "Cache worker for file hash cache (C:\Users\z'z\.gradle\caches\7.0.2\fileHashes)" [_thread_blocked, id=7824, stack(0x000000ae87300000,0x000000ae87400000)]
  0x0000027016703000 JavaThread "File lock request listener" [_thread_in_native, id=7088, stack(0x000000ae87400000,0x000000ae87500000)]
  0x0000027016704800 JavaThread "Cache worker for journal cache (C:\Users\z'z\.gradle\caches\journal-1)" [_thread_blocked, id=13444, stack(0x000000ae87800000,0x000000ae87900000)]
  0x00000270164b8000 JavaThread "File watcher server" daemon [_thread_blocked, id=16816, stack(0x000000ae87a00000,0x000000ae87b00000)]
  0x00000270164ba800 JavaThread "File watcher consumer" daemon [_thread_blocked, id=7804, stack(0x000000ae87b00000,0x000000ae87c00000)]
  0x00000270164b9000 JavaThread "Cache worker for execution history cache (C:\Users\z'z\.gradle\caches\7.0.2\executionHistory)" [_thread_blocked, id=15728, stack(0x000000ae87f00000,0x000000ae88000000)]
  0x00000270164b5800 JavaThread "jar transforms" [_thread_blocked, id=6508, stack(0x000000ae88000000,0x000000ae88100000)]
  0x00000270164bf800 JavaThread "jar transforms Thread 2" [_thread_blocked, id=9260, stack(0x000000ae88100000,0x000000ae88200000)]
  0x00000270164bd000 JavaThread "Cache worker for file content cache (C:\Users\z'z\.gradle\caches\7.0.2\fileContent)" [_thread_blocked, id=1580, stack(0x000000ae88200000,0x000000ae88300000)]
  0x00000270164c0000 JavaThread "jar transforms Thread 3" [_thread_blocked, id=10592, stack(0x000000ae88400000,0x000000ae88500000)]
  0x0000027019b51000 JavaThread "jar transforms Thread 4" [_thread_blocked, id=11940, stack(0x000000ae88e00000,0x000000ae88f00000)]
  0x0000027019b4e800 JavaThread "jar transforms Thread 5" [_thread_blocked, id=13716, stack(0x000000ae88f00000,0x000000ae89000000)]
  0x0000027019b52000 JavaThread "jar transforms Thread 6" [_thread_blocked, id=14528, stack(0x000000ae89000000,0x000000ae89100000)]
  0x0000027019b4c000 JavaThread "jar transforms Thread 7" [_thread_blocked, id=6076, stack(0x000000ae89100000,0x000000ae89200000)]
  0x0000027019b52800 JavaThread "jar transforms Thread 8" [_thread_blocked, id=8716, stack(0x000000ae89200000,0x000000ae89300000)]
  0x0000027019b4d000 JavaThread "Memory manager" [_thread_blocked, id=7548, stack(0x000000ae89300000,0x000000ae89400000)]
  0x000002701968e000 JavaThread "Cache worker for Java compile cache (C:\Users\z'z\.gradle\caches\7.0.2\javaCompile)" [_thread_blocked, id=10736, stack(0x000000ae89a00000,0x000000ae89b00000)]
  0x00000270164b6800 JavaThread "ForkJoinPool.commonPool-worker-1" daemon [_thread_blocked, id=8648, stack(0x000000ae8a600000,0x000000ae8a700000)]
  0x0000027019689000 JavaThread "Daemon Thread 19" [_thread_blocked, id=12964, stack(0x000000ae84e00000,0x000000ae84f00000)]
  0x0000027019687000 JavaThread "Handler for socket connection from /127.0.0.1:62442 to /127.0.0.1:50000" [_thread_in_native, id=2720, stack(0x000000ae84f00000,0x000000ae85000000)]
  0x0000027019688000 JavaThread "Cancel handler" [_thread_blocked, id=548, stack(0x000000ae85000000,0x000000ae85100000)]
  0x000002701968b800 JavaThread "Daemon worker Thread 19" [_thread_in_native, id=14104, stack(0x000000ae86200000,0x000000ae86300000)]
  0x000002701968f800 JavaThread "Asynchronous log dispatcher for DefaultDaemonConnection: socket connection from /127.0.0.1:62442 to /127.0.0.1:50000" [_thread_blocked, id=14532, stack(0x000000ae86300000,0x000000ae86400000)]
  0x000002701968c000 JavaThread "Stdin handler" [_thread_blocked, id=4644, stack(0x000000ae86c00000,0x000000ae86d00000)]
  0x0000027019689800 JavaThread "Daemon client event forwarder" [_thread_blocked, id=17504, stack(0x000000ae86d00000,0x000000ae86e00000)]
  0x000002701968a800 JavaThread "Cache worker for file hash cache (D:\AsProject\TabLayoutViewPagerFragment\.gradle\7.0.2\fileHashes)" [_thread_blocked, id=1700, stack(0x000000ae86e00000,0x000000ae86f00000)]
  0x0000027019691000 JavaThread "Cache worker for checksums cache (D:\AsProject\TabLayoutViewPagerFragment\.gradle\checksums)" [_thread_blocked, id=11664, stack(0x000000ae86f00000,0x000000ae87000000)]
  0x000002701968e800 JavaThread "Cache worker for cache directory md-supplier (C:\Users\z'z\.gradle\caches\7.0.2\md-supplier)" [_thread_blocked, id=16888, stack(0x000000ae87000000,0x000000ae87100000)]
  0x0000027019693800 JavaThread "Cache worker for cache directory md-rule (C:\Users\z'z\.gradle\caches\7.0.2\md-rule)" [_thread_blocked, id=13596, stack(0x000000ae87100000,0x000000ae87200000)]
  0x0000027019694800 JavaThread "Cache worker for dependencies-accessors (D:\AsProject\TabLayoutViewPagerFragment\.gradle\7.0.2\dependencies-accessors)" [_thread_blocked, id=2576, stack(0x000000ae87200000,0x000000ae87300000)]
  0x0000027019696000 JavaThread "Cache worker for Build Output Cleanup Cache (D:\AsProject\TabLayoutViewPagerFragment\.gradle\buildOutputCleanup)" [_thread_blocked, id=5760, stack(0x000000ae87900000,0x000000ae87a00000)]
  0x0000027019695000 JavaThread "Build operations" [_thread_blocked, id=9264, stack(0x000000ae87c00000,0x000000ae87d00000)]
  0x0000027019692800 JavaThread "Build operations Thread 2" [_thread_blocked, id=7644, stack(0x000000ae87d00000,0x000000ae87e00000)]
  0x0000027019692000 JavaThread "Build operations Thread 3" [_thread_blocked, id=16144, stack(0x000000ae87e00000,0x000000ae87f00000)]
  0x0000027019b4f800 JavaThread "Build operations Thread 4" [_thread_blocked, id=12568, stack(0x000000ae88300000,0x000000ae88400000)]
  0x0000027019b4e000 JavaThread "Build operations Thread 5" [_thread_blocked, id=7488, stack(0x000000ae88500000,0x000000ae88600000)]
  0x0000027019b4b800 JavaThread "Build operations Thread 6" [_thread_blocked, id=4964, stack(0x000000ae88600000,0x000000ae88700000)]
  0x0000027019b53800 JavaThread "Build operations Thread 7" [_thread_blocked, id=13404, stack(0x000000ae88700000,0x000000ae88800000)]
  0x0000027019b55000 JavaThread "Build operations Thread 8" [_thread_blocked, id=6960, stack(0x000000ae88800000,0x000000ae88900000)]
  0x0000027019b57800 JavaThread "build event listener" [_thread_blocked, id=14820, stack(0x000000ae88b00000,0x000000ae88c00000)]
  0x0000027019b58800 JavaThread "Execution worker for ':'" [_thread_blocked, id=17472, stack(0x000000ae88c00000,0x000000ae88d00000)]
  0x0000027019b5a000 JavaThread "Execution worker for ':' Thread 2" [_thread_blocked, id=3764, stack(0x000000ae88d00000,0x000000ae88e00000)]
  0x0000027019b57000 JavaThread "Execution worker for ':' Thread 3" [_thread_blocked, id=10632, stack(0x000000ae89400000,0x000000ae89500000)]
  0x0000027019b59800 JavaThread "Execution worker for ':' Thread 4" [_thread_blocked, id=488, stack(0x000000ae89500000,0x000000ae89600000)]
  0x00000270164b7000 JavaThread "Execution worker for ':' Thread 5" [_thread_blocked, id=10576, stack(0x000000ae89600000,0x000000ae89700000)]
  0x00000270164b9800 JavaThread "Execution worker for ':' Thread 6" [_thread_blocked, id=8860, stack(0x000000ae89700000,0x000000ae89800000)]
  0x00000270164b4800 JavaThread "Execution worker for ':' Thread 7" [_thread_blocked, id=2512, stack(0x000000ae89800000,0x000000ae89900000)]
  0x00000270164c2800 JavaThread "Cache worker for execution history cache (D:\AsProject\TabLayoutViewPagerFragment\.gradle\7.0.2\executionHistory)" [_thread_blocked, id=9020, stack(0x000000ae89900000,0x000000ae89a00000)]
  0x00000270164c3800 JavaThread "WorkerExecutor Queue" [_thread_blocked, id=18712, stack(0x000000ae89b00000,0x000000ae89c00000)]
  0x00000270164be800 JavaThread "WorkerExecutor Queue Thread 2" [_thread_blocked, id=9284, stack(0x000000ae89c00000,0x000000ae89d00000)]
  0x00000270164c1000 JavaThread "WorkerExecutor Queue Thread 3" [_thread_blocked, id=17392, stack(0x000000ae89d00000,0x000000ae89e00000)]
  0x00000270164c2000 JavaThread "WorkerExecutor Queue Thread 4" [_thread_blocked, id=12140, stack(0x000000ae89e00000,0x000000ae89f00000)]
  0x0000027016705800 JavaThread "WorkerExecutor Queue Thread 5" [_thread_blocked, id=3856, stack(0x000000ae89f00000,0x000000ae8a000000)]
  0x0000027020ffb000 JavaThread "WorkerExecutor Queue Thread 6" [_thread_blocked, id=7808, stack(0x000000ae8a000000,0x000000ae8a100000)]
  0x0000027020ffd800 JavaThread "WorkerExecutor Queue Thread 7" [_thread_blocked, id=16828, stack(0x000000ae8a100000,0x000000ae8a200000)]
  0x0000027020ffe800 JavaThread "WorkerExecutor Queue Thread 8" [_thread_blocked, id=13100, stack(0x000000ae8a200000,0x000000ae8a300000)]
  0x0000027020ffa800 JavaThread "C2 CompilerThread1" daemon [_thread_blocked, id=19380, stack(0x000000ae88900000,0x000000ae88a00000)]
  0x0000027020fff000 JavaThread "C2 CompilerThread2" daemon [_thread_blocked, id=2864, stack(0x000000ae88a00000,0x000000ae88b00000)]
  0x0000027021001000 JavaThread "WorkerExecutor Queue Thread 9" [_thread_blocked, id=6032, stack(0x000000ae8a300000,0x000000ae8a400000)]
  0x0000027021000000 JavaThread "ForkJoinPool-8-worker-3" daemon [_thread_blocked, id=9820, stack(0x000000ae8a400000,0x000000ae8a500000)]
  0x0000027021001800 JavaThread "ForkJoinPool-8-worker-5" daemon [_thread_blocked, id=8888, stack(0x000000ae8a500000,0x000000ae8a600000)]
  0x0000027020ffc000 JavaThread "ForkJoinPool-8-worker-7" daemon [_thread_blocked, id=11612, stack(0x000000ae8a700000,0x000000ae8a800000)]
  0x0000027021002800 JavaThread "ForkJoinPool-8-worker-9" daemon [_thread_blocked, id=8120, stack(0x000000ae8a800000,0x000000ae8a900000)]
  0x0000027020ffc800 JavaThread "ForkJoinPool-8-worker-11" daemon [_thread_blocked, id=5136, stack(0x000000ae8a900000,0x000000ae8aa00000)]
  0x0000027021007800 JavaThread "ForkJoinPool-8-worker-13" daemon [_thread_blocked, id=16992, stack(0x000000ae8aa00000,0x000000ae8ab00000)]
  0x0000027021008000 JavaThread "ForkJoinPool-8-worker-15" daemon [_thread_blocked, id=9140, stack(0x000000ae8ab00000,0x000000ae8ac00000)]
  0x0000027021006800 JavaThread "ForkJoinPool-8-worker-1" daemon [_thread_blocked, id=18980, stack(0x000000ae8ac00000,0x000000ae8ad00000)]

Other Threads:
=>0x0000027013a2c000 VMThread "VM Thread" [stack: 0x000000ae85700000,0x000000ae85800000] [id=10516]
  0x0000027013c65000 WatcherThread [stack: 0x000000ae86100000,0x000000ae86200000] [id=4320]
  0x0000027078503000 GCTaskThread "GC Thread#0" [stack: 0x000000ae85200000,0x000000ae85300000] [id=15176]
  0x0000027014a80800 GCTaskThread "GC Thread#1" [stack: 0x000000ae86400000,0x000000ae86500000] [id=2124]
  0x0000027014dee000 GCTaskThread "GC Thread#2" [stack: 0x000000ae86500000,0x000000ae86600000] [id=15924]
  0x0000027014af9000 GCTaskThread "GC Thread#3" [stack: 0x000000ae86600000,0x000000ae86700000] [id=9128]
  0x0000027014696800 GCTaskThread "GC Thread#4" [stack: 0x000000ae86700000,0x000000ae86800000] [id=18476]
  0x0000027014b80000 GCTaskThread "GC Thread#5" [stack: 0x000000ae86800000,0x000000ae86900000] [id=2568]
  0x0000027014f63000 GCTaskThread "GC Thread#6" [stack: 0x000000ae87500000,0x000000ae87600000] [id=8408]
  0x0000027014f13800 GCTaskThread "GC Thread#7" [stack: 0x000000ae87600000,0x000000ae87700000] [id=10416]
  0x0000027078535000 ConcurrentGCThread "G1 Main Marker" [stack: 0x000000ae85300000,0x000000ae85400000] [id=3168]
  0x0000027078536000 ConcurrentGCThread "G1 Conc#0" [stack: 0x000000ae85400000,0x000000ae85500000] [id=11724]
  0x00000270146ba000 ConcurrentGCThread "G1 Conc#1" [stack: 0x000000ae87700000,0x000000ae87800000] [id=10752]
  0x0000027013074800 ConcurrentGCThread "G1 Refine#0" [stack: 0x000000ae85500000,0x000000ae85600000] [id=17964]
  0x0000027013075800 ConcurrentGCThread "G1 Young RemSet Sampling" [stack: 0x000000ae85600000,0x000000ae85700000] [id=18936]

Threads with active compile tasks:
C2 CompilerThread09755522 32225       4       com.android.tools.r8.internal.fu::a (185 bytes)
C1 CompilerThread09755522 32258       3       com.android.tools.r8.graph.f0$o::a0 (4 bytes)
C2 CompilerThread19755522 32238       4       com.android.tools.r8.internal.mp::a (286 bytes)
C2 CompilerThread29755522 32244       4       com.android.tools.r8.internal.dk::b (156 bytes)

VM state:at safepoint (normal execution)

VM Mutex/Monitor currently owned by a thread:  ([mutex/lock_event])
[0x00000270784e98e0] Threads_lock - owner thread: 0x0000027013a2c000
[0x00000270784e8c80] Heap_lock - owner thread: 0x00000270164be800

Heap address: 0x0000000080000000, size: 2048 MB, Compressed Oops mode: 32-bit
Narrow klass base: 0x0000000000000000, Narrow klass shift: 3
Compressed class space size: 1073741824 Address: 0x0000000100000000

Heap:
 garbage-first heap   total 390144K, used 162140K [0x0000000080000000, 0x0000000100000000)
  region size 1024K, 2 young (2048K), 2 survivors (2048K)
 Metaspace       used 145419K, capacity 150335K, committed 151756K, reserved 1181696K
  class space    used 17836K, capacity 19607K, committed 19916K, reserved 1048576K
Heap Regions: E=young(eden), S=young(survivor), O=old, HS=humongous(starts), HC=humongous(continues), CS=collection set, F=free, A=archive, TAMS=top-at-mark-start (previous, next)
|   0|0x0000000080000000, 0x0000000080100000, 0x0000000080100000|100%| O|  |TAMS 0x0000000080100000, 0x0000000080000000| Untracked 
|   1|0x0000000080100000, 0x0000000080200000, 0x0000000080200000|100%| O|  |TAMS 0x0000000080200000, 0x0000000080100000| Untracked 
|   2|0x0000000080200000, 0x0000000080300000, 0x0000000080300000|100%| O|  |TAMS 0x0000000080300000, 0x0000000080200000| Untracked 
|   3|0x0000000080300000, 0x0000000080400000, 0x0000000080400000|100%|HS|  |TAMS 0x0000000080400000, 0x0000000080300000| Complete 
|   4|0x0000000080400000, 0x0000000080500000, 0x0000000080500000|100%|HC|  |TAMS 0x0000000080500000, 0x0000000080400000| Complete 
|   5|0x0000000080500000, 0x0000000080600000, 0x0000000080600000|100%|HC|  |TAMS 0x0000000080600000, 0x0000000080500000| Complete 
|   6|0x0000000080600000, 0x0000000080700000, 0x0000000080700000|100%| O|  |TAMS 0x0000000080700000, 0x0000000080600000| Untracked 
|   7|0x0000000080700000, 0x0000000080800000, 0x0000000080800000|100%| O|  |TAMS 0x0000000080800000, 0x0000000080700000| Untracked 
|   8|0x0000000080800000, 0x0000000080900000, 0x0000000080900000|100%| O|  |TAMS 0x0000000080900000, 0x0000000080800000| Untracked 
|   9|0x0000000080900000, 0x0000000080a00000, 0x0000000080a00000|100%| O|  |TAMS 0x0000000080a00000, 0x0000000080900000| Complete 
|  10|0x0000000080a00000, 0x0000000080b00000, 0x0000000080b00000|100%| O|  |TAMS 0x0000000080b00000, 0x0000000080a00000| Untracked 
|  11|0x0000000080b00000, 0x0000000080c00000, 0x0000000080c00000|100%| O|  |TAMS 0x0000000080c00000, 0x0000000080b00000| Untracked 
|  12|0x0000000080c00000, 0x0000000080d00000, 0x0000000080d00000|100%| O|  |TAMS 0x0000000080d00000, 0x0000000080c00000| Complete 
|  13|0x0000000080d00000, 0x0000000080e00000, 0x0000000080e00000|100%| O|  |TAMS 0x0000000080e00000, 0x0000000080d00000| Untracked 
|  14|0x0000000080e00000, 0x0000000080f00000, 0x0000000080f00000|100%| O|  |TAMS 0x0000000080f00000, 0x0000000080e00000| Complete 
|  15|0x0000000080f00000, 0x0000000081000000, 0x0000000081000000|100%| O|  |TAMS 0x0000000081000000, 0x0000000080f00000| Untracked 
|  16|0x0000000081000000, 0x0000000081100000, 0x0000000081100000|100%| O|  |TAMS 0x0000000081100000, 0x0000000081000000| Complete 
|  17|0x0000000081100000, 0x0000000081200000, 0x0000000081200000|100%|HS|  |TAMS 0x0000000081200000, 0x0000000081100000| Complete 
|  18|0x0000000081200000, 0x0000000081300000, 0x0000000081300000|100%|HS|  |TAMS 0x0000000081300000, 0x0000000081200000| Complete 
|  19|0x0000000081300000, 0x0000000081400000, 0x0000000081400000|100%|HS|  |TAMS 0x0000000081400000, 0x0000000081300000| Complete 
|  20|0x0000000081400000, 0x0000000081500000, 0x0000000081500000|100%|HC|  |TAMS 0x0000000081500000, 0x0000000081400000| Complete 
|  21|0x0000000081500000, 0x0000000081500000, 0x0000000081600000|  0%| F|  |TAMS 0x0000000081500000, 0x0000000081500000| Untracked 
|  22|0x0000000081600000, 0x0000000081700000, 0x0000000081700000|100%| O|  |TAMS 0x0000000081700000, 0x0000000081600000| Complete 
|  23|0x0000000081700000, 0x0000000081800000, 0x0000000081800000|100%| O|  |TAMS 0x0000000081800000, 0x0000000081700000| Complete 
|  24|0x0000000081800000, 0x0000000081900000, 0x0000000081900000|100%| O|  |TAMS 0x0000000081900000, 0x0000000081800000| Complete 
|  25|0x0000000081900000, 0x0000000081a00000, 0x0000000081a00000|100%| O|  |TAMS 0x0000000081a00000, 0x0000000081900000| Complete 
|  26|0x0000000081a00000, 0x0000000081b00000, 0x0000000081b00000|100%| O|  |TAMS 0x0000000081b00000, 0x0000000081a00000| Untracked 
|  27|0x0000000081b00000, 0x0000000081c00000, 0x0000000081c00000|100%| O|  |TAMS 0x0000000081c00000, 0x0000000081b00000| Complete 
|  28|0x0000000081c00000, 0x0000000081d00000, 0x0000000081d00000|100%| O|  |TAMS 0x0000000081d00000, 0x0000000081c00000| Untracked 
|  29|0x0000000081d00000, 0x0000000081e00000, 0x0000000081e00000|100%| O|  |TAMS 0x0000000081e00000, 0x0000000081d00000| Untracked 
|  30|0x0000000081e00000, 0x0000000081f00000, 0x0000000081f00000|100%| O|  |TAMS 0x0000000081f00000, 0x0000000081e00000| Untracked 
|  31|0x0000000081f00000, 0x0000000081f00000, 0x0000000082000000|  0%| F|  |TAMS 0x0000000081f00000, 0x0000000081f00000| Untracked 
|  32|0x0000000082000000, 0x0000000082100000, 0x0000000082100000|100%| O|  |TAMS 0x0000000082100000, 0x0000000082000000| Untracked 
|  33|0x0000000082100000, 0x0000000082200000, 0x0000000082200000|100%| O|  |TAMS 0x0000000082200000, 0x0000000082100000| Complete 
|  34|0x0000000082200000, 0x0000000082300000, 0x0000000082300000|100%| O|  |TAMS 0x0000000082300000, 0x0000000082200000| Untracked 
|  35|0x0000000082300000, 0x0000000082400000, 0x0000000082400000|100%|HS|  |TAMS 0x0000000082400000, 0x0000000082300000| Complete 
|  36|0x0000000082400000, 0x0000000082500000, 0x0000000082500000|100%| O|  |TAMS 0x0000000082500000, 0x0000000082400000| Complete 
|  37|0x0000000082500000, 0x0000000082600000, 0x0000000082600000|100%| O|  |TAMS 0x0000000082600000, 0x0000000082500000| Complete 
|  38|0x0000000082600000, 0x0000000082700000, 0x0000000082700000|100%| O|  |TAMS 0x0000000082700000, 0x0000000082600000| Complete 
|  39|0x0000000082700000, 0x0000000082700000, 0x0000000082800000|  0%| F|  |TAMS 0x0000000082700000, 0x0000000082700000| Untracked 
|  40|0x0000000082800000, 0x0000000082900000, 0x0000000082900000|100%| O|  |TAMS 0x0000000082900000, 0x0000000082800000| Untracked 
|  41|0x0000000082900000, 0x0000000082900000, 0x0000000082a00000|  0%| F|  |TAMS 0x0000000082900000, 0x0000000082900000| Untracked 
|  42|0x0000000082a00000, 0x0000000082b00000, 0x0000000082b00000|100%|HS|  |TAMS 0x0000000082b00000, 0x0000000082a00000| Complete 
|  43|0x0000000082b00000, 0x0000000082c00000, 0x0000000082c00000|100%|HC|  |TAMS 0x0000000082c00000, 0x0000000082b00000| Complete 
|  44|0x0000000082c00000, 0x0000000082d00000, 0x0000000082d00000|100%| O|  |TAMS 0x0000000082d00000, 0x0000000082c00000| Complete 
|  45|0x0000000082d00000, 0x0000000082e00000, 0x0000000082e00000|100%| O|  |TAMS 0x0000000082e00000, 0x0000000082d00000| Complete 
|  46|0x0000000082e00000, 0x0000000082e00000, 0x0000000082f00000|  0%| F|  |TAMS 0x0000000082e00000, 0x0000000082e00000| Untracked 
|  47|0x0000000082f00000, 0x0000000083000000, 0x0000000083000000|100%| O|  |TAMS 0x0000000083000000, 0x0000000082f00000| Untracked 
|  48|0x0000000083000000, 0x0000000083000000, 0x0000000083100000|  0%| F|  |TAMS 0x0000000083000000, 0x0000000083000000| Untracked 
|  49|0x0000000083100000, 0x0000000083100000, 0x0000000083200000|  0%| F|  |TAMS 0x0000000083100000, 0x0000000083100000| Untracked 
|  50|0x0000000083200000, 0x0000000083200000, 0x0000000083300000|  0%| F|  |TAMS 0x0000000083200000, 0x0000000083200000| Untracked 
|  51|0x0000000083300000, 0x0000000083400000, 0x0000000083400000|100%| O|  |TAMS 0x0000000083400000, 0x0000000083300000| Untracked 
|  52|0x0000000083400000, 0x0000000083500000, 0x0000000083500000|100%| O|  |TAMS 0x0000000083500000, 0x0000000083400000| Untracked 
|  53|0x0000000083500000, 0x0000000083500000, 0x0000000083600000|  0%| F|  |TAMS 0x0000000083500000, 0x0000000083500000| Untracked 
|  54|0x0000000083600000, 0x0000000083700000, 0x0000000083700000|100%| O|  |TAMS 0x0000000083700000, 0x0000000083600000| Complete 
|  55|0x0000000083700000, 0x0000000083800000, 0x0000000083800000|100%| O|  |TAMS 0x0000000083800000, 0x0000000083700000| Complete 
|  56|0x0000000083800000, 0x0000000083900000, 0x0000000083900000|100%| O|  |TAMS 0x0000000083900000, 0x0000000083800000| Complete 
|  57|0x0000000083900000, 0x0000000083a00000, 0x0000000083a00000|100%| O|  |TAMS 0x0000000083a00000, 0x0000000083900000| Complete 
|  58|0x0000000083a00000, 0x0000000083b00000, 0x0000000083b00000|100%| O|  |TAMS 0x0000000083b00000, 0x0000000083a00000| Complete 
|  59|0x0000000083b00000, 0x0000000083b00000, 0x0000000083c00000|  0%| F|  |TAMS 0x0000000083b00000, 0x0000000083b00000| Untracked 
|  60|0x0000000083c00000, 0x0000000083c00000, 0x0000000083d00000|  0%| F|  |TAMS 0x0000000083c00000, 0x0000000083c00000| Untracked 
|  61|0x0000000083d00000, 0x0000000083d00000, 0x0000000083e00000|  0%| F|  |TAMS 0x0000000083d00000, 0x0000000083d00000| Untracked 
|  62|0x0000000083e00000, 0x0000000083f00000, 0x0000000083f00000|100%| O|  |TAMS 0x0000000083f00000, 0x0000000083e00000| Untracked 
|  63|0x0000000083f00000, 0x0000000084000000, 0x0000000084000000|100%| O|  |TAMS 0x0000000084000000, 0x0000000083f00000| Untracked 
|  64|0x0000000084000000, 0x0000000084100000, 0x0000000084100000|100%| O|  |TAMS 0x0000000084100000, 0x0000000084000000| Untracked 
|  65|0x0000000084100000, 0x0000000084200000, 0x0000000084200000|100%| O|  |TAMS 0x0000000084200000, 0x0000000084100000| Untracked 
|  66|0x0000000084200000, 0x0000000084200000, 0x0000000084300000|  0%| F|  |TAMS 0x0000000084200000, 0x0000000084200000| Untracked 
|  67|0x0000000084300000, 0x0000000084300000, 0x0000000084400000|  0%| F|  |TAMS 0x0000000084300000, 0x0000000084300000| Untracked 
|  68|0x0000000084400000, 0x0000000084500000, 0x0000000084500000|100%|HS|  |TAMS 0x0000000084500000, 0x0000000084400000| Complete 
|  69|0x0000000084500000, 0x0000000084600000, 0x0000000084600000|100%| O|  |TAMS 0x0000000084600000, 0x0000000084500000| Complete 
|  70|0x0000000084600000, 0x0000000084700000, 0x0000000084700000|100%| O|  |TAMS 0x0000000084700000, 0x0000000084600000| Untracked 
|  71|0x0000000084700000, 0x0000000084800000, 0x0000000084800000|100%| O|  |TAMS 0x0000000084800000, 0x0000000084700000| Untracked 
|  72|0x0000000084800000, 0x0000000084900000, 0x0000000084900000|100%| O|  |TAMS 0x0000000084900000, 0x0000000084800000| Untracked 
|  73|0x0000000084900000, 0x0000000084a00000, 0x0000000084a00000|100%| O|  |TAMS 0x0000000084a00000, 0x0000000084900000| Untracked 
|  74|0x0000000084a00000, 0x0000000084b00000, 0x0000000084b00000|100%| O|  |TAMS 0x0000000084b00000, 0x0000000084a00000| Untracked 
|  75|0x0000000084b00000, 0x0000000084c00000, 0x0000000084c00000|100%| O|  |TAMS 0x0000000084c00000, 0x0000000084b00000| Complete 
|  76|0x0000000084c00000, 0x0000000084d00000, 0x0000000084d00000|100%| O|  |TAMS 0x0000000084d00000, 0x0000000084c00000| Untracked 
|  77|0x0000000084d00000, 0x0000000084e00000, 0x0000000084e00000|100%| O|  |TAMS 0x0000000084e00000, 0x0000000084d00000| Complete 
|  78|0x0000000084e00000, 0x0000000084f00000, 0x0000000084f00000|100%| O|  |TAMS 0x0000000084f00000, 0x0000000084e00000| Complete 
|  79|0x0000000084f00000, 0x0000000085000000, 0x0000000085000000|100%| O|  |TAMS 0x0000000085000000, 0x0000000084f00000| Untracked 
|  80|0x0000000085000000, 0x0000000085100000, 0x0000000085100000|100%| O|  |TAMS 0x0000000085100000, 0x0000000085000000| Untracked 
|  81|0x0000000085100000, 0x0000000085200000, 0x0000000085200000|100%| O|  |TAMS 0x0000000085200000, 0x0000000085100000| Untracked 
|  82|0x0000000085200000, 0x0000000085300000, 0x0000000085300000|100%| O|  |TAMS 0x0000000085300000, 0x0000000085200000| Untracked 
|  83|0x0000000085300000, 0x0000000085300000, 0x0000000085400000|  0%| F|  |TAMS 0x0000000085300000, 0x0000000085300000| Untracked 
|  84|0x0000000085400000, 0x0000000085500000, 0x0000000085500000|100%| O|  |TAMS 0x00000000854f8000, 0x0000000085400000| Untracked 
|  85|0x0000000085500000, 0x0000000085600000, 0x0000000085600000|100%| O|  |TAMS 0x0000000085500000, 0x0000000085500000| Untracked 
|  86|0x0000000085600000, 0x0000000085700000, 0x0000000085700000|100%| O|  |TAMS 0x0000000085600000, 0x0000000085600000| Untracked 
|  87|0x0000000085700000, 0x0000000085800000, 0x0000000085800000|100%| O|  |TAMS 0x0000000085800000, 0x0000000085700000| Complete 
|  88|0x0000000085800000, 0x0000000085900000, 0x0000000085900000|100%| O|  |TAMS 0x0000000085900000, 0x0000000085800000| Complete 
|  89|0x0000000085900000, 0x0000000085a00000, 0x0000000085a00000|100%| O|  |TAMS 0x0000000085a00000, 0x0000000085900000| Untracked 
|  90|0x0000000085a00000, 0x0000000085b00000, 0x0000000085b00000|100%|HS|  |TAMS 0x0000000085a00000, 0x0000000085a00000| Complete 
|  91|0x0000000085b00000, 0x0000000085c00000, 0x0000000085c00000|100%|HS|  |TAMS 0x0000000085b00000, 0x0000000085b00000| Complete 
|  92|0x0000000085c00000, 0x0000000085d00000, 0x0000000085d00000|100%|HS|  |TAMS 0x0000000085d00000, 0x0000000085c00000| Complete 
|  93|0x0000000085d00000, 0x0000000085e00000, 0x0000000085e00000|100%|HC|  |TAMS 0x0000000085e00000, 0x0000000085d00000| Complete 
|  94|0x0000000085e00000, 0x0000000085f00000, 0x0000000085f00000|100%|HS|  |TAMS 0x0000000085f00000, 0x0000000085e00000| Complete 
|  95|0x0000000085f00000, 0x0000000086000000, 0x0000000086000000|100%|HC|  |TAMS 0x0000000086000000, 0x0000000085f00000| Complete 
|  96|0x0000000086000000, 0x0000000086100000, 0x0000000086100000|100%|HC|  |TAMS 0x0000000086100000, 0x0000000086000000| Complete 
|  97|0x0000000086100000, 0x0000000086200000, 0x0000000086200000|100%| O|  |TAMS 0x0000000086200000, 0x0000000086100000| Complete 
|  98|0x0000000086200000, 0x0000000086300000, 0x0000000086300000|100%| O|  |TAMS 0x0000000086200000, 0x0000000086200000| Untracked 
|  99|0x0000000086300000, 0x0000000086400000, 0x0000000086400000|100%| O|  |TAMS 0x0000000086300000, 0x0000000086300000| Untracked 
| 100|0x0000000086400000, 0x0000000086500000, 0x0000000086500000|100%| O|  |TAMS 0x0000000086500000, 0x0000000086400000| Untracked 
| 101|0x0000000086500000, 0x0000000086600000, 0x0000000086600000|100%| O|  |TAMS 0x0000000086500000, 0x0000000086500000| Untracked 
| 102|0x0000000086600000, 0x0000000086700000, 0x0000000086700000|100%| O|  |TAMS 0x0000000086700000, 0x0000000086600000| Complete 
| 103|0x0000000086700000, 0x0000000086800000, 0x0000000086800000|100%| O|  |TAMS 0x0000000086800000, 0x0000000086700000| Complete 
| 104|0x0000000086800000, 0x0000000086800000, 0x0000000086900000|  0%| F|  |TAMS 0x0000000086800000, 0x0000000086800000| Untracked 
| 105|0x0000000086900000, 0x0000000086a00000, 0x0000000086a00000|100%|HS|  |TAMS 0x0000000086a00000, 0x0000000086900000| Complete 
| 106|0x0000000086a00000, 0x0000000086b00000, 0x0000000086b00000|100%|HC|  |TAMS 0x0000000086b00000, 0x0000000086a00000| Complete 
| 107|0x0000000086b00000, 0x0000000086c00000, 0x0000000086c00000|100%|HC|  |TAMS 0x0000000086c00000, 0x0000000086b00000| Complete 
| 108|0x0000000086c00000, 0x0000000086d00000, 0x0000000086d00000|100%|HC|  |TAMS 0x0000000086d00000, 0x0000000086c00000| Complete 
| 109|0x0000000086d00000, 0x0000000086e00000, 0x0000000086e00000|100%|HC|  |TAMS 0x0000000086e00000, 0x0000000086d00000| Complete 
| 110|0x0000000086e00000, 0x0000000086f00000, 0x0000000086f00000|100%|HS|  |TAMS 0x0000000086f00000, 0x0000000086e00000| Complete 
| 111|0x0000000086f00000, 0x0000000087000000, 0x0000000087000000|100%|HC|  |TAMS 0x0000000087000000, 0x0000000086f00000| Complete 
| 112|0x0000000087000000, 0x0000000087100000, 0x0000000087100000|100%|HC|  |TAMS 0x0000000087100000, 0x0000000087000000| Complete 
| 113|0x0000000087100000, 0x0000000087200000, 0x0000000087200000|100%|HC|  |TAMS 0x0000000087200000, 0x0000000087100000| Complete 
| 114|0x0000000087200000, 0x0000000087300000, 0x0000000087300000|100%|HC|  |TAMS 0x0000000087300000, 0x0000000087200000| Complete 
| 115|0x0000000087300000, 0x0000000087300000, 0x0000000087400000|  0%| F|  |TAMS 0x0000000087300000, 0x0000000087300000| Untracked 
| 116|0x0000000087400000, 0x0000000087400000, 0x0000000087500000|  0%| F|  |TAMS 0x0000000087400000, 0x0000000087400000| Untracked 
| 117|0x0000000087500000, 0x0000000087600000, 0x0000000087600000|100%| O|  |TAMS 0x0000000087600000, 0x0000000087500000| Complete 
| 118|0x0000000087600000, 0x0000000087700000, 0x0000000087700000|100%| O|  |TAMS 0x0000000087700000, 0x0000000087600000| Untracked 
| 119|0x0000000087700000, 0x0000000087800000, 0x0000000087800000|100%|HS|  |TAMS 0x0000000087800000, 0x0000000087700000| Complete 
| 120|0x0000000087800000, 0x0000000087900000, 0x0000000087900000|100%|HC|  |TAMS 0x0000000087900000, 0x0000000087800000| Complete 
| 121|0x0000000087900000, 0x0000000087a00000, 0x0000000087a00000|100%|HC|  |TAMS 0x0000000087a00000, 0x0000000087900000| Complete 
| 122|0x0000000087a00000, 0x0000000087b00000, 0x0000000087b00000|100%| O|  |TAMS 0x0000000087b00000, 0x0000000087a00000| Untracked 
| 123|0x0000000087b00000, 0x0000000087c00000, 0x0000000087c00000|100%| O|  |TAMS 0x0000000087c00000, 0x0000000087b00000| Untracked 
| 124|0x0000000087c00000, 0x0000000087d00000, 0x0000000087d00000|100%| O|  |TAMS 0x0000000087d00000, 0x0000000087c00000| Complete 
| 125|0x0000000087d00000, 0x0000000087e00000, 0x0000000087e00000|100%| O|  |TAMS 0x0000000087e00000, 0x0000000087d00000| Complete 
| 126|0x0000000087e00000, 0x0000000087f00000, 0x0000000087f00000|100%| O|  |TAMS 0x0000000087f00000, 0x0000000087e00000| Untracked 
| 127|0x0000000087f00000, 0x0000000088000000, 0x0000000088000000|100%| O|  |TAMS 0x0000000088000000, 0x0000000087f00000| Complete 
| 128|0x0000000088000000, 0x0000000088100000, 0x0000000088100000|100%| O|  |TAMS 0x0000000088100000, 0x0000000088000000| Untracked 
| 129|0x0000000088100000, 0x0000000088200000, 0x0000000088200000|100%| O|  |TAMS 0x0000000088200000, 0x0000000088100000| Complete 
| 130|0x0000000088200000, 0x0000000088300000, 0x0000000088300000|100%| O|  |TAMS 0x0000000088300000, 0x0000000088200000| Complete 
| 131|0x0000000088300000, 0x0000000088400000, 0x0000000088400000|100%| O|  |TAMS 0x0000000088400000, 0x0000000088300000| Complete 
| 132|0x0000000088400000, 0x0000000088500000, 0x0000000088500000|100%| O|  |TAMS 0x0000000088500000, 0x0000000088400000| Complete 
| 133|0x0000000088500000, 0x0000000088600000, 0x0000000088600000|100%| O|  |TAMS 0x0000000088600000, 0x0000000088500000| Untracked 
| 134|0x0000000088600000, 0x0000000088700000, 0x0000000088700000|100%| O|  |TAMS 0x0000000088700000, 0x0000000088600000| Untracked 
| 135|0x0000000088700000, 0x0000000088800000, 0x0000000088800000|100%| O|  |TAMS 0x0000000088800000, 0x0000000088700000| Untracked 
| 136|0x0000000088800000, 0x0000000088900000, 0x0000000088900000|100%| O|  |TAMS 0x0000000088900000, 0x0000000088800000| Complete 
| 137|0x0000000088900000, 0x0000000088a00000, 0x0000000088a00000|100%| O|  |TAMS 0x0000000088a00000, 0x0000000088900000| Complete 
| 138|0x0000000088a00000, 0x0000000088b00000, 0x0000000088b00000|100%| O|  |TAMS 0x0000000088b00000, 0x0000000088a00000| Untracked 
| 139|0x0000000088b00000, 0x0000000088c00000, 0x0000000088c00000|100%| O|  |TAMS 0x0000000088c00000, 0x0000000088b00000| Untracked 
| 140|0x0000000088c00000, 0x0000000088d00000, 0x0000000088d00000|100%| O|  |TAMS 0x0000000088d00000, 0x0000000088c00000| Complete 
| 141|0x0000000088d00000, 0x0000000088e00000, 0x0000000088e00000|100%| O|  |TAMS 0x0000000088e00000, 0x0000000088d00000| Complete 
| 142|0x0000000088e00000, 0x0000000088f00000, 0x0000000088f00000|100%| O|  |TAMS 0x0000000088f00000, 0x0000000088e00000| Complete 
| 143|0x0000000088f00000, 0x0000000089000000, 0x0000000089000000|100%| O|  |TAMS 0x0000000089000000, 0x0000000088f00000| Complete 
| 144|0x0000000089000000, 0x0000000089100000, 0x0000000089100000|100%| O|  |TAMS 0x0000000089000000, 0x0000000089000000| Untracked 
| 145|0x0000000089100000, 0x0000000089100000, 0x0000000089200000|  0%| F|  |TAMS 0x0000000089100000, 0x0000000089100000| Untracked 
| 146|0x0000000089200000, 0x0000000089300000, 0x0000000089300000|100%| O|  |TAMS 0x0000000089200000, 0x0000000089200000| Untracked 
| 147|0x0000000089300000, 0x0000000089400000, 0x0000000089400000|100%| O|  |TAMS 0x0000000089300000, 0x0000000089300000| Untracked 
| 148|0x0000000089400000, 0x0000000089500000, 0x0000000089500000|100%| O|  |TAMS 0x0000000089400000, 0x0000000089400000| Untracked 
| 149|0x0000000089500000, 0x0000000089600000, 0x0000000089600000|100%| O|  |TAMS 0x0000000089500000, 0x0000000089500000| Untracked 
| 150|0x0000000089600000, 0x0000000089700000, 0x0000000089700000|100%| O|  |TAMS 0x0000000089700000, 0x0000000089600000| Complete 
| 151|0x0000000089700000, 0x0000000089800000, 0x0000000089800000|100%| O|  |TAMS 0x0000000089800000, 0x0000000089700000| Untracked 
| 152|0x0000000089800000, 0x0000000089900000, 0x0000000089900000|100%| O|  |TAMS 0x0000000089900000, 0x0000000089800000| Untracked 
| 153|0x0000000089900000, 0x0000000089900000, 0x0000000089a00000|  0%| F|  |TAMS 0x0000000089900000, 0x0000000089900000| Untracked 
| 154|0x0000000089a00000, 0x0000000089b00000, 0x0000000089b00000|100%| O|  |TAMS 0x0000000089b00000, 0x0000000089a00000| Untracked 
| 155|0x0000000089b00000, 0x0000000089c00000, 0x0000000089c00000|100%| O|  |TAMS 0x0000000089c00000, 0x0000000089b00000| Untracked 
| 156|0x0000000089c00000, 0x0000000089c00000, 0x0000000089d00000|  0%| F|  |TAMS 0x0000000089c00000, 0x0000000089c00000| Untracked 
| 157|0x0000000089d00000, 0x0000000089e00000, 0x0000000089e00000|100%| O|  |TAMS 0x0000000089e00000, 0x0000000089d00000| Complete 
| 158|0x0000000089e00000, 0x0000000089f00000, 0x0000000089f00000|100%| O|  |TAMS 0x0000000089f00000, 0x0000000089e00000| Untracked 
| 159|0x0000000089f00000, 0x000000008a000000, 0x000000008a000000|100%| O|  |TAMS 0x000000008a000000, 0x0000000089f00000| Untracked 
| 160|0x000000008a000000, 0x000000008a100000, 0x000000008a100000|100%| O|  |TAMS 0x000000008a100000, 0x000000008a000000| Complete 
| 161|0x000000008a100000, 0x000000008a200000, 0x000000008a200000|100%| O|  |TAMS 0x000000008a200000, 0x000000008a100000| Untracked 
| 162|0x000000008a200000, 0x000000008a300000, 0x000000008a300000|100%| O|  |TAMS 0x000000008a300000, 0x000000008a200000| Complete 
| 163|0x000000008a300000, 0x000000008a400000, 0x000000008a400000|100%| O|  |TAMS 0x000000008a400000, 0x000000008a300000| Complete 
| 164|0x000000008a400000, 0x000000008a500000, 0x000000008a500000|100%| O|  |TAMS 0x000000008a400000, 0x000000008a400000| Untracked 
| 165|0x000000008a500000, 0x000000008a600000, 0x000000008a600000|100%| O|  |TAMS 0x000000008a500000, 0x000000008a500000| Untracked 
| 166|0x000000008a600000, 0x000000008a700000, 0x000000008a700000|100%| O|  |TAMS 0x000000008a600000, 0x000000008a600000| Untracked 
| 167|0x000000008a700000, 0x000000008a800000, 0x000000008a800000|100%| O|  |TAMS 0x000000008a700000, 0x000000008a700000| Untracked 
| 168|0x000000008a800000, 0x000000008a900000, 0x000000008a900000|100%| O|  |TAMS 0x000000008a800000, 0x000000008a800000| Untracked 
| 169|0x000000008a900000, 0x000000008aa00000, 0x000000008aa00000|100%| O|  |TAMS 0x000000008a900000, 0x000000008a900000| Untracked 
| 170|0x000000008aa00000, 0x000000008ab00000, 0x000000008ab00000|100%| O|  |TAMS 0x000000008aa00000, 0x000000008aa00000| Untracked 
| 171|0x000000008ab00000, 0x000000008ac00000, 0x000000008ac00000|100%| O|  |TAMS 0x000000008ab00000, 0x000000008ab00000| Untracked 
| 172|0x000000008ac00000, 0x000000008ad00000, 0x000000008ad00000|100%| O|  |TAMS 0x000000008ac00000, 0x000000008ac00000| Untracked 
| 173|0x000000008ad00000, 0x000000008ae00000, 0x000000008ae00000|100%| O|  |TAMS 0x000000008ad00000, 0x000000008ad00000| Untracked 
| 174|0x000000008ae00000, 0x000000008af00000, 0x000000008af00000|100%| O|  |TAMS 0x000000008ae00000, 0x000000008ae00000| Untracked 
| 175|0x000000008af00000, 0x000000008b000000, 0x000000008b000000|100%| O|  |TAMS 0x000000008af00000, 0x000000008af00000| Untracked 
| 176|0x000000008b000000, 0x000000008b100000, 0x000000008b100000|100%| O|  |TAMS 0x000000008b000000, 0x000000008b000000| Untracked 
| 177|0x000000008b100000, 0x000000008b1f6600, 0x000000008b200000| 96%| O|  |TAMS 0x000000008b100000, 0x000000008b100000| Untracked 
| 178|0x000000008b200000, 0x000000008b200000, 0x000000008b300000|  0%| F|  |TAMS 0x000000008b200000, 0x000000008b200000| Untracked 
| 179|0x000000008b300000, 0x000000008b300000, 0x000000008b400000|  0%| F|  |TAMS 0x000000008b300000, 0x000000008b300000| Untracked 
| 180|0x000000008b400000, 0x000000008b400000, 0x000000008b500000|  0%| F|  |TAMS 0x000000008b400000, 0x000000008b400000| Untracked 
| 181|0x000000008b500000, 0x000000008b500000, 0x000000008b600000|  0%| F|  |TAMS 0x000000008b500000, 0x000000008b500000| Untracked 
| 182|0x000000008b600000, 0x000000008b600000, 0x000000008b700000|  0%| F|  |TAMS 0x000000008b600000, 0x000000008b600000| Untracked 
| 183|0x000000008b700000, 0x000000008b700000, 0x000000008b800000|  0%| F|  |TAMS 0x000000008b700000, 0x000000008b700000| Untracked 
| 184|0x000000008b800000, 0x000000008b800000, 0x000000008b900000|  0%| F|  |TAMS 0x000000008b800000, 0x000000008b800000| Untracked 
| 185|0x000000008b900000, 0x000000008b900000, 0x000000008ba00000|  0%| F|  |TAMS 0x000000008b900000, 0x000000008b900000| Untracked 
| 186|0x000000008ba00000, 0x000000008ba00000, 0x000000008bb00000|  0%| F|  |TAMS 0x000000008ba00000, 0x000000008ba00000| Untracked 
| 187|0x000000008bb00000, 0x000000008bb00000, 0x000000008bc00000|  0%| F|  |TAMS 0x000000008bb00000, 0x000000008bb00000| Untracked 
| 188|0x000000008bc00000, 0x000000008bc00000, 0x000000008bd00000|  0%| F|  |TAMS 0x000000008bc00000, 0x000000008bc00000| Untracked 
| 189|0x000000008bd00000, 0x000000008bd00000, 0x000000008be00000|  0%| F|  |TAMS 0x000000008bd00000, 0x000000008bd00000| Untracked 
| 190|0x000000008be00000, 0x000000008be00000, 0x000000008bf00000|  0%| F|  |TAMS 0x000000008be00000, 0x000000008be00000| Untracked 
| 191|0x000000008bf00000, 0x000000008bf00000, 0x000000008c000000|  0%| F|  |TAMS 0x000000008bf00000, 0x000000008bf00000| Untracked 
| 192|0x000000008c000000, 0x000000008c000000, 0x000000008c100000|  0%| F|  |TAMS 0x000000008c000000, 0x000000008c000000| Untracked 
| 193|0x000000008c100000, 0x000000008c100000, 0x000000008c200000|  0%| F|  |TAMS 0x000000008c100000, 0x000000008c100000| Untracked 
| 194|0x000000008c200000, 0x000000008c200000, 0x000000008c300000|  0%| F|  |TAMS 0x000000008c200000, 0x000000008c200000| Untracked 
| 195|0x000000008c300000, 0x000000008c300000, 0x000000008c400000|  0%| F|  |TAMS 0x000000008c300000, 0x000000008c300000| Untracked 
| 196|0x000000008c400000, 0x000000008c400000, 0x000000008c500000|  0%| F|  |TAMS 0x000000008c400000, 0x000000008c400000| Untracked 
| 197|0x000000008c500000, 0x000000008c500000, 0x000000008c600000|  0%| F|  |TAMS 0x000000008c500000, 0x000000008c500000| Untracked 
| 198|0x000000008c600000, 0x000000008c600000, 0x000000008c700000|  0%| F|  |TAMS 0x000000008c600000, 0x000000008c600000| Untracked 
| 199|0x000000008c700000, 0x000000008c700000, 0x000000008c800000|  0%| F|  |TAMS 0x000000008c700000, 0x000000008c700000| Untracked 
| 200|0x000000008c800000, 0x000000008c800000, 0x000000008c900000|  0%| F|  |TAMS 0x000000008c800000, 0x000000008c800000| Untracked 
| 201|0x000000008c900000, 0x000000008c900000, 0x000000008ca00000|  0%| F|  |TAMS 0x000000008c900000, 0x000000008c900000| Untracked 
| 202|0x000000008ca00000, 0x000000008ca00000, 0x000000008cb00000|  0%| F|  |TAMS 0x000000008ca00000, 0x000000008ca00000| Untracked 
| 203|0x000000008cb00000, 0x000000008cb00000, 0x000000008cc00000|  0%| F|  |TAMS 0x000000008cb00000, 0x000000008cb00000| Untracked 
| 204|0x000000008cc00000, 0x000000008cc00000, 0x000000008cd00000|  0%| F|  |TAMS 0x000000008cc00000, 0x000000008cc00000| Untracked 
| 205|0x000000008cd00000, 0x000000008cd00000, 0x000000008ce00000|  0%| F|  |TAMS 0x000000008cd00000, 0x000000008cd00000| Untracked 
| 206|0x000000008ce00000, 0x000000008ce00000, 0x000000008cf00000|  0%| F|  |TAMS 0x000000008ce00000, 0x000000008ce00000| Untracked 
| 207|0x000000008cf00000, 0x000000008cf00000, 0x000000008d000000|  0%| F|  |TAMS 0x000000008cf00000, 0x000000008cf00000| Untracked 
| 208|0x000000008d000000, 0x000000008d000000, 0x000000008d100000|  0%| F|  |TAMS 0x000000008d000000, 0x000000008d000000| Untracked 
| 209|0x000000008d100000, 0x000000008d100000, 0x000000008d200000|  0%| F|  |TAMS 0x000000008d100000, 0x000000008d100000| Untracked 
| 210|0x000000008d200000, 0x000000008d200000, 0x000000008d300000|  0%| F|  |TAMS 0x000000008d200000, 0x000000008d200000| Untracked 
| 211|0x000000008d300000, 0x000000008d300000, 0x000000008d400000|  0%| F|  |TAMS 0x000000008d300000, 0x000000008d300000| Untracked 
| 212|0x000000008d400000, 0x000000008d400000, 0x000000008d500000|  0%| F|  |TAMS 0x000000008d400000, 0x000000008d400000| Untracked 
| 213|0x000000008d500000, 0x000000008d500000, 0x000000008d600000|  0%| F|  |TAMS 0x000000008d500000, 0x000000008d500000| Untracked 
| 214|0x000000008d600000, 0x000000008d600000, 0x000000008d700000|  0%| F|  |TAMS 0x000000008d600000, 0x000000008d600000| Untracked 
| 215|0x000000008d700000, 0x000000008d700000, 0x000000008d800000|  0%| F|  |TAMS 0x000000008d700000, 0x000000008d700000| Untracked 
| 216|0x000000008d800000, 0x000000008d800000, 0x000000008d900000|  0%| F|  |TAMS 0x000000008d800000, 0x000000008d800000| Untracked 
| 217|0x000000008d900000, 0x000000008d900000, 0x000000008da00000|  0%| F|  |TAMS 0x000000008d900000, 0x000000008d900000| Untracked 
| 218|0x000000008da00000, 0x000000008da00000, 0x000000008db00000|  0%| F|  |TAMS 0x000000008da00000, 0x000000008da00000| Untracked 
| 219|0x000000008db00000, 0x000000008db00000, 0x000000008dc00000|  0%| F|  |TAMS 0x000000008db00000, 0x000000008db00000| Untracked 
| 220|0x000000008dc00000, 0x000000008dc00000, 0x000000008dd00000|  0%| F|  |TAMS 0x000000008dc00000, 0x000000008dc00000| Untracked 
| 221|0x000000008dd00000, 0x000000008dd00000, 0x000000008de00000|  0%| F|  |TAMS 0x000000008dd00000, 0x000000008dd00000| Untracked 
| 222|0x000000008de00000, 0x000000008de00000, 0x000000008df00000|  0%| F|  |TAMS 0x000000008de00000, 0x000000008de00000| Untracked 
| 223|0x000000008df00000, 0x000000008df00000, 0x000000008e000000|  0%| F|  |TAMS 0x000000008df00000, 0x000000008df00000| Untracked 
| 224|0x000000008e000000, 0x000000008e000000, 0x000000008e100000|  0%| F|  |TAMS 0x000000008e000000, 0x000000008e000000| Untracked 
| 225|0x000000008e100000, 0x000000008e100000, 0x000000008e200000|  0%| F|  |TAMS 0x000000008e100000, 0x000000008e100000| Untracked 
| 226|0x000000008e200000, 0x000000008e200000, 0x000000008e300000|  0%| F|  |TAMS 0x000000008e200000, 0x000000008e200000| Untracked 
| 227|0x000000008e300000, 0x000000008e300000, 0x000000008e400000|  0%| F|  |TAMS 0x000000008e300000, 0x000000008e300000| Untracked 
| 228|0x000000008e400000, 0x000000008e400000, 0x000000008e500000|  0%| F|  |TAMS 0x000000008e400000, 0x000000008e400000| Untracked 
| 229|0x000000008e500000, 0x000000008e500000, 0x000000008e600000|  0%| F|  |TAMS 0x000000008e500000, 0x000000008e500000| Untracked 
| 230|0x000000008e600000, 0x000000008e600000, 0x000000008e700000|  0%| F|  |TAMS 0x000000008e600000, 0x000000008e600000| Untracked 
| 231|0x000000008e700000, 0x000000008e700000, 0x000000008e800000|  0%| F|  |TAMS 0x000000008e700000, 0x000000008e700000| Untracked 
| 232|0x000000008e800000, 0x000000008e800000, 0x000000008e900000|  0%| F|  |TAMS 0x000000008e800000, 0x000000008e800000| Untracked 
| 233|0x000000008e900000, 0x000000008e900000, 0x000000008ea00000|  0%| F|  |TAMS 0x000000008e900000, 0x000000008e900000| Untracked 
| 234|0x000000008ea00000, 0x000000008ea00000, 0x000000008eb00000|  0%| F|  |TAMS 0x000000008ea00000, 0x000000008ea00000| Untracked 
| 235|0x000000008eb00000, 0x000000008eb00000, 0x000000008ec00000|  0%| F|  |TAMS 0x000000008eb00000, 0x000000008eb00000| Untracked 
| 236|0x000000008ec00000, 0x000000008ec00000, 0x000000008ed00000|  0%| F|  |TAMS 0x000000008ec00000, 0x000000008ec00000| Untracked 
| 237|0x000000008ed00000, 0x000000008ed00000, 0x000000008ee00000|  0%| F|  |TAMS 0x000000008ed00000, 0x000000008ed00000| Untracked 
| 238|0x000000008ee00000, 0x000000008ee00000, 0x000000008ef00000|  0%| F|  |TAMS 0x000000008ee00000, 0x000000008ee00000| Untracked 
| 239|0x000000008ef00000, 0x000000008ef00000, 0x000000008f000000|  0%| F|  |TAMS 0x000000008ef00000, 0x000000008ef00000| Untracked 
| 240|0x000000008f000000, 0x000000008f000000, 0x000000008f100000|  0%| F|  |TAMS 0x000000008f000000, 0x000000008f000000| Untracked 
| 241|0x000000008f100000, 0x000000008f100000, 0x000000008f200000|  0%| F|  |TAMS 0x000000008f100000, 0x000000008f100000| Untracked 
| 242|0x000000008f200000, 0x000000008f200000, 0x000000008f300000|  0%| F|  |TAMS 0x000000008f200000, 0x000000008f200000| Untracked 
| 243|0x000000008f300000, 0x000000008f300000, 0x000000008f400000|  0%| F|  |TAMS 0x000000008f300000, 0x000000008f300000| Untracked 
| 244|0x000000008f400000, 0x000000008f460ba8, 0x000000008f500000| 37%| S|CS|TAMS 0x000000008f400000, 0x000000008f400000| Complete 
| 245|0x000000008f500000, 0x000000008f600000, 0x000000008f600000|100%| S|CS|TAMS 0x000000008f500000, 0x000000008f500000| Complete 
| 246|0x000000008f600000, 0x000000008f600000, 0x000000008f700000|  0%| F|  |TAMS 0x000000008f600000, 0x000000008f600000| Untracked 
| 247|0x000000008f700000, 0x000000008f700000, 0x000000008f800000|  0%| F|  |TAMS 0x000000008f700000, 0x000000008f700000| Untracked 
| 248|0x000000008f800000, 0x000000008f800000, 0x000000008f900000|  0%| F|  |TAMS 0x000000008f800000, 0x000000008f800000| Untracked 
| 249|0x000000008f900000, 0x000000008f900000, 0x000000008fa00000|  0%| F|  |TAMS 0x000000008f900000, 0x000000008f900000| Untracked 
| 250|0x000000008fa00000, 0x000000008fa00000, 0x000000008fb00000|  0%| F|  |TAMS 0x000000008fa00000, 0x000000008fa00000| Untracked 
| 251|0x000000008fb00000, 0x000000008fb00000, 0x000000008fc00000|  0%| F|  |TAMS 0x000000008fb00000, 0x000000008fb00000| Untracked 
| 252|0x000000008fc00000, 0x000000008fc00000, 0x000000008fd00000|  0%| F|  |TAMS 0x000000008fc00000, 0x000000008fc00000| Untracked 
| 253|0x000000008fd00000, 0x000000008fd00000, 0x000000008fe00000|  0%| F|  |TAMS 0x000000008fd00000, 0x000000008fd00000| Untracked 

Card table byte_map: [0x000002707ce50000,0x000002707d250000] _byte_map_base: 0x000002707ca50000

Marking Bits (Prev, Next): (CMBitMap*) 0x000002707852c560, (CMBitMap*) 0x000002707852c528
 Prev Bits: [0x000002700f000000, 0x0000027011000000)
 Next Bits: [0x000002707d650000, 0x000002707f650000)

Polling page: 0x0000027076cf0000

Metaspace:

Usage:
  Non-class:    127.66 MB capacity,   124.59 MB ( 98%) used,     2.51 MB (  2%) free+waste,   569.88 KB ( <1%) overhead. 
      Class:     19.15 MB capacity,    17.42 MB ( 91%) used,     1.49 MB (  8%) free+waste,   249.81 KB (  1%) overhead. 
       Both:    146.81 MB capacity,   142.01 MB ( 97%) used,     4.00 MB (  3%) free+waste,   819.69 KB ( <1%) overhead. 

Virtual space:
  Non-class space:      130.00 MB reserved,     128.75 MB (>99%) committed 
      Class space:        1.00 GB reserved,      19.45 MB (  2%) committed 
             Both:        1.13 GB reserved,     148.20 MB ( 13%) committed 

Chunk freelists:
   Non-Class:  984.00 KB
       Class:  265.00 KB
        Both:  1.22 MB

MaxMetaspaceSize: 17179869184.00 GB
CompressedClassSpaceSize: 1.00 GB

CodeHeap 'non-profiled nmethods': size=120000Kb used=26386Kb max_used=26386Kb free=93613Kb
 bounds [0x0000027007ad0000, 0x00000270094a0000, 0x000002700f000000]
CodeHeap 'profiled nmethods': size=120000Kb used=57435Kb max_used=57435Kb free=62564Kb
 bounds [0x00000270005a0000, 0x0000027003e10000, 0x0000027007ad0000]
CodeHeap 'non-nmethods': size=5760Kb used=2398Kb max_used=2487Kb free=3361Kb
 bounds [0x0000027000000000, 0x0000027000280000, 0x00000270005a0000]
 total_blobs=28129 nmethods=27116 adapters=923
 compilation: enabled
              stopped_count=0, restarted_count=0
 full_count=0

Compilation events (20 events):
Event: 9755.482 Thread 0x0000027020ffa800 32238       4       com.android.tools.r8.internal.mp::a (286 bytes)
Event: 9755.482 Thread 0x0000027013ab3800 32240       3       com.android.tools.r8.internal.r7$$Lambda$1565/0x0000000100dd4c40::accept (12 bytes)
Event: 9755.482 Thread 0x0000027013ab3800 nmethod 32240 0x0000027003df7390 code [0x0000027003df75e0, 0x0000027003df7ed8]
Event: 9755.482 Thread 0x0000027020fff000 nmethod 32220 0x0000027009498e10 code [0x0000027009499060, 0x00000270094998a0]
Event: 9755.482 Thread 0x0000027020fff000 32239       4       java.lang.Long::toString (139 bytes)
Event: 9755.483 Thread 0x0000027013ab3800 32246       3       com.android.tools.r8.internal.UF::a (265 bytes)
Event: 9755.485 Thread 0x0000027013ab3800 nmethod 32246 0x0000027003df8290 code [0x0000027003df8940, 0x0000027003dfc568]
Event: 9755.485 Thread 0x0000027013ab3800 32249       3       com.android.tools.r8.internal.mp$c::hasNext (20 bytes)
Event: 9755.485 Thread 0x0000027013ab3800 nmethod 32249 0x0000027003dfd510 code [0x0000027003dfd6c0, 0x0000027003dfd838]
Event: 9755.485 Thread 0x0000027013ab3800 32247       3       com.android.tools.r8.internal.dk::h (65 bytes)
Event: 9755.486 Thread 0x0000027013ab3800 nmethod 32247 0x0000027003dfd910 code [0x0000027003dfdb40, 0x0000027003dfe158]
Event: 9755.486 Thread 0x0000027013ab3800 32248       3       com.android.tools.r8.internal.dk::a (126 bytes)
Event: 9755.486 Thread 0x0000027013ab3800 nmethod 32248 0x0000027003dfe410 code [0x0000027003dfe680, 0x0000027003dfef88]
Event: 9755.486 Thread 0x0000027013ab3800 32250       3       com.android.tools.r8.internal.dk::a (53 bytes)
Event: 9755.486 Thread 0x0000027013ab3800 nmethod 32250 0x0000027003dff310 code [0x0000027003dff500, 0x0000027003dff988]
Event: 9755.488 Thread 0x0000027013ab3800 32253       3       com.android.tools.r8.graph.f0$d::o0 (28 bytes)
Event: 9755.488 Thread 0x0000027013ab3800 nmethod 32253 0x0000027003dffb10 code [0x0000027003dffce0, 0x0000027003dfff68]
Event: 9755.488 Thread 0x0000027020fff000 nmethod 32239 0x0000027009499f90 code [0x000002700949a160, 0x000002700949a828]
Event: 9755.488 Thread 0x0000027020fff000 32244       4       com.android.tools.r8.internal.dk::b (156 bytes)
Event: 9755.490 Thread 0x0000027013ab3800 32258       3       com.android.tools.r8.graph.f0$o::a0 (4 bytes)

GC Heap History (20 events):
Event: 9753.367 GC heap after
{Heap after GC invocations=58 (full 0):
 garbage-first heap   total 260096K, used 135808K [0x0000000080000000, 0x0000000100000000)
  region size 1024K, 2 young (2048K), 2 survivors (2048K)
 Metaspace       used 139633K, capacity 144374K, committed 146892K, reserved 1177600K
  class space    used 17283K, capacity 19011K, committed 19660K, reserved 1048576K
}
Event: 9753.390 GC heap before
{Heap before GC invocations=58 (full 0):
 garbage-first heap   total 260096K, used 145024K [0x0000000080000000, 0x0000000100000000)
  region size 1024K, 12 young (12288K), 2 survivors (2048K)
 Metaspace       used 139638K, capacity 144374K, committed 146892K, reserved 1177600K
  class space    used 17283K, capacity 19011K, committed 19660K, reserved 1048576K
}
Event: 9753.398 GC heap after
{Heap after GC invocations=59 (full 0):
 garbage-first heap   total 260096K, used 132438K [0x0000000080000000, 0x0000000100000000)
  region size 1024K, 1 young (1024K), 1 survivors (1024K)
 Metaspace       used 139638K, capacity 144374K, committed 146892K, reserved 1177600K
  class space    used 17283K, capacity 19011K, committed 19660K, reserved 1048576K
}
Event: 9753.485 GC heap before
{Heap before GC invocations=59 (full 0):
 garbage-first heap   total 260096K, used 163158K [0x0000000080000000, 0x0000000100000000)
  region size 1024K, 33 young (33792K), 1 survivors (1024K)
 Metaspace       used 139645K, capacity 144380K, committed 146892K, reserved 1177600K
  class space    used 17284K, capacity 19013K, committed 19660K, reserved 1048576K
}
Event: 9753.489 GC heap after
{Heap after GC invocations=60 (full 0):
 garbage-first heap   total 260096K, used 136146K [0x0000000080000000, 0x0000000100000000)
  region size 1024K, 4 young (4096K), 4 survivors (4096K)
 Metaspace       used 139645K, capacity 144380K, committed 146892K, reserved 1177600K
  class space    used 17284K, capacity 19013K, committed 19660K, reserved 1048576K
}
Event: 9753.851 GC heap before
{Heap before GC invocations=61 (full 0):
 garbage-first heap   total 260096K, used 223186K [0x0000000080000000, 0x0000000100000000)
  region size 1024K, 75 young (76800K), 4 survivors (4096K)
 Metaspace       used 142671K, capacity 147444K, committed 149196K, reserved 1179648K
  class space    used 17533K, capacity 19264K, committed 19660K, reserved 1048576K
}
Event: 9753.858 GC heap after
{Heap after GC invocations=62 (full 0):
 garbage-first heap   total 260096K, used 138585K [0x0000000080000000, 0x0000000100000000)
  region size 1024K, 7 young (7168K), 7 survivors (7168K)
 Metaspace       used 142671K, capacity 147444K, committed 149196K, reserved 1179648K
  class space    used 17533K, capacity 19264K, committed 19660K, reserved 1048576K
}
Event: 9753.876 GC heap before
{Heap before GC invocations=62 (full 0):
 garbage-first heap   total 260096K, used 143705K [0x0000000080000000, 0x0000000100000000)
  region size 1024K, 12 young (12288K), 7 survivors (7168K)
 Metaspace       used 142753K, capacity 147508K, committed 149196K, reserved 1179648K
  class space    used 17539K, capacity 19264K, committed 19660K, reserved 1048576K
}
Event: 9753.884 GC heap after
{Heap after GC invocations=63 (full 0):
 garbage-first heap   total 260096K, used 135848K [0x0000000080000000, 0x0000000100000000)
  region size 1024K, 2 young (2048K), 2 survivors (2048K)
 Metaspace       used 142753K, capacity 147508K, committed 149196K, reserved 1179648K
  class space    used 17539K, capacity 19264K, committed 19660K, reserved 1048576K
}
Event: 9754.604 GC heap before
{Heap before GC invocations=63 (full 0):
 garbage-first heap   total 260096K, used 208552K [0x0000000080000000, 0x0000000100000000)
  region size 1024K, 74 young (75776K), 2 survivors (2048K)
 Metaspace       used 144163K, capacity 148983K, committed 150732K, reserved 1179648K
  class space    used 17687K, capacity 19452K, committed 19916K, reserved 1048576K
}
Event: 9754.610 GC heap after
{Heap after GC invocations=64 (full 0):
 garbage-first heap   total 260096K, used 136869K [0x0000000080000000, 0x0000000100000000)
  region size 1024K, 3 young (3072K), 3 survivors (3072K)
 Metaspace       used 144163K, capacity 148983K, committed 150732K, reserved 1179648K
  class space    used 17687K, capacity 19452K, committed 19916K, reserved 1048576K
}
Event: 9754.980 GC heap before
{Heap before GC invocations=65 (full 0):
 garbage-first heap   total 260096K, used 214693K [0x0000000080000000, 0x0000000100000000)
  region size 1024K, 78 young (79872K), 3 survivors (3072K)
 Metaspace       used 144955K, capacity 149781K, committed 151244K, reserved 1181696K
  class space    used 17778K, capacity 19542K, committed 19916K, reserved 1048576K
}
Event: 9754.995 GC heap after
{Heap after GC invocations=66 (full 0):
 garbage-first heap   total 260096K, used 160330K [0x0000000080000000, 0x0000000100000000)
  region size 1024K, 10 young (10240K), 10 survivors (10240K)
 Metaspace       used 144955K, capacity 149781K, committed 151244K, reserved 1181696K
  class space    used 17778K, capacity 19542K, committed 19916K, reserved 1048576K
}
Event: 9755.002 GC heap before
{Heap before GC invocations=66 (full 0):
 garbage-first heap   total 260096K, used 162378K [0x0000000080000000, 0x0000000100000000)
  region size 1024K, 12 young (12288K), 10 survivors (10240K)
 Metaspace       used 144958K, capacity 149781K, committed 151244K, reserved 1181696K
  class space    used 17778K, capacity 19542K, committed 19916K, reserved 1048576K
}
Event: 9755.017 GC heap after
{Heap after GC invocations=67 (full 0):
 garbage-first heap   total 260096K, used 148936K [0x0000000080000000, 0x0000000100000000)
  region size 1024K, 2 young (2048K), 2 survivors (2048K)
 Metaspace       used 144958K, capacity 149781K, committed 151244K, reserved 1181696K
  class space    used 17778K, capacity 19542K, committed 19916K, reserved 1048576K
}
Event: 9755.185 GC heap before
{Heap before GC invocations=67 (full 0):
 garbage-first heap   total 260096K, used 202184K [0x0000000080000000, 0x0000000100000000)
  region size 1024K, 55 young (56320K), 2 survivors (2048K)
 Metaspace       used 145275K, capacity 150151K, committed 151500K, reserved 1181696K
  class space    used 17822K, capacity 19597K, committed 19916K, reserved 1048576K
}
Event: 9755.202 GC heap after
{Heap after GC invocations=68 (full 0):
 garbage-first heap   total 260096K, used 166880K [0x0000000080000000, 0x0000000100000000)
  region size 1024K, 7 young (7168K), 7 survivors (7168K)
 Metaspace       used 145275K, capacity 150151K, committed 151500K, reserved 1181696K
  class space    used 17822K, capacity 19597K, committed 19916K, reserved 1048576K
}
Event: 9755.431 GC heap before
{Heap before GC invocations=69 (full 0):
 garbage-first heap   total 260096K, used 206816K [0x0000000080000000, 0x0000000100000000)
  region size 1024K, 46 young (47104K), 7 survivors (7168K)
 Metaspace       used 145417K, capacity 150335K, committed 151756K, reserved 1181696K
  class space    used 17836K, capacity 19607K, committed 19916K, reserved 1048576K
}
Event: 9755.442 GC heap after
{Heap after GC invocations=70 (full 0):
 garbage-first heap   total 260096K, used 169605K [0x0000000080000000, 0x0000000100000000)
  region size 1024K, 4 young (4096K), 4 survivors (4096K)
 Metaspace       used 145417K, capacity 150335K, committed 151756K, reserved 1181696K
  class space    used 17836K, capacity 19607K, committed 19916K, reserved 1048576K
}
Event: 9755.490 GC heap before
{Heap before GC invocations=70 (full 0):
 garbage-first heap   total 260096K, used 176773K [0x0000000080000000, 0x0000000100000000)
  region size 1024K, 12 young (12288K), 4 survivors (4096K)
 Metaspace       used 145419K, capacity 150335K, committed 151756K, reserved 1181696K
  class space    used 17836K, capacity 19607K, committed 19916K, reserved 1048576K
}

Deoptimization events (20 events):
Event: 9755.422 Thread 0x00000270164be800 DEOPT PACKING pc=0x000002700947dae4 sp=0x000000ae89cfd930
Event: 9755.422 Thread 0x00000270164be800 DEOPT UNPACKING pc=0x00000270000083af sp=0x000000ae89cfd878 mode 2
Event: 9755.426 Thread 0x0000027020ffe800 Uncommon trap: trap_request=0xffffff4d fr.pc=0x0000027007e2c6f8 relative=0x0000000000000958
Event: 9755.426 Thread 0x0000027020ffe800 Uncommon trap: reason=unstable_if action=reinterpret pc=0x0000027007e2c6f8 method=java.lang.StringCoding.decode(Ljava/nio/charset/Charset;[BII)Ljava/lang/StringCoding$Result; @ 19 c2
Event: 9755.426 Thread 0x0000027020ffe800 DEOPT PACKING pc=0x0000027007e2c6f8 sp=0x000000ae8a2fe150
Event: 9755.426 Thread 0x0000027020ffe800 DEOPT UNPACKING pc=0x00000270000083af sp=0x000000ae8a2fe060 mode 2
Event: 9755.429 Thread 0x0000027020ffe800 Uncommon trap: trap_request=0xffffffc6 fr.pc=0x0000027007db8d88 relative=0x0000000000000708
Event: 9755.429 Thread 0x0000027020ffe800 Uncommon trap: reason=bimorphic_or_optimized_type_check action=maybe_recompile pc=0x0000027007db8d88 method=java.security.MessageDigest$Delegate.clone()Ljava/lang/Object; @ 14 c2
Event: 9755.429 Thread 0x0000027020ffe800 DEOPT PACKING pc=0x0000027007db8d88 sp=0x000000ae8a2fe0b0
Event: 9755.429 Thread 0x0000027020ffe800 DEOPT UNPACKING pc=0x00000270000083af sp=0x000000ae8a2fe080 mode 2
Event: 9755.429 Thread 0x0000027020ffe800 Uncommon trap: trap_request=0xffffff4d fr.pc=0x0000027007e2b6bc relative=0x000000000000073c
Event: 9755.429 Thread 0x0000027020ffe800 Uncommon trap: reason=unstable_if action=reinterpret pc=0x0000027007e2b6bc method=java.lang.StringCoding.decode(Ljava/nio/charset/Charset;[BII)Ljava/lang/StringCoding$Result; @ 19 c2
Event: 9755.429 Thread 0x0000027020ffe800 DEOPT PACKING pc=0x0000027007e2b6bc sp=0x000000ae8a2fe0b0
Event: 9755.429 Thread 0x0000027020ffe800 DEOPT UNPACKING pc=0x00000270000083af sp=0x000000ae8a2fe058 mode 2
Event: 9755.430 Thread 0x0000027020ffe800 Uncommon trap: trap_request=0xffffffc6 fr.pc=0x0000027007db8d88 relative=0x0000000000000708
Event: 9755.430 Thread 0x0000027020ffe800 Uncommon trap: reason=bimorphic_or_optimized_type_check action=maybe_recompile pc=0x0000027007db8d88 method=java.security.MessageDigest$Delegate.clone()Ljava/lang/Object; @ 14 c2
Event: 9755.430 Thread 0x00000270164be800 DEOPT PACKING pc=0x0000027003da1590 sp=0x000000ae89cfdb70
Event: 9755.430 Thread 0x0000027020ffe800 DEOPT PACKING pc=0x0000027007db8d88 sp=0x000000ae8a2fe0b0
Event: 9755.430 Thread 0x00000270164be800 DEOPT UNPACKING pc=0x0000027000028ede sp=0x000000ae89cfd0a8 mode 0
Event: 9755.430 Thread 0x0000027020ffe800 DEOPT UNPACKING pc=0x00000270000083af sp=0x000000ae8a2fe080 mode 2

Classes redefined (0 events):
No events

Internal exceptions (20 events):
Event: 9753.537 Thread 0x00000270164b9800 Exception <a 'java/lang/NoSuchMethodError'{0x000000008fb96588}: <clinit>> (0x000000008fb96588) thrown at [./src/hotspot/share/prims/jni.cpp, line 1362]
Event: 9753.666 Thread 0x0000027019b5a000 Exception <a 'sun/nio/fs/WindowsException'{0x000000008e5b2598}> (0x000000008e5b2598) thrown at [./src/hotspot/share/prims/jni.cpp, line 615]
Event: 9753.666 Thread 0x0000027019b5a000 Exception <a 'sun/nio/fs/WindowsException'{0x000000008e5cc3d8}> (0x000000008e5cc3d8) thrown at [./src/hotspot/share/prims/jni.cpp, line 615]
Event: 9753.666 Thread 0x0000027019b5a000 Exception <a 'sun/nio/fs/WindowsException'{0x000000008e5cc6b0}> (0x000000008e5cc6b0) thrown at [./src/hotspot/share/prims/jni.cpp, line 615]
Event: 9753.666 Thread 0x0000027019b5a000 Exception <a 'sun/nio/fs/WindowsException'{0x000000008e5cd540}> (0x000000008e5cd540) thrown at [./src/hotspot/share/prims/jni.cpp, line 615]
Event: 9753.666 Thread 0x0000027019b5a000 Exception <a 'sun/nio/fs/WindowsException'{0x000000008e5cd7e0}> (0x000000008e5cd7e0) thrown at [./src/hotspot/share/prims/jni.cpp, line 615]
Event: 9753.667 Thread 0x0000027019b5a000 Exception <a 'sun/nio/fs/WindowsException'{0x000000008e5d49d0}> (0x000000008e5d49d0) thrown at [./src/hotspot/share/prims/jni.cpp, line 615]
Event: 9754.451 Thread 0x0000027019b5a000 Implicit null exception at 0x0000027007e07385 to 0x0000027007e0b8a0
Event: 9754.454 Thread 0x0000027019689800 Exception <a 'java/lang/NoSuchMethodError'{0x000000008d2338d8}: <clinit>> (0x000000008d2338d8) thrown at [./src/hotspot/share/prims/jni.cpp, line 1362]
Event: 9754.514 Thread 0x000002701968b800 Exception <a 'sun/nio/fs/WindowsException'{0x000000008c6e12a8}> (0x000000008c6e12a8) thrown at [./src/hotspot/share/prims/jni.cpp, line 615]
Event: 9754.514 Thread 0x000002701968b800 Exception <a 'sun/nio/fs/WindowsException'{0x000000008c6e2918}> (0x000000008c6e2918) thrown at [./src/hotspot/share/prims/jni.cpp, line 615]
Event: 9754.523 Thread 0x0000027020ffe800 Exception <a 'sun/nio/fs/WindowsException'{0x000000008c5bee10}> (0x000000008c5bee10) thrown at [./src/hotspot/share/prims/jni.cpp, line 615]
Event: 9754.523 Thread 0x0000027020ffe800 Exception <a 'sun/nio/fs/WindowsException'{0x000000008c5bf0e8}> (0x000000008c5bf0e8) thrown at [./src/hotspot/share/prims/jni.cpp, line 615]
Event: 9754.772 Thread 0x0000027019b57000 Implicit null exception at 0x00000270080ec13b to 0x00000270080f0180
Event: 9754.777 Thread 0x0000027019b58800 Exception <a 'sun/nio/fs/WindowsException'{0x000000008f0b6238}> (0x000000008f0b6238) thrown at [./src/hotspot/share/prims/jni.cpp, line 615]
Event: 9754.777 Thread 0x0000027019b58800 Exception <a 'sun/nio/fs/WindowsException'{0x000000008f0b70c8}> (0x000000008f0b70c8) thrown at [./src/hotspot/share/prims/jni.cpp, line 615]
Event: 9754.777 Thread 0x0000027019b58800 Exception <a 'sun/nio/fs/WindowsException'{0x000000008f0b7630}> (0x000000008f0b7630) thrown at [./src/hotspot/share/prims/jni.cpp, line 615]
Event: 9754.800 Thread 0x0000027019b58800 Exception <a 'sun/nio/fs/WindowsException'{0x000000008ed25688}> (0x000000008ed25688) thrown at [./src/hotspot/share/prims/jni.cpp, line 615]
Event: 9754.800 Thread 0x0000027019b58800 Exception <a 'sun/nio/fs/WindowsException'{0x000000008ed26538}> (0x000000008ed26538) thrown at [./src/hotspot/share/prims/jni.cpp, line 615]
Event: 9754.841 Thread 0x00000270164be800 Exception <a 'sun/nio/fs/WindowsException'{0x000000008e838328}> (0x000000008e838328) thrown at [./src/hotspot/share/prims/jni.cpp, line 615]

Events (20 events):
Event: 9755.443 Executing VM operation: RevokeBias done
Event: 9755.443 Executing VM operation: RevokeBias
Event: 9755.443 Executing VM operation: RevokeBias done
Event: 9755.444 Executing VM operation: RevokeBias
Event: 9755.444 Executing VM operation: RevokeBias done
Event: 9755.444 Executing VM operation: RevokeBias
Event: 9755.444 Executing VM operation: RevokeBias done
Event: 9755.444 Executing VM operation: RevokeBias
Event: 9755.444 Executing VM operation: RevokeBias done
Event: 9755.444 Executing VM operation: RevokeBias
Event: 9755.444 Executing VM operation: RevokeBias done
Event: 9755.444 Executing VM operation: RevokeBias
Event: 9755.444 Executing VM operation: RevokeBias done
Event: 9755.444 Executing VM operation: RevokeBias
Event: 9755.444 Executing VM operation: RevokeBias done
Event: 9755.444 Executing VM operation: RevokeBias
Event: 9755.444 Executing VM operation: RevokeBias done
Event: 9755.444 Executing VM operation: BulkRevokeBias
Event: 9755.445 Executing VM operation: BulkRevokeBias done
Event: 9755.490 Executing VM operation: G1CollectForAllocation


Dynamic libraries:
0x00007ff619d40000 - 0x00007ff619d4a000 	D:\Program Files\Android\Android Studio\jre\bin\java.exe
0x00007ffb48cd0000 - 0x00007ffb48ec5000 	C:\Windows\SYSTEM32\ntdll.dll
0x00007ffb487d0000 - 0x00007ffb4888e000 	C:\Windows\System32\KERNEL32.DLL
0x00007ffb46a50000 - 0x00007ffb46d18000 	C:\Windows\System32\KERNELBASE.dll
0x00007ffb46950000 - 0x00007ffb46a50000 	C:\Windows\System32\ucrtbase.dll
0x00007ffb219e0000 - 0x00007ffb219f7000 	D:\Program Files\Android\Android Studio\jre\bin\VCRUNTIME140.dll
0x00007ffb221e0000 - 0x00007ffb221f9000 	D:\Program Files\Android\Android Studio\jre\bin\jli.dll
0x00007ffb47520000 - 0x00007ffb476c0000 	C:\Windows\System32\USER32.dll
0x00007ffb2da60000 - 0x00007ffb2dcfa000 	C:\Windows\WinSxS\amd64_microsoft.windows.common-controls_6595b64144ccf1df_6.0.19041.1110_none_60b5254171f9507e\COMCTL32.dll
0x00007ffb46490000 - 0x00007ffb464b2000 	C:\Windows\System32\win32u.dll
0x00007ffb47480000 - 0x00007ffb4751e000 	C:\Windows\System32\msvcrt.dll
0x00007ffb477b0000 - 0x00007ffb477db000 	C:\Windows\System32\GDI32.dll
0x00007ffb46840000 - 0x00007ffb4694d000 	C:\Windows\System32\gdi32full.dll
0x00007ffb464c0000 - 0x00007ffb4655d000 	C:\Windows\System32\msvcp_win.dll
0x00007ffb479b0000 - 0x00007ffb479e0000 	C:\Windows\System32\IMM32.DLL
0x00007ffaebef0000 - 0x00007ffaebf8d000 	D:\Program Files\Android\Android Studio\jre\bin\msvcp140.dll
0x00007ffae68e0000 - 0x00007ffae73af000 	D:\Program Files\Android\Android Studio\jre\bin\server\jvm.dll
0x00007ffb47a50000 - 0x00007ffb47afe000 	C:\Windows\System32\ADVAPI32.dll
0x00007ffb48bf0000 - 0x00007ffb48c8c000 	C:\Windows\System32\sechost.dll
0x00007ffb47870000 - 0x00007ffb47995000 	C:\Windows\System32\RPCRT4.dll
0x00007ffb47a40000 - 0x00007ffb47a48000 	C:\Windows\System32\PSAPI.DLL
0x00007ffb3f700000 - 0x00007ffb3f709000 	C:\Windows\SYSTEM32\WSOCK32.dll
0x00007ffb2a9c0000 - 0x00007ffb2a9e7000 	C:\Windows\SYSTEM32\WINMM.dll
0x00007ffb3b500000 - 0x00007ffb3b50a000 	C:\Windows\SYSTEM32\VERSION.dll
0x00007ffb47800000 - 0x00007ffb4786b000 	C:\Windows\System32\WS2_32.dll
0x00007ffb44c60000 - 0x00007ffb44c72000 	C:\Windows\SYSTEM32\kernel.appcore.dll
0x00007ffb3f4b0000 - 0x00007ffb3f4c1000 	D:\Program Files\Android\Android Studio\jre\bin\verify.dll
0x00007ffb44a10000 - 0x00007ffb44bf4000 	C:\Windows\SYSTEM32\DBGHELP.DLL
0x00007ffb2d180000 - 0x00007ffb2d1ac000 	C:\Windows\SYSTEM32\dbgcore.DLL
0x00007ffb467b0000 - 0x00007ffb46832000 	C:\Windows\System32\bcryptPrimitives.dll
0x00007ffb3f480000 - 0x00007ffb3f4a9000 	D:\Program Files\Android\Android Studio\jre\bin\java.dll
0x00007ffb3f510000 - 0x00007ffb3f51b000 	D:\Program Files\Android\Android Studio\jre\bin\jimage.dll
0x00007ffb3f410000 - 0x00007ffb3f428000 	D:\Program Files\Android\Android Studio\jre\bin\zip.dll
0x00007ffb47dd0000 - 0x00007ffb48514000 	C:\Windows\System32\SHELL32.dll
0x00007ffb44270000 - 0x00007ffb44a04000 	C:\Windows\SYSTEM32\windows.storage.dll
0x00007ffb48890000 - 0x00007ffb48be5000 	C:\Windows\System32\combase.dll
0x00007ffb45e30000 - 0x00007ffb45e5e000 	C:\Windows\SYSTEM32\Wldp.dll
0x00007ffb48520000 - 0x00007ffb485cd000 	C:\Windows\System32\SHCORE.dll
0x00007ffb48710000 - 0x00007ffb48765000 	C:\Windows\System32\shlwapi.dll
0x00007ffb46320000 - 0x00007ffb4633f000 	C:\Windows\SYSTEM32\profapi.dll
0x00007ffb33590000 - 0x00007ffb335aa000 	D:\Program Files\Android\Android Studio\jre\bin\net.dll
0x00007ffb3f740000 - 0x00007ffb3f84c000 	C:\Windows\SYSTEM32\WINHTTP.dll
0x00007ffb45b90000 - 0x00007ffb45bfa000 	C:\Windows\system32\mswsock.dll
0x00007ffb30ed0000 - 0x00007ffb30ee4000 	D:\Program Files\Android\Android Studio\jre\bin\nio.dll
0x00007ffb1de10000 - 0x00007ffb1de37000 	C:\Users\z'z\.gradle\native\8bec1ad78214c89d9ad589b4d07fe93259594b29d510b10fafb7a158f7737e5d\windows-amd64\native-platform.dll
0x00007ffaf3ae0000 - 0x00007ffaf3c1d000 	C:\Users\z'z\.gradle\native\53dbd7edfb1c66fb8903c78663c9afc45aea4f116125fa6feffd364cf09443e8\windows-amd64\native-platform-file-events.dll
0x00007ffb3f470000 - 0x00007ffb3f47a000 	D:\Program Files\Android\Android Studio\jre\bin\management.dll
0x00007ffb3f400000 - 0x00007ffb3f40c000 	D:\Program Files\Android\Android Studio\jre\bin\management_ext.dll
0x00007ffb45d80000 - 0x00007ffb45d98000 	C:\Windows\SYSTEM32\CRYPTSP.dll
0x00007ffb454a0000 - 0x00007ffb454d4000 	C:\Windows\system32\rsaenh.dll
0x00007ffb465d0000 - 0x00007ffb465f7000 	C:\Windows\System32\bcrypt.dll
0x00007ffb462a0000 - 0x00007ffb462ce000 	C:\Windows\SYSTEM32\USERENV.dll
0x00007ffb45da0000 - 0x00007ffb45dac000 	C:\Windows\SYSTEM32\CRYPTBASE.dll
0x00007ffb45830000 - 0x00007ffb4586b000 	C:\Windows\SYSTEM32\IPHLPAPI.DLL
0x00007ffb476c0000 - 0x00007ffb476c8000 	C:\Windows\System32\NSI.dll
0x00007ffb3c3d0000 - 0x00007ffb3c3e7000 	C:\Windows\SYSTEM32\dhcpcsvc6.DLL
0x00007ffb3c3b0000 - 0x00007ffb3c3cd000 	C:\Windows\SYSTEM32\dhcpcsvc.DLL
0x00007ffb458c0000 - 0x00007ffb4598b000 	C:\Windows\SYSTEM32\DNSAPI.dll
0x00007ffb22210000 - 0x00007ffb22237000 	D:\Program Files\Android\Android Studio\jre\bin\sunec.dll

dbghelp: loaded successfully - version: 4.0.5 - missing functions: none
symbol engine: initialized successfully - sym options: 0x614 - pdb path: .;D:\Program Files\Android\Android Studio\jre\bin;C:\Windows\SYSTEM32;C:\Windows\WinSxS\amd64_microsoft.windows.common-controls_6595b64144ccf1df_6.0.19041.1110_none_60b5254171f9507e;D:\Program Files\Android\Android Studio\jre\bin\server;C:\Users\z'z\.gradle\native\8bec1ad78214c89d9ad589b4d07fe93259594b29d510b10fafb7a158f7737e5d\windows-amd64;C:\Users\z'z\.gradle\native\53dbd7edfb1c66fb8903c78663c9afc45aea4f116125fa6feffd364cf09443e8\windows-amd64

VM Arguments:
jvm_args: --add-opens=java.base/java.util=ALL-UNNAMED --add-opens=java.base/java.lang=ALL-UNNAMED --add-opens=java.base/java.lang.invoke=ALL-UNNAMED --add-opens=java.base/java.util=ALL-UNNAMED --add-opens=java.prefs/java.util.prefs=ALL-UNNAMED --add-opens=java.prefs/java.util.prefs=ALL-UNNAMED --add-opens=java.base/java.nio.charset=ALL-UNNAMED --add-opens=java.base/java.net=ALL-UNNAMED --add-opens=java.base/java.util.concurrent.atomic=ALL-UNNAMED -Xmx2048m -Dfile.encoding=UTF-8 -Duser.country=CN -Duser.language=zh -Duser.variant 
java_command: org.gradle.launcher.daemon.bootstrap.GradleDaemon 7.0.2
java_class_path (initial): C:\Users\z'z\.gradle\wrapper\dists\gradle-7.0.2-bin\857tjihv64xamwrf0h14cai3r\gradle-7.0.2\lib\gradle-launcher-7.0.2.jar
Launcher Type: SUN_STANDARD

[Global flags]
     intx CICompilerCount                          = 4                                         {product} {ergonomic}
     uint ConcGCThreads                            = 2                                         {product} {ergonomic}
     uint G1ConcRefinementThreads                  = 8                                         {product} {ergonomic}
   size_t G1HeapRegionSize                         = 1048576                                   {product} {ergonomic}
    uintx GCDrainStackTargetSize                   = 64                                        {product} {ergonomic}
   size_t InitialHeapSize                          = 266338304                                 {product} {ergonomic}
   size_t MarkStackSize                            = 4194304                                   {product} {ergonomic}
   size_t MaxHeapSize                              = 2147483648                                {product} {command line}
   size_t MaxNewSize                               = 1287651328                                {product} {ergonomic}
   size_t MinHeapDeltaBytes                        = 1048576                                   {product} {ergonomic}
    uintx NonNMethodCodeHeapSize                   = 5836300                                {pd product} {ergonomic}
    uintx NonProfiledCodeHeapSize                  = 122910970                              {pd product} {ergonomic}
    uintx ProfiledCodeHeapSize                     = 122910970                              {pd product} {ergonomic}
    uintx ReservedCodeCacheSize                    = 251658240                              {pd product} {ergonomic}
     bool SegmentedCodeCache                       = true                                      {product} {ergonomic}
     bool UseCompressedClassPointers               = true                                 {lp64_product} {ergonomic}
     bool UseCompressedOops                        = true                                 {lp64_product} {ergonomic}
     bool UseG1GC                                  = true                                      {product} {ergonomic}
     bool UseLargePagesIndividualAllocation        = false                                  {pd product} {ergonomic}

Logging:
Log output configuration:
 #0: stdout all=warning uptime,level,tags
 #1: stderr all=off uptime,level,tags

Environment Variables:
JAVA_HOME=D:\Program Files\Java\jdk1.8.0_131
PATH=C:\ProgramData\Oracle\Java\javapath;C:\Windows\system32;C:\Windows;C:\Windows\System32\Wbem;C:\Windows\System32\WindowsPowerShell\v1.0\;C:\Windows\System32\OpenSSH\;d:\Program Files\Git\cmd;D:\Program Files\Android\Sdk\platform-tools;D:\Program Files\nodejs\;C:\Users\z'z\AppData\Local\Microsoft\WindowsApps;D:\Program Files\Java\jdk1.8.0_131\bin;C:\Users\z'z\AppData\Roaming\npm
USERNAME=z'z
OS=Windows_NT
PROCESSOR_IDENTIFIER=Intel64 Family 6 Model 140 Stepping 2, GenuineIntel



---------------  S Y S T E M  ---------------

OS: Windows 10 , 64 bit Build 19041 (10.0.19041.1503)
OS uptime: 25 days 22:36 hours

CPU:total 8 (initial active 8) (4 cores per cpu, 2 threads per core) family 6 model 140 stepping 2 microcode 0x16, cmov, cx8, fxsr, mmx, sse, sse2, sse3, ssse3, sse4.1, sse4.2, popcnt, avx, avx2, aes, clmul, erms, 3dnowpref, lzcnt, ht, tsc, tscinvbit, bmi1, bmi2, adx, evex, sha, fma

Memory: 4k page, system-wide physical 16167M (1912M free)
TotalPageFile size 34917M (AvailPageFile size 20M)
current process WorkingSet (physical memory assigned to process): 630M, peak: 635M
current process commit charge ("private bytes"): 726M, peak: 853M

vm_info: OpenJDK 64-Bit Server VM (11.0.10+0-b96-7249189) for windows-amd64 JRE (11.0.10+0-b96-7249189), built on Mar 31 2021 21:44:00 by "builder" with MS VC++ 14.0 (VS2015)

END.
